<?xml version="1.0" encoding="utf-8" standalone="no"?>
<test-run id="2" testcasecount="342" result="Passed" total="342" passed="342" failed="0" inconclusive="0" skipped="0" asserts="4797" engine-version="3.8.0.0" clr-version="4.0.30319.42000" start-time="2018-04-17 21:21:42Z" end-time="2018-04-17 21:21:49Z" duration="6.234933">
  <command-line><![CDATA["Z:\Projects\dataprocessor_play\packages\NUnit.ConsoleRunner.3.8.0\tools\nunit3-console.exe" -domain=single dataprocessor.tests\bin\Release\dataprocessor.tests.dll]]></command-line>
  <test-suite type="Assembly" id="0-1351" name="dataprocessor.tests.dll" fullname="Z:\Projects\dataprocessor_play\dataprocessor.tests\bin\Release\dataprocessor.tests.dll" runstate="Runnable" testcasecount="342" result="Passed" start-time="2018-04-17 21:21:46Z" end-time="2018-04-17 21:21:49Z" duration="2.871963" total="342" passed="342" failed="0" warnings="0" inconclusive="0" skipped="0" asserts="4797">
    <environment framework-version="3.9.0.0" clr-version="4.0.30319.42000" os-version="Microsoft Windows NT 10.0.16299.0" platform="Win32NT" cwd="Z:\Projects\dataprocessor_play" machine-name="DESKTOP-5CTSLKC" user="Daniel Crowe" user-domain="DESKTOP-5CTSLKC" culture="en-AU" uiculture="en-US" os-architecture="x64" />
    <settings>
      <setting name="DomainUsage" value="Single" />
      <setting name="DisposeRunners" value="True" />
      <setting name="WorkDirectory" value="Z:\Projects\dataprocessor_play" />
      <setting name="ImageRuntimeVersion" value="4.0.30319" />
      <setting name="ImageTargetFrameworkName" value=".NETFramework,Version=v4.6.1" />
      <setting name="ImageRequiresX86" value="False" />
      <setting name="ImageRequiresDefaultAppDomainAssemblyResolver" value="False" />
      <setting name="NumberOfTestWorkers" value="2" />
    </settings>
    <properties>
      <property name="_PID" value="5788" />
      <property name="_APPDOMAIN" value="domain-" />
    </properties>
    <test-suite type="TestSuite" id="0-1352" name="dataprocessor" fullname="dataprocessor" runstate="Runnable" testcasecount="342" result="Passed" start-time="2018-04-17 21:21:46Z" end-time="2018-04-17 21:21:49Z" duration="2.844653" total="342" passed="342" failed="0" warnings="0" inconclusive="0" skipped="0" asserts="4797">
      <test-suite type="TestSuite" id="0-1353" name="tests" fullname="dataprocessor.tests" runstate="Runnable" testcasecount="342" result="Passed" start-time="2018-04-17 21:21:46Z" end-time="2018-04-17 21:21:49Z" duration="2.843568" total="342" passed="342" failed="0" warnings="0" inconclusive="0" skipped="0" asserts="4797">
        <test-suite type="TestFixture" id="0-1017" name="Actual_DynamicMethod" fullname="dataprocessor.tests.Actual_DynamicMethod" classname="dataprocessor.tests.Actual_DynamicMethod" runstate="Runnable" testcasecount="16" result="Passed" start-time="2018-04-17 21:21:46Z" end-time="2018-04-17 21:21:47Z" duration="0.855381" total="16" passed="16" failed="0" warnings="0" inconclusive="0" skipped="0" asserts="48">
          <test-case id="0-1018" name="AddInput_ArgChecks" fullname="dataprocessor.tests.Actual_DynamicMethod.AddInput_ArgChecks" methodname="AddInput_ArgChecks" classname="dataprocessor.tests.VerifyAPI" runstate="Runnable" seed="1424965051" result="Passed" start-time="2018-04-17 21:21:46Z" end-time="2018-04-17 21:21:46Z" duration="0.504398" asserts="5" />
          <test-case id="0-1019" name="AddListener_ArgChecks" fullname="dataprocessor.tests.Actual_DynamicMethod.AddListener_ArgChecks" methodname="AddListener_ArgChecks" classname="dataprocessor.tests.VerifyAPI" runstate="Runnable" seed="305452076" result="Passed" start-time="2018-04-17 21:21:46Z" end-time="2018-04-17 21:21:46Z" duration="0.028018" asserts="5" />
          <test-case id="0-1033" name="GetAllNames" fullname="dataprocessor.tests.Actual_DynamicMethod.GetAllNames" methodname="GetAllNames" classname="dataprocessor.tests.VerifyAPI" runstate="Runnable" seed="46256526" result="Passed" start-time="2018-04-17 21:21:46Z" end-time="2018-04-17 21:21:46Z" duration="0.031295" asserts="2" />
          <test-case id="0-1032" name="GetName" fullname="dataprocessor.tests.Actual_DynamicMethod.GetName" methodname="GetName" classname="dataprocessor.tests.VerifyAPI" runstate="Runnable" seed="410968177" result="Passed" start-time="2018-04-17 21:21:46Z" end-time="2018-04-17 21:21:46Z" duration="0.004833" asserts="3" />
          <test-case id="0-1022" name="OneIn_DifferentOut" fullname="dataprocessor.tests.Actual_DynamicMethod.OneIn_DifferentOut" methodname="OneIn_DifferentOut" classname="dataprocessor.tests.VerifyAPI" runstate="Runnable" seed="1613703267" result="Passed" start-time="2018-04-17 21:21:46Z" end-time="2018-04-17 21:21:46Z" duration="0.100050" asserts="2" />
          <test-case id="0-1020" name="OneIn_OneOut" fullname="dataprocessor.tests.Actual_DynamicMethod.OneIn_OneOut" methodname="OneIn_OneOut" classname="dataprocessor.tests.VerifyAPI" runstate="Runnable" seed="2083162685" result="Passed" start-time="2018-04-17 21:21:46Z" end-time="2018-04-17 21:21:46Z" duration="0.040527" asserts="2" />
          <test-case id="0-1023" name="OneIn_TwoOut" fullname="dataprocessor.tests.Actual_DynamicMethod.OneIn_TwoOut" methodname="OneIn_TwoOut" classname="dataprocessor.tests.VerifyAPI" runstate="Runnable" seed="560378992" result="Passed" start-time="2018-04-17 21:21:46Z" end-time="2018-04-17 21:21:46Z" duration="0.010000" asserts="4" />
          <test-case id="0-1024" name="OneIn_ZeroOut" fullname="dataprocessor.tests.Actual_DynamicMethod.OneIn_ZeroOut" methodname="OneIn_ZeroOut" classname="dataprocessor.tests.VerifyAPI" runstate="Runnable" seed="88045794" result="Passed" start-time="2018-04-17 21:21:46Z" end-time="2018-04-17 21:21:46Z" duration="0.000646" asserts="0" />
          <test-case id="0-1027" name="Processor_Chained" fullname="dataprocessor.tests.Actual_DynamicMethod.Processor_Chained" methodname="Processor_Chained" classname="dataprocessor.tests.VerifyAPI" runstate="Runnable" seed="587485262" result="Passed" start-time="2018-04-17 21:21:46Z" end-time="2018-04-17 21:21:46Z" duration="0.024301" asserts="3" />
          <test-case id="0-1025" name="Processor_OneIn_OneOut" fullname="dataprocessor.tests.Actual_DynamicMethod.Processor_OneIn_OneOut" methodname="Processor_OneIn_OneOut" classname="dataprocessor.tests.VerifyAPI" runstate="Runnable" seed="140689276" result="Passed" start-time="2018-04-17 21:21:46Z" end-time="2018-04-17 21:21:46Z" duration="0.001782" asserts="2" />
          <test-case id="0-1029" name="Processor_Optional" fullname="dataprocessor.tests.Actual_DynamicMethod.Processor_Optional" methodname="Processor_Optional" classname="dataprocessor.tests.VerifyAPI" runstate="Runnable" seed="278944917" result="Passed" start-time="2018-04-17 21:21:46Z" end-time="2018-04-17 21:21:46Z" duration="0.025901" asserts="4" />
          <test-case id="0-1031" name="Processor_Optional_Chained" fullname="dataprocessor.tests.Actual_DynamicMethod.Processor_Optional_Chained" methodname="Processor_Optional_Chained" classname="dataprocessor.tests.VerifyAPI" runstate="Runnable" seed="2022130922" result="Passed" start-time="2018-04-17 21:21:46Z" end-time="2018-04-17 21:21:46Z" duration="0.012100" asserts="4" />
          <test-case id="0-1030" name="Processor_Optional_Two" fullname="dataprocessor.tests.Actual_DynamicMethod.Processor_Optional_Two" methodname="Processor_Optional_Two" classname="dataprocessor.tests.VerifyAPI" runstate="Runnable" seed="546000570" result="Passed" start-time="2018-04-17 21:21:46Z" end-time="2018-04-17 21:21:47Z" duration="0.037713" asserts="4" />
          <test-case id="0-1028" name="Processor_TwoIn_Chained" fullname="dataprocessor.tests.Actual_DynamicMethod.Processor_TwoIn_Chained" methodname="Processor_TwoIn_Chained" classname="dataprocessor.tests.VerifyAPI" runstate="Runnable" seed="1603181543" result="Passed" start-time="2018-04-17 21:21:47Z" end-time="2018-04-17 21:21:47Z" duration="0.004341" asserts="2" />
          <test-case id="0-1026" name="Processor_TwoIn_OneOut_SeparatePackets" fullname="dataprocessor.tests.Actual_DynamicMethod.Processor_TwoIn_OneOut_SeparatePackets" methodname="Processor_TwoIn_OneOut_SeparatePackets" classname="dataprocessor.tests.VerifyAPI" runstate="Runnable" seed="1536965203" result="Passed" start-time="2018-04-17 21:21:47Z" end-time="2018-04-17 21:21:47Z" duration="0.003151" asserts="4" />
          <test-case id="0-1021" name="TwoIn_OneOut" fullname="dataprocessor.tests.Actual_DynamicMethod.TwoIn_OneOut" methodname="TwoIn_OneOut" classname="dataprocessor.tests.VerifyAPI" runstate="Runnable" seed="760585562" result="Passed" start-time="2018-04-17 21:21:47Z" end-time="2018-04-17 21:21:47Z" duration="0.006244" asserts="2" />
        </test-suite>
        <test-suite type="TestFixture" id="0-1034" name="Actual_MethodBuilder" fullname="dataprocessor.tests.Actual_MethodBuilder" classname="dataprocessor.tests.Actual_MethodBuilder" runstate="Runnable" testcasecount="16" result="Passed" start-time="2018-04-17 21:21:47Z" end-time="2018-04-17 21:21:47Z" duration="0.122756" total="16" passed="16" failed="0" warnings="0" inconclusive="0" skipped="0" asserts="48">
          <test-case id="0-1035" name="AddInput_ArgChecks" fullname="dataprocessor.tests.Actual_MethodBuilder.AddInput_ArgChecks" methodname="AddInput_ArgChecks" classname="dataprocessor.tests.VerifyAPI" runstate="Runnable" seed="1745078086" result="Passed" start-time="2018-04-17 21:21:47Z" end-time="2018-04-17 21:21:47Z" duration="0.009593" asserts="5" />
          <test-case id="0-1036" name="AddListener_ArgChecks" fullname="dataprocessor.tests.Actual_MethodBuilder.AddListener_ArgChecks" methodname="AddListener_ArgChecks" classname="dataprocessor.tests.VerifyAPI" runstate="Runnable" seed="1251326041" result="Passed" start-time="2018-04-17 21:21:47Z" end-time="2018-04-17 21:21:47Z" duration="0.002055" asserts="5" />
          <test-case id="0-1050" name="GetAllNames" fullname="dataprocessor.tests.Actual_MethodBuilder.GetAllNames" methodname="GetAllNames" classname="dataprocessor.tests.VerifyAPI" runstate="Runnable" seed="1592123324" result="Passed" start-time="2018-04-17 21:21:47Z" end-time="2018-04-17 21:21:47Z" duration="0.001680" asserts="2" />
          <test-case id="0-1049" name="GetName" fullname="dataprocessor.tests.Actual_MethodBuilder.GetName" methodname="GetName" classname="dataprocessor.tests.VerifyAPI" runstate="Runnable" seed="1154756940" result="Passed" start-time="2018-04-17 21:21:47Z" end-time="2018-04-17 21:21:47Z" duration="0.005187" asserts="3" />
          <test-case id="0-1039" name="OneIn_DifferentOut" fullname="dataprocessor.tests.Actual_MethodBuilder.OneIn_DifferentOut" methodname="OneIn_DifferentOut" classname="dataprocessor.tests.VerifyAPI" runstate="Runnable" seed="1519542437" result="Passed" start-time="2018-04-17 21:21:47Z" end-time="2018-04-17 21:21:47Z" duration="0.039152" asserts="2" />
          <test-case id="0-1037" name="OneIn_OneOut" fullname="dataprocessor.tests.Actual_MethodBuilder.OneIn_OneOut" methodname="OneIn_OneOut" classname="dataprocessor.tests.VerifyAPI" runstate="Runnable" seed="64929024" result="Passed" start-time="2018-04-17 21:21:47Z" end-time="2018-04-17 21:21:47Z" duration="0.015505" asserts="2" />
          <test-case id="0-1040" name="OneIn_TwoOut" fullname="dataprocessor.tests.Actual_MethodBuilder.OneIn_TwoOut" methodname="OneIn_TwoOut" classname="dataprocessor.tests.VerifyAPI" runstate="Runnable" seed="695847448" result="Passed" start-time="2018-04-17 21:21:47Z" end-time="2018-04-17 21:21:47Z" duration="0.002451" asserts="4" />
          <test-case id="0-1041" name="OneIn_ZeroOut" fullname="dataprocessor.tests.Actual_MethodBuilder.OneIn_ZeroOut" methodname="OneIn_ZeroOut" classname="dataprocessor.tests.VerifyAPI" runstate="Runnable" seed="1866457715" result="Passed" start-time="2018-04-17 21:21:47Z" end-time="2018-04-17 21:21:47Z" duration="0.001556" asserts="0" />
          <test-case id="0-1044" name="Processor_Chained" fullname="dataprocessor.tests.Actual_MethodBuilder.Processor_Chained" methodname="Processor_Chained" classname="dataprocessor.tests.VerifyAPI" runstate="Runnable" seed="780405624" result="Passed" start-time="2018-04-17 21:21:47Z" end-time="2018-04-17 21:21:47Z" duration="0.009450" asserts="3" />
          <test-case id="0-1042" name="Processor_OneIn_OneOut" fullname="dataprocessor.tests.Actual_MethodBuilder.Processor_OneIn_OneOut" methodname="Processor_OneIn_OneOut" classname="dataprocessor.tests.VerifyAPI" runstate="Runnable" seed="272342223" result="Passed" start-time="2018-04-17 21:21:47Z" end-time="2018-04-17 21:21:47Z" duration="0.004021" asserts="2" />
          <test-case id="0-1046" name="Processor_Optional" fullname="dataprocessor.tests.Actual_MethodBuilder.Processor_Optional" methodname="Processor_Optional" classname="dataprocessor.tests.VerifyAPI" runstate="Runnable" seed="1731093797" result="Passed" start-time="2018-04-17 21:21:47Z" end-time="2018-04-17 21:21:47Z" duration="0.009067" asserts="4" />
          <test-case id="0-1048" name="Processor_Optional_Chained" fullname="dataprocessor.tests.Actual_MethodBuilder.Processor_Optional_Chained" methodname="Processor_Optional_Chained" classname="dataprocessor.tests.VerifyAPI" runstate="Runnable" seed="648139456" result="Passed" start-time="2018-04-17 21:21:47Z" end-time="2018-04-17 21:21:47Z" duration="0.003019" asserts="4" />
          <test-case id="0-1047" name="Processor_Optional_Two" fullname="dataprocessor.tests.Actual_MethodBuilder.Processor_Optional_Two" methodname="Processor_Optional_Two" classname="dataprocessor.tests.VerifyAPI" runstate="Runnable" seed="1106808034" result="Passed" start-time="2018-04-17 21:21:47Z" end-time="2018-04-17 21:21:47Z" duration="0.004590" asserts="4" />
          <test-case id="0-1045" name="Processor_TwoIn_Chained" fullname="dataprocessor.tests.Actual_MethodBuilder.Processor_TwoIn_Chained" methodname="Processor_TwoIn_Chained" classname="dataprocessor.tests.VerifyAPI" runstate="Runnable" seed="1163598307" result="Passed" start-time="2018-04-17 21:21:47Z" end-time="2018-04-17 21:21:47Z" duration="0.006354" asserts="2" />
          <test-case id="0-1043" name="Processor_TwoIn_OneOut_SeparatePackets" fullname="dataprocessor.tests.Actual_MethodBuilder.Processor_TwoIn_OneOut_SeparatePackets" methodname="Processor_TwoIn_OneOut_SeparatePackets" classname="dataprocessor.tests.VerifyAPI" runstate="Runnable" seed="390395138" result="Passed" start-time="2018-04-17 21:21:47Z" end-time="2018-04-17 21:21:47Z" duration="0.004227" asserts="4" />
          <test-case id="0-1038" name="TwoIn_OneOut" fullname="dataprocessor.tests.Actual_MethodBuilder.TwoIn_OneOut" methodname="TwoIn_OneOut" classname="dataprocessor.tests.VerifyAPI" runstate="Runnable" seed="442841406" result="Passed" start-time="2018-04-17 21:21:47Z" end-time="2018-04-17 21:21:47Z" duration="0.003568" asserts="2" />
        </test-suite>
        <test-suite type="TestFixture" id="0-1067" name="AddListenerOverloadTests" fullname="dataprocessor.tests.AddListenerOverloadTests" classname="dataprocessor.tests.AddListenerOverloadTests" runstate="Runnable" testcasecount="14" result="Passed" start-time="2018-04-17 21:21:47Z" end-time="2018-04-17 21:21:47Z" duration="0.064072" total="14" passed="14" failed="0" warnings="0" inconclusive="0" skipped="0" asserts="14">
          <test-case id="0-1068" name="AddListener1" fullname="dataprocessor.tests.AddListenerOverloadTests.AddListener1" methodname="AddListener1" classname="dataprocessor.tests.AddListenerOverloadTests" runstate="Runnable" seed="334319960" result="Passed" start-time="2018-04-17 21:21:47Z" end-time="2018-04-17 21:21:47Z" duration="0.011694" asserts="1" />
          <test-case id="0-1070" name="AddListener2" fullname="dataprocessor.tests.AddListenerOverloadTests.AddListener2" methodname="AddListener2" classname="dataprocessor.tests.AddListenerOverloadTests" runstate="Runnable" seed="366702887" result="Passed" start-time="2018-04-17 21:21:47Z" end-time="2018-04-17 21:21:47Z" duration="0.004138" asserts="1" />
          <test-case id="0-1072" name="AddListener3" fullname="dataprocessor.tests.AddListenerOverloadTests.AddListener3" methodname="AddListener3" classname="dataprocessor.tests.AddListenerOverloadTests" runstate="Runnable" seed="238620726" result="Passed" start-time="2018-04-17 21:21:47Z" end-time="2018-04-17 21:21:47Z" duration="0.004488" asserts="1" />
          <test-case id="0-1074" name="AddListener4" fullname="dataprocessor.tests.AddListenerOverloadTests.AddListener4" methodname="AddListener4" classname="dataprocessor.tests.AddListenerOverloadTests" runstate="Runnable" seed="542887362" result="Passed" start-time="2018-04-17 21:21:47Z" end-time="2018-04-17 21:21:47Z" duration="0.004622" asserts="1" />
          <test-case id="0-1076" name="AddListener5" fullname="dataprocessor.tests.AddListenerOverloadTests.AddListener5" methodname="AddListener5" classname="dataprocessor.tests.AddListenerOverloadTests" runstate="Runnable" seed="49817919" result="Passed" start-time="2018-04-17 21:21:47Z" end-time="2018-04-17 21:21:47Z" duration="0.005069" asserts="1" />
          <test-case id="0-1078" name="AddListener6" fullname="dataprocessor.tests.AddListenerOverloadTests.AddListener6" methodname="AddListener6" classname="dataprocessor.tests.AddListenerOverloadTests" runstate="Runnable" seed="1787889593" result="Passed" start-time="2018-04-17 21:21:47Z" end-time="2018-04-17 21:21:47Z" duration="0.005520" asserts="1" />
          <test-case id="0-1080" name="AddListener7" fullname="dataprocessor.tests.AddListenerOverloadTests.AddListener7" methodname="AddListener7" classname="dataprocessor.tests.AddListenerOverloadTests" runstate="Runnable" seed="1239410465" result="Passed" start-time="2018-04-17 21:21:47Z" end-time="2018-04-17 21:21:47Z" duration="0.006808" asserts="1" />
          <test-case id="0-1069" name="AddListenerExpression1" fullname="dataprocessor.tests.AddListenerOverloadTests.AddListenerExpression1" methodname="AddListenerExpression1" classname="dataprocessor.tests.AddListenerOverloadTests" runstate="Runnable" seed="797720985" result="Passed" start-time="2018-04-17 21:21:47Z" end-time="2018-04-17 21:21:47Z" duration="0.006655" asserts="1" />
          <test-case id="0-1071" name="AddListenerExpression2" fullname="dataprocessor.tests.AddListenerOverloadTests.AddListenerExpression2" methodname="AddListenerExpression2" classname="dataprocessor.tests.AddListenerOverloadTests" runstate="Runnable" seed="1785474049" result="Passed" start-time="2018-04-17 21:21:47Z" end-time="2018-04-17 21:21:47Z" duration="0.001789" asserts="1" />
          <test-case id="0-1073" name="AddListenerExpression3" fullname="dataprocessor.tests.AddListenerOverloadTests.AddListenerExpression3" methodname="AddListenerExpression3" classname="dataprocessor.tests.AddListenerOverloadTests" runstate="Runnable" seed="65898211" result="Passed" start-time="2018-04-17 21:21:47Z" end-time="2018-04-17 21:21:47Z" duration="0.001741" asserts="1" />
          <test-case id="0-1075" name="AddListenerExpression4" fullname="dataprocessor.tests.AddListenerOverloadTests.AddListenerExpression4" methodname="AddListenerExpression4" classname="dataprocessor.tests.AddListenerOverloadTests" runstate="Runnable" seed="1414791650" result="Passed" start-time="2018-04-17 21:21:47Z" end-time="2018-04-17 21:21:47Z" duration="0.001844" asserts="1" />
          <test-case id="0-1077" name="AddListenerExpression5" fullname="dataprocessor.tests.AddListenerOverloadTests.AddListenerExpression5" methodname="AddListenerExpression5" classname="dataprocessor.tests.AddListenerOverloadTests" runstate="Runnable" seed="901598741" result="Passed" start-time="2018-04-17 21:21:47Z" end-time="2018-04-17 21:21:47Z" duration="0.001918" asserts="1" />
          <test-case id="0-1079" name="AddListenerExpression6" fullname="dataprocessor.tests.AddListenerOverloadTests.AddListenerExpression6" methodname="AddListenerExpression6" classname="dataprocessor.tests.AddListenerOverloadTests" runstate="Runnable" seed="622755403" result="Passed" start-time="2018-04-17 21:21:47Z" end-time="2018-04-17 21:21:47Z" duration="0.002937" asserts="1" />
          <test-case id="0-1081" name="AddListenerExpression7" fullname="dataprocessor.tests.AddListenerOverloadTests.AddListenerExpression7" methodname="AddListenerExpression7" classname="dataprocessor.tests.AddListenerOverloadTests" runstate="Runnable" seed="771009263" result="Passed" start-time="2018-04-17 21:21:47Z" end-time="2018-04-17 21:21:47Z" duration="0.002370" asserts="1" />
        </test-suite>
        <test-suite type="TestFixture" id="0-1082" name="AddProcessorOverloadTests" fullname="dataprocessor.tests.AddProcessorOverloadTests" classname="dataprocessor.tests.AddProcessorOverloadTests" runstate="Runnable" testcasecount="14" result="Passed" start-time="2018-04-17 21:21:47Z" end-time="2018-04-17 21:21:47Z" duration="0.057720" total="14" passed="14" failed="0" warnings="0" inconclusive="0" skipped="0" asserts="14">
          <test-case id="0-1083" name="AddProcessor1" fullname="dataprocessor.tests.AddProcessorOverloadTests.AddProcessor1" methodname="AddProcessor1" classname="dataprocessor.tests.AddProcessorOverloadTests" runstate="Runnable" seed="1122939416" result="Passed" start-time="2018-04-17 21:21:47Z" end-time="2018-04-17 21:21:47Z" duration="0.002687" asserts="1" />
          <test-case id="0-1085" name="AddProcessor2" fullname="dataprocessor.tests.AddProcessorOverloadTests.AddProcessor2" methodname="AddProcessor2" classname="dataprocessor.tests.AddProcessorOverloadTests" runstate="Runnable" seed="987257197" result="Passed" start-time="2018-04-17 21:21:47Z" end-time="2018-04-17 21:21:47Z" duration="0.001935" asserts="1" />
          <test-case id="0-1087" name="AddProcessor3" fullname="dataprocessor.tests.AddProcessorOverloadTests.AddProcessor3" methodname="AddProcessor3" classname="dataprocessor.tests.AddProcessorOverloadTests" runstate="Runnable" seed="257938149" result="Passed" start-time="2018-04-17 21:21:47Z" end-time="2018-04-17 21:21:47Z" duration="0.007081" asserts="1" />
          <test-case id="0-1089" name="AddProcessor4" fullname="dataprocessor.tests.AddProcessorOverloadTests.AddProcessor4" methodname="AddProcessor4" classname="dataprocessor.tests.AddProcessorOverloadTests" runstate="Runnable" seed="294667946" result="Passed" start-time="2018-04-17 21:21:47Z" end-time="2018-04-17 21:21:47Z" duration="0.005320" asserts="1" />
          <test-case id="0-1091" name="AddProcessor5" fullname="dataprocessor.tests.AddProcessorOverloadTests.AddProcessor5" methodname="AddProcessor5" classname="dataprocessor.tests.AddProcessorOverloadTests" runstate="Runnable" seed="1551305692" result="Passed" start-time="2018-04-17 21:21:47Z" end-time="2018-04-17 21:21:47Z" duration="0.006533" asserts="1" />
          <test-case id="0-1093" name="AddProcessor6" fullname="dataprocessor.tests.AddProcessorOverloadTests.AddProcessor6" methodname="AddProcessor6" classname="dataprocessor.tests.AddProcessorOverloadTests" runstate="Runnable" seed="2064512664" result="Passed" start-time="2018-04-17 21:21:47Z" end-time="2018-04-17 21:21:47Z" duration="0.008106" asserts="1" />
          <test-case id="0-1095" name="AddProcessor7" fullname="dataprocessor.tests.AddProcessorOverloadTests.AddProcessor7" methodname="AddProcessor7" classname="dataprocessor.tests.AddProcessorOverloadTests" runstate="Runnable" seed="1414572179" result="Passed" start-time="2018-04-17 21:21:47Z" end-time="2018-04-17 21:21:47Z" duration="0.007237" asserts="1" />
          <test-case id="0-1084" name="AddProcessorExpression1" fullname="dataprocessor.tests.AddProcessorOverloadTests.AddProcessorExpression1" methodname="AddProcessorExpression1" classname="dataprocessor.tests.AddProcessorOverloadTests" runstate="Runnable" seed="427065414" result="Passed" start-time="2018-04-17 21:21:47Z" end-time="2018-04-17 21:21:47Z" duration="0.001939" asserts="1" />
          <test-case id="0-1086" name="AddProcessorExpression2" fullname="dataprocessor.tests.AddProcessorOverloadTests.AddProcessorExpression2" methodname="AddProcessorExpression2" classname="dataprocessor.tests.AddProcessorOverloadTests" runstate="Runnable" seed="868007932" result="Passed" start-time="2018-04-17 21:21:47Z" end-time="2018-04-17 21:21:47Z" duration="0.002251" asserts="1" />
          <test-case id="0-1088" name="AddProcessorExpression3" fullname="dataprocessor.tests.AddProcessorOverloadTests.AddProcessorExpression3" methodname="AddProcessorExpression3" classname="dataprocessor.tests.AddProcessorOverloadTests" runstate="Runnable" seed="55241055" result="Passed" start-time="2018-04-17 21:21:47Z" end-time="2018-04-17 21:21:47Z" duration="0.002177" asserts="1" />
          <test-case id="0-1090" name="AddProcessorExpression4" fullname="dataprocessor.tests.AddProcessorOverloadTests.AddProcessorExpression4" methodname="AddProcessorExpression4" classname="dataprocessor.tests.AddProcessorOverloadTests" runstate="Runnable" seed="1814150914" result="Passed" start-time="2018-04-17 21:21:47Z" end-time="2018-04-17 21:21:47Z" duration="0.003528" asserts="1" />
          <test-case id="0-1092" name="AddProcessorExpression5" fullname="dataprocessor.tests.AddProcessorOverloadTests.AddProcessorExpression5" methodname="AddProcessorExpression5" classname="dataprocessor.tests.AddProcessorOverloadTests" runstate="Runnable" seed="888658597" result="Passed" start-time="2018-04-17 21:21:47Z" end-time="2018-04-17 21:21:47Z" duration="0.002771" asserts="1" />
          <test-case id="0-1094" name="AddProcessorExpression6" fullname="dataprocessor.tests.AddProcessorOverloadTests.AddProcessorExpression6" methodname="AddProcessorExpression6" classname="dataprocessor.tests.AddProcessorOverloadTests" runstate="Runnable" seed="1980161276" result="Passed" start-time="2018-04-17 21:21:47Z" end-time="2018-04-17 21:21:47Z" duration="0.002685" asserts="1" />
          <test-case id="0-1096" name="AddProcessorExpression7" fullname="dataprocessor.tests.AddProcessorOverloadTests.AddProcessorExpression7" methodname="AddProcessorExpression7" classname="dataprocessor.tests.AddProcessorOverloadTests" runstate="Runnable" seed="1037675879" result="Passed" start-time="2018-04-17 21:21:47Z" end-time="2018-04-17 21:21:47Z" duration="0.002757" asserts="1" />
        </test-suite>
        <test-suite type="TestFixture" id="0-1051" name="Expressions" fullname="dataprocessor.tests.Expressions" classname="dataprocessor.tests.Expressions" runstate="Runnable" testcasecount="5" result="Passed" start-time="2018-04-17 21:21:47Z" end-time="2018-04-17 21:21:47Z" duration="0.021473" total="5" passed="5" failed="0" warnings="0" inconclusive="0" skipped="0" asserts="5">
          <test-case id="0-1056" name="ImproveDelegateInvocation_Mixed_Double" fullname="dataprocessor.tests.Expressions.ImproveDelegateInvocation_Mixed_Double" methodname="ImproveDelegateInvocation_Mixed_Double" classname="dataprocessor.tests.Expressions" runstate="Runnable" seed="391352761" result="Passed" start-time="2018-04-17 21:21:47Z" end-time="2018-04-17 21:21:47Z" duration="0.014309" asserts="1">
            <output><![CDATA[.Lambda #Lambda1<System.Func`1[System.Int32]>() {
    .Block(System.Int32 $var1) {
        $var1 = 1;
        .Call dataprocessor.tests.Expressions.StaticDelegate($var1);
        .Call .Constant<dataprocessor.tests.Expressions>(dataprocessor.tests.Expressions).InstanceDelegate($var1)
    }
}
]]></output>
          </test-case>
          <test-case id="0-1055" name="ImproveDelegateInvocation_Static_Single" fullname="dataprocessor.tests.Expressions.ImproveDelegateInvocation_Static_Single" methodname="ImproveDelegateInvocation_Static_Single" classname="dataprocessor.tests.Expressions" runstate="Runnable" seed="103064516" result="Passed" start-time="2018-04-17 21:21:47Z" end-time="2018-04-17 21:21:47Z" duration="0.000560" asserts="1">
            <output><![CDATA[.Lambda #Lambda1<System.Func`1[System.Int32]>() {
    .Call dataprocessor.tests.Expressions.StaticDelegate(1)
}
]]></output>
          </test-case>
          <test-case id="0-1053" name="InlineLambdas_Double" fullname="dataprocessor.tests.Expressions.InlineLambdas_Double" methodname="InlineLambdas_Double" classname="dataprocessor.tests.Expressions" runstate="Runnable" seed="319364528" result="Passed" start-time="2018-04-17 21:21:47Z" end-time="2018-04-17 21:21:47Z" duration="0.004288" asserts="1">
            <output><![CDATA[In: .Lambda #Lambda1<System.Func`2[System.Int32,System.Int32]>(System.Int32 $p) {
    .Invoke (.Lambda #Lambda2<System.Func`2[System.Int32,System.Int32]>)($p)
}

.Lambda #Lambda2<System.Func`2[System.Int32,System.Int32]>(System.Int32 $a) {
    .Invoke (.Lambda #Lambda3<System.Func`2[System.Int32,System.Int32]>)($a)
}

.Lambda #Lambda3<System.Func`2[System.Int32,System.Int32]>(System.Int32 $b) {
    $b + $b
}
Actual: .Lambda #Lambda1<System.Func`2[System.Int32,System.Int32]>(System.Int32 $p) {
    $p + $p
}
]]></output>
          </test-case>
          <test-case id="0-1054" name="InlineLambdas_Five" fullname="dataprocessor.tests.Expressions.InlineLambdas_Five" methodname="InlineLambdas_Five" classname="dataprocessor.tests.Expressions" runstate="Runnable" seed="763374284" result="Passed" start-time="2018-04-17 21:21:47Z" end-time="2018-04-17 21:21:47Z" duration="0.001185" asserts="1">
            <output><![CDATA[In: .Lambda #Lambda1<System.Func`2[System.Int32,System.Int32]>(System.Int32 $p) {
    .Invoke (.Lambda #Lambda2<System.Func`2[System.Int32,System.Int32]>)($p)
}

.Lambda #Lambda2<System.Func`2[System.Int32,System.Int32]>(System.Int32 $a) {
    .Invoke (.Lambda #Lambda3<System.Func`2[System.Int32,System.Int32]>)($a)
}

.Lambda #Lambda3<System.Func`2[System.Int32,System.Int32]>(System.Int32 $b) {
    .Invoke (.Lambda #Lambda4<System.Func`2[System.Int32,System.Int32]>)($b)
}

.Lambda #Lambda4<System.Func`2[System.Int32,System.Int32]>(System.Int32 $c) {
    .Invoke (.Lambda #Lambda5<System.Func`2[System.Int32,System.Int32]>)($c)
}

.Lambda #Lambda5<System.Func`2[System.Int32,System.Int32]>(System.Int32 $d) {
    .Invoke (.Lambda #Lambda6<System.Func`2[System.Int32,System.Int32]>)($d)
}

.Lambda #Lambda6<System.Func`2[System.Int32,System.Int32]>(System.Int32 $e) {
    $e + $e
}
Actual: .Lambda #Lambda1<System.Func`2[System.Int32,System.Int32]>(System.Int32 $p) {
    $p + $p
}
]]></output>
          </test-case>
          <test-case id="0-1052" name="InlineLambdas_Single" fullname="dataprocessor.tests.Expressions.InlineLambdas_Single" methodname="InlineLambdas_Single" classname="dataprocessor.tests.Expressions" runstate="Runnable" seed="773242336" result="Passed" start-time="2018-04-17 21:21:47Z" end-time="2018-04-17 21:21:47Z" duration="0.000741" asserts="1">
            <output><![CDATA[In: .Lambda #Lambda1<System.Func`2[System.Int32,System.Int32]>(System.Int32 $p) {
    .Invoke (.Lambda #Lambda2<System.Func`2[System.Int32,System.Int32]>)($p)
}

.Lambda #Lambda2<System.Func`2[System.Int32,System.Int32]>(System.Int32 $a) {
    $a + $a
}
Actual: .Lambda #Lambda1<System.Func`2[System.Int32,System.Int32]>(System.Int32 $p) {
    $p + $p
}
]]></output>
          </test-case>
        </test-suite>
        <test-suite type="TestFixture" id="0-1000" name="Naive" fullname="dataprocessor.tests.Naive" classname="dataprocessor.tests.Naive" runstate="Runnable" testcasecount="16" result="Passed" start-time="2018-04-17 21:21:47Z" end-time="2018-04-17 21:21:47Z" duration="0.072031" total="16" passed="16" failed="0" warnings="0" inconclusive="0" skipped="0" asserts="48">
          <test-case id="0-1001" name="AddInput_ArgChecks" fullname="dataprocessor.tests.Naive.AddInput_ArgChecks" methodname="AddInput_ArgChecks" classname="dataprocessor.tests.VerifyAPI" runstate="Runnable" seed="1773060662" result="Passed" start-time="2018-04-17 21:21:47Z" end-time="2018-04-17 21:21:47Z" duration="0.008995" asserts="5" />
          <test-case id="0-1002" name="AddListener_ArgChecks" fullname="dataprocessor.tests.Naive.AddListener_ArgChecks" methodname="AddListener_ArgChecks" classname="dataprocessor.tests.VerifyAPI" runstate="Runnable" seed="268999968" result="Passed" start-time="2018-04-17 21:21:47Z" end-time="2018-04-17 21:21:47Z" duration="0.012137" asserts="5" />
          <test-case id="0-1016" name="GetAllNames" fullname="dataprocessor.tests.Naive.GetAllNames" methodname="GetAllNames" classname="dataprocessor.tests.VerifyAPI" runstate="Runnable" seed="458887929" result="Passed" start-time="2018-04-17 21:21:47Z" end-time="2018-04-17 21:21:47Z" duration="0.007713" asserts="2" />
          <test-case id="0-1015" name="GetName" fullname="dataprocessor.tests.Naive.GetName" methodname="GetName" classname="dataprocessor.tests.VerifyAPI" runstate="Runnable" seed="1333240664" result="Passed" start-time="2018-04-17 21:21:47Z" end-time="2018-04-17 21:21:47Z" duration="0.000920" asserts="3" />
          <test-case id="0-1005" name="OneIn_DifferentOut" fullname="dataprocessor.tests.Naive.OneIn_DifferentOut" methodname="OneIn_DifferentOut" classname="dataprocessor.tests.VerifyAPI" runstate="Runnable" seed="535632003" result="Passed" start-time="2018-04-17 21:21:47Z" end-time="2018-04-17 21:21:47Z" duration="0.006180" asserts="2" />
          <test-case id="0-1003" name="OneIn_OneOut" fullname="dataprocessor.tests.Naive.OneIn_OneOut" methodname="OneIn_OneOut" classname="dataprocessor.tests.VerifyAPI" runstate="Runnable" seed="318496862" result="Passed" start-time="2018-04-17 21:21:47Z" end-time="2018-04-17 21:21:47Z" duration="0.003179" asserts="2" />
          <test-case id="0-1006" name="OneIn_TwoOut" fullname="dataprocessor.tests.Naive.OneIn_TwoOut" methodname="OneIn_TwoOut" classname="dataprocessor.tests.VerifyAPI" runstate="Runnable" seed="198403620" result="Passed" start-time="2018-04-17 21:21:47Z" end-time="2018-04-17 21:21:47Z" duration="0.001059" asserts="4" />
          <test-case id="0-1007" name="OneIn_ZeroOut" fullname="dataprocessor.tests.Naive.OneIn_ZeroOut" methodname="OneIn_ZeroOut" classname="dataprocessor.tests.VerifyAPI" runstate="Runnable" seed="92302695" result="Passed" start-time="2018-04-17 21:21:47Z" end-time="2018-04-17 21:21:47Z" duration="0.000137" asserts="0" />
          <test-case id="0-1010" name="Processor_Chained" fullname="dataprocessor.tests.Naive.Processor_Chained" methodname="Processor_Chained" classname="dataprocessor.tests.VerifyAPI" runstate="Runnable" seed="2067295233" result="Passed" start-time="2018-04-17 21:21:47Z" end-time="2018-04-17 21:21:47Z" duration="0.013593" asserts="3" />
          <test-case id="0-1008" name="Processor_OneIn_OneOut" fullname="dataprocessor.tests.Naive.Processor_OneIn_OneOut" methodname="Processor_OneIn_OneOut" classname="dataprocessor.tests.VerifyAPI" runstate="Runnable" seed="1679711973" result="Passed" start-time="2018-04-17 21:21:47Z" end-time="2018-04-17 21:21:47Z" duration="0.001426" asserts="2" />
          <test-case id="0-1012" name="Processor_Optional" fullname="dataprocessor.tests.Naive.Processor_Optional" methodname="Processor_Optional" classname="dataprocessor.tests.VerifyAPI" runstate="Runnable" seed="810314342" result="Passed" start-time="2018-04-17 21:21:47Z" end-time="2018-04-17 21:21:47Z" duration="0.002838" asserts="4" />
          <test-case id="0-1014" name="Processor_Optional_Chained" fullname="dataprocessor.tests.Naive.Processor_Optional_Chained" methodname="Processor_Optional_Chained" classname="dataprocessor.tests.VerifyAPI" runstate="Runnable" seed="1715342326" result="Passed" start-time="2018-04-17 21:21:47Z" end-time="2018-04-17 21:21:47Z" duration="0.004149" asserts="4" />
          <test-case id="0-1013" name="Processor_Optional_Two" fullname="dataprocessor.tests.Naive.Processor_Optional_Two" methodname="Processor_Optional_Two" classname="dataprocessor.tests.VerifyAPI" runstate="Runnable" seed="876042133" result="Passed" start-time="2018-04-17 21:21:47Z" end-time="2018-04-17 21:21:47Z" duration="0.003000" asserts="4" />
          <test-case id="0-1011" name="Processor_TwoIn_Chained" fullname="dataprocessor.tests.Naive.Processor_TwoIn_Chained" methodname="Processor_TwoIn_Chained" classname="dataprocessor.tests.VerifyAPI" runstate="Runnable" seed="1699159943" result="Passed" start-time="2018-04-17 21:21:47Z" end-time="2018-04-17 21:21:47Z" duration="0.003253" asserts="2" />
          <test-case id="0-1009" name="Processor_TwoIn_OneOut_SeparatePackets" fullname="dataprocessor.tests.Naive.Processor_TwoIn_OneOut_SeparatePackets" methodname="Processor_TwoIn_OneOut_SeparatePackets" classname="dataprocessor.tests.VerifyAPI" runstate="Runnable" seed="1642413695" result="Passed" start-time="2018-04-17 21:21:47Z" end-time="2018-04-17 21:21:47Z" duration="0.001770" asserts="4" />
          <test-case id="0-1004" name="TwoIn_OneOut" fullname="dataprocessor.tests.Naive.TwoIn_OneOut" methodname="TwoIn_OneOut" classname="dataprocessor.tests.VerifyAPI" runstate="Runnable" seed="715575759" result="Passed" start-time="2018-04-17 21:21:47Z" end-time="2018-04-17 21:21:47Z" duration="0.000920" asserts="2" />
        </test-suite>
        <test-suite type="TestFixture" id="0-1097" name="NodeTests" fullname="dataprocessor.tests.NodeTests" classname="dataprocessor.tests.NodeTests" runstate="Runnable" testcasecount="253" result="Passed" start-time="2018-04-17 21:21:47Z" end-time="2018-04-17 21:21:48Z" duration="1.595593" total="253" passed="253" failed="0" warnings="0" inconclusive="0" skipped="0" asserts="4611">
          <test-case id="0-1223" name="GetTypeFor_Throws" fullname="dataprocessor.tests.NodeTests.GetTypeFor_Throws" methodname="GetTypeFor_Throws" classname="dataprocessor.tests.NodeTests" runstate="Runnable" seed="756868854" result="Passed" start-time="2018-04-17 21:21:47Z" end-time="2018-04-17 21:21:47Z" duration="0.013091" asserts="12" />
          <test-case id="0-1256" name="GetTypeFor10" fullname="dataprocessor.tests.NodeTests.GetTypeFor10" methodname="GetTypeFor10" classname="dataprocessor.tests.NodeTests" runstate="Runnable" seed="370373627" result="Passed" start-time="2018-04-17 21:21:47Z" end-time="2018-04-17 21:21:47Z" duration="0.001001" asserts="2" />
          <test-case id="0-1260" name="GetTypeFor11" fullname="dataprocessor.tests.NodeTests.GetTypeFor11" methodname="GetTypeFor11" classname="dataprocessor.tests.NodeTests" runstate="Runnable" seed="669857423" result="Passed" start-time="2018-04-17 21:21:47Z" end-time="2018-04-17 21:21:47Z" duration="0.001127" asserts="2" />
          <test-case id="0-1264" name="GetTypeFor12" fullname="dataprocessor.tests.NodeTests.GetTypeFor12" methodname="GetTypeFor12" classname="dataprocessor.tests.NodeTests" runstate="Runnable" seed="750664806" result="Passed" start-time="2018-04-17 21:21:47Z" end-time="2018-04-17 21:21:47Z" duration="0.001247" asserts="2" />
          <test-case id="0-1268" name="GetTypeFor13" fullname="dataprocessor.tests.NodeTests.GetTypeFor13" methodname="GetTypeFor13" classname="dataprocessor.tests.NodeTests" runstate="Runnable" seed="647616548" result="Passed" start-time="2018-04-17 21:21:47Z" end-time="2018-04-17 21:21:47Z" duration="0.001339" asserts="2" />
          <test-case id="0-1272" name="GetTypeFor14" fullname="dataprocessor.tests.NodeTests.GetTypeFor14" methodname="GetTypeFor14" classname="dataprocessor.tests.NodeTests" runstate="Runnable" seed="1409423909" result="Passed" start-time="2018-04-17 21:21:47Z" end-time="2018-04-17 21:21:47Z" duration="0.001971" asserts="2" />
          <test-case id="0-1276" name="GetTypeFor15" fullname="dataprocessor.tests.NodeTests.GetTypeFor15" methodname="GetTypeFor15" classname="dataprocessor.tests.NodeTests" runstate="Runnable" seed="975468448" result="Passed" start-time="2018-04-17 21:21:47Z" end-time="2018-04-17 21:21:47Z" duration="0.002463" asserts="2" />
          <test-case id="0-1280" name="GetTypeFor16" fullname="dataprocessor.tests.NodeTests.GetTypeFor16" methodname="GetTypeFor16" classname="dataprocessor.tests.NodeTests" runstate="Runnable" seed="1024096832" result="Passed" start-time="2018-04-17 21:21:47Z" end-time="2018-04-17 21:21:47Z" duration="0.001964" asserts="2" />
          <test-case id="0-1284" name="GetTypeFor17" fullname="dataprocessor.tests.NodeTests.GetTypeFor17" methodname="GetTypeFor17" classname="dataprocessor.tests.NodeTests" runstate="Runnable" seed="1072464119" result="Passed" start-time="2018-04-17 21:21:47Z" end-time="2018-04-17 21:21:47Z" duration="0.001742" asserts="2" />
          <test-case id="0-1288" name="GetTypeFor18" fullname="dataprocessor.tests.NodeTests.GetTypeFor18" methodname="GetTypeFor18" classname="dataprocessor.tests.NodeTests" runstate="Runnable" seed="594318799" result="Passed" start-time="2018-04-17 21:21:47Z" end-time="2018-04-17 21:21:47Z" duration="0.001599" asserts="2" />
          <test-case id="0-1292" name="GetTypeFor19" fullname="dataprocessor.tests.NodeTests.GetTypeFor19" methodname="GetTypeFor19" classname="dataprocessor.tests.NodeTests" runstate="Runnable" seed="1542112127" result="Passed" start-time="2018-04-17 21:21:47Z" end-time="2018-04-17 21:21:47Z" duration="0.001739" asserts="2" />
          <test-case id="0-1224" name="GetTypeFor2" fullname="dataprocessor.tests.NodeTests.GetTypeFor2" methodname="GetTypeFor2" classname="dataprocessor.tests.NodeTests" runstate="Runnable" seed="245870850" result="Passed" start-time="2018-04-17 21:21:47Z" end-time="2018-04-17 21:21:47Z" duration="0.000478" asserts="2" />
          <test-case id="0-1296" name="GetTypeFor20" fullname="dataprocessor.tests.NodeTests.GetTypeFor20" methodname="GetTypeFor20" classname="dataprocessor.tests.NodeTests" runstate="Runnable" seed="114045247" result="Passed" start-time="2018-04-17 21:21:47Z" end-time="2018-04-17 21:21:47Z" duration="0.001894" asserts="2" />
          <test-case id="0-1300" name="GetTypeFor21" fullname="dataprocessor.tests.NodeTests.GetTypeFor21" methodname="GetTypeFor21" classname="dataprocessor.tests.NodeTests" runstate="Runnable" seed="727598240" result="Passed" start-time="2018-04-17 21:21:47Z" end-time="2018-04-17 21:21:47Z" duration="0.002533" asserts="2" />
          <test-case id="0-1304" name="GetTypeFor22" fullname="dataprocessor.tests.NodeTests.GetTypeFor22" methodname="GetTypeFor22" classname="dataprocessor.tests.NodeTests" runstate="Runnable" seed="2040351567" result="Passed" start-time="2018-04-17 21:21:47Z" end-time="2018-04-17 21:21:47Z" duration="0.002070" asserts="2" />
          <test-case id="0-1308" name="GetTypeFor23" fullname="dataprocessor.tests.NodeTests.GetTypeFor23" methodname="GetTypeFor23" classname="dataprocessor.tests.NodeTests" runstate="Runnable" seed="114602256" result="Passed" start-time="2018-04-17 21:21:47Z" end-time="2018-04-17 21:21:47Z" duration="0.002057" asserts="2" />
          <test-case id="0-1312" name="GetTypeFor24" fullname="dataprocessor.tests.NodeTests.GetTypeFor24" methodname="GetTypeFor24" classname="dataprocessor.tests.NodeTests" runstate="Runnable" seed="2082578764" result="Passed" start-time="2018-04-17 21:21:47Z" end-time="2018-04-17 21:21:47Z" duration="0.002032" asserts="2" />
          <test-case id="0-1316" name="GetTypeFor25" fullname="dataprocessor.tests.NodeTests.GetTypeFor25" methodname="GetTypeFor25" classname="dataprocessor.tests.NodeTests" runstate="Runnable" seed="566670803" result="Passed" start-time="2018-04-17 21:21:47Z" end-time="2018-04-17 21:21:47Z" duration="0.002210" asserts="2" />
          <test-case id="0-1320" name="GetTypeFor26" fullname="dataprocessor.tests.NodeTests.GetTypeFor26" methodname="GetTypeFor26" classname="dataprocessor.tests.NodeTests" runstate="Runnable" seed="967279199" result="Passed" start-time="2018-04-17 21:21:47Z" end-time="2018-04-17 21:21:47Z" duration="0.002514" asserts="2" />
          <test-case id="0-1324" name="GetTypeFor27" fullname="dataprocessor.tests.NodeTests.GetTypeFor27" methodname="GetTypeFor27" classname="dataprocessor.tests.NodeTests" runstate="Runnable" seed="202028571" result="Passed" start-time="2018-04-17 21:21:47Z" end-time="2018-04-17 21:21:47Z" duration="0.002380" asserts="2" />
          <test-case id="0-1328" name="GetTypeFor28" fullname="dataprocessor.tests.NodeTests.GetTypeFor28" methodname="GetTypeFor28" classname="dataprocessor.tests.NodeTests" runstate="Runnable" seed="2137438796" result="Passed" start-time="2018-04-17 21:21:47Z" end-time="2018-04-17 21:21:47Z" duration="0.002341" asserts="2" />
          <test-case id="0-1332" name="GetTypeFor29" fullname="dataprocessor.tests.NodeTests.GetTypeFor29" methodname="GetTypeFor29" classname="dataprocessor.tests.NodeTests" runstate="Runnable" seed="1817253383" result="Passed" start-time="2018-04-17 21:21:47Z" end-time="2018-04-17 21:21:47Z" duration="0.002543" asserts="2" />
          <test-case id="0-1228" name="GetTypeFor3" fullname="dataprocessor.tests.NodeTests.GetTypeFor3" methodname="GetTypeFor3" classname="dataprocessor.tests.NodeTests" runstate="Runnable" seed="323541369" result="Passed" start-time="2018-04-17 21:21:47Z" end-time="2018-04-17 21:21:47Z" duration="0.000746" asserts="2" />
          <test-case id="0-1336" name="GetTypeFor30" fullname="dataprocessor.tests.NodeTests.GetTypeFor30" methodname="GetTypeFor30" classname="dataprocessor.tests.NodeTests" runstate="Runnable" seed="527587767" result="Passed" start-time="2018-04-17 21:21:47Z" end-time="2018-04-17 21:21:47Z" duration="0.002681" asserts="2" />
          <test-case id="0-1340" name="GetTypeFor31" fullname="dataprocessor.tests.NodeTests.GetTypeFor31" methodname="GetTypeFor31" classname="dataprocessor.tests.NodeTests" runstate="Runnable" seed="1172626100" result="Passed" start-time="2018-04-17 21:21:47Z" end-time="2018-04-17 21:21:47Z" duration="0.002614" asserts="2" />
          <test-case id="0-1344" name="GetTypeFor32" fullname="dataprocessor.tests.NodeTests.GetTypeFor32" methodname="GetTypeFor32" classname="dataprocessor.tests.NodeTests" runstate="Runnable" seed="1206863369" result="Passed" start-time="2018-04-17 21:21:47Z" end-time="2018-04-17 21:21:47Z" duration="0.002893" asserts="2" />
          <test-case id="0-1348" name="GetTypeFor33" fullname="dataprocessor.tests.NodeTests.GetTypeFor33" methodname="GetTypeFor33" classname="dataprocessor.tests.NodeTests" runstate="Runnable" seed="263376150" result="Passed" start-time="2018-04-17 21:21:47Z" end-time="2018-04-17 21:21:47Z" duration="0.002710" asserts="2" />
          <test-case id="0-1099" name="GetTypeFor34" fullname="dataprocessor.tests.NodeTests.GetTypeFor34" methodname="GetTypeFor34" classname="dataprocessor.tests.NodeTests" runstate="Runnable" seed="452852214" result="Passed" start-time="2018-04-17 21:21:47Z" end-time="2018-04-17 21:21:47Z" duration="0.003320" asserts="2" />
          <test-case id="0-1103" name="GetTypeFor35" fullname="dataprocessor.tests.NodeTests.GetTypeFor35" methodname="GetTypeFor35" classname="dataprocessor.tests.NodeTests" runstate="Runnable" seed="2045944544" result="Passed" start-time="2018-04-17 21:21:47Z" end-time="2018-04-17 21:21:47Z" duration="0.002940" asserts="2" />
          <test-case id="0-1107" name="GetTypeFor36" fullname="dataprocessor.tests.NodeTests.GetTypeFor36" methodname="GetTypeFor36" classname="dataprocessor.tests.NodeTests" runstate="Runnable" seed="2022858338" result="Passed" start-time="2018-04-17 21:21:47Z" end-time="2018-04-17 21:21:47Z" duration="0.002967" asserts="2" />
          <test-case id="0-1111" name="GetTypeFor37" fullname="dataprocessor.tests.NodeTests.GetTypeFor37" methodname="GetTypeFor37" classname="dataprocessor.tests.NodeTests" runstate="Runnable" seed="131616208" result="Passed" start-time="2018-04-17 21:21:47Z" end-time="2018-04-17 21:21:47Z" duration="0.003710" asserts="2" />
          <test-case id="0-1115" name="GetTypeFor38" fullname="dataprocessor.tests.NodeTests.GetTypeFor38" methodname="GetTypeFor38" classname="dataprocessor.tests.NodeTests" runstate="Runnable" seed="2004213901" result="Passed" start-time="2018-04-17 21:21:47Z" end-time="2018-04-17 21:21:47Z" duration="0.003189" asserts="2" />
          <test-case id="0-1119" name="GetTypeFor39" fullname="dataprocessor.tests.NodeTests.GetTypeFor39" methodname="GetTypeFor39" classname="dataprocessor.tests.NodeTests" runstate="Runnable" seed="751346209" result="Passed" start-time="2018-04-17 21:21:47Z" end-time="2018-04-17 21:21:47Z" duration="0.003172" asserts="2" />
          <test-case id="0-1232" name="GetTypeFor4" fullname="dataprocessor.tests.NodeTests.GetTypeFor4" methodname="GetTypeFor4" classname="dataprocessor.tests.NodeTests" runstate="Runnable" seed="1010196652" result="Passed" start-time="2018-04-17 21:21:47Z" end-time="2018-04-17 21:21:47Z" duration="0.000662" asserts="2" />
          <test-case id="0-1123" name="GetTypeFor40" fullname="dataprocessor.tests.NodeTests.GetTypeFor40" methodname="GetTypeFor40" classname="dataprocessor.tests.NodeTests" runstate="Runnable" seed="1270321423" result="Passed" start-time="2018-04-17 21:21:47Z" end-time="2018-04-17 21:21:47Z" duration="0.003037" asserts="2" />
          <test-case id="0-1127" name="GetTypeFor41" fullname="dataprocessor.tests.NodeTests.GetTypeFor41" methodname="GetTypeFor41" classname="dataprocessor.tests.NodeTests" runstate="Runnable" seed="537273696" result="Passed" start-time="2018-04-17 21:21:47Z" end-time="2018-04-17 21:21:47Z" duration="0.004896" asserts="2" />
          <test-case id="0-1131" name="GetTypeFor42" fullname="dataprocessor.tests.NodeTests.GetTypeFor42" methodname="GetTypeFor42" classname="dataprocessor.tests.NodeTests" runstate="Runnable" seed="881604898" result="Passed" start-time="2018-04-17 21:21:47Z" end-time="2018-04-17 21:21:47Z" duration="0.003236" asserts="2" />
          <test-case id="0-1135" name="GetTypeFor43" fullname="dataprocessor.tests.NodeTests.GetTypeFor43" methodname="GetTypeFor43" classname="dataprocessor.tests.NodeTests" runstate="Runnable" seed="656633763" result="Passed" start-time="2018-04-17 21:21:47Z" end-time="2018-04-17 21:21:47Z" duration="0.003431" asserts="2" />
          <test-case id="0-1139" name="GetTypeFor44" fullname="dataprocessor.tests.NodeTests.GetTypeFor44" methodname="GetTypeFor44" classname="dataprocessor.tests.NodeTests" runstate="Runnable" seed="647357709" result="Passed" start-time="2018-04-17 21:21:47Z" end-time="2018-04-17 21:21:47Z" duration="0.003587" asserts="2" />
          <test-case id="0-1143" name="GetTypeFor45" fullname="dataprocessor.tests.NodeTests.GetTypeFor45" methodname="GetTypeFor45" classname="dataprocessor.tests.NodeTests" runstate="Runnable" seed="1708613648" result="Passed" start-time="2018-04-17 21:21:47Z" end-time="2018-04-17 21:21:47Z" duration="0.003452" asserts="2" />
          <test-case id="0-1147" name="GetTypeFor46" fullname="dataprocessor.tests.NodeTests.GetTypeFor46" methodname="GetTypeFor46" classname="dataprocessor.tests.NodeTests" runstate="Runnable" seed="1794825722" result="Passed" start-time="2018-04-17 21:21:47Z" end-time="2018-04-17 21:21:47Z" duration="0.003369" asserts="2" />
          <test-case id="0-1151" name="GetTypeFor47" fullname="dataprocessor.tests.NodeTests.GetTypeFor47" methodname="GetTypeFor47" classname="dataprocessor.tests.NodeTests" runstate="Runnable" seed="1615487648" result="Passed" start-time="2018-04-17 21:21:47Z" end-time="2018-04-17 21:21:47Z" duration="0.003784" asserts="2" />
          <test-case id="0-1155" name="GetTypeFor48" fullname="dataprocessor.tests.NodeTests.GetTypeFor48" methodname="GetTypeFor48" classname="dataprocessor.tests.NodeTests" runstate="Runnable" seed="15975892" result="Passed" start-time="2018-04-17 21:21:47Z" end-time="2018-04-17 21:21:47Z" duration="0.003580" asserts="2" />
          <test-case id="0-1159" name="GetTypeFor49" fullname="dataprocessor.tests.NodeTests.GetTypeFor49" methodname="GetTypeFor49" classname="dataprocessor.tests.NodeTests" runstate="Runnable" seed="619993968" result="Passed" start-time="2018-04-17 21:21:47Z" end-time="2018-04-17 21:21:47Z" duration="0.003701" asserts="2" />
          <test-case id="0-1236" name="GetTypeFor5" fullname="dataprocessor.tests.NodeTests.GetTypeFor5" methodname="GetTypeFor5" classname="dataprocessor.tests.NodeTests" runstate="Runnable" seed="342016674" result="Passed" start-time="2018-04-17 21:21:47Z" end-time="2018-04-17 21:21:47Z" duration="0.001481" asserts="2" />
          <test-case id="0-1163" name="GetTypeFor50" fullname="dataprocessor.tests.NodeTests.GetTypeFor50" methodname="GetTypeFor50" classname="dataprocessor.tests.NodeTests" runstate="Runnable" seed="1227878872" result="Passed" start-time="2018-04-17 21:21:47Z" end-time="2018-04-17 21:21:47Z" duration="0.004083" asserts="2" />
          <test-case id="0-1167" name="GetTypeFor51" fullname="dataprocessor.tests.NodeTests.GetTypeFor51" methodname="GetTypeFor51" classname="dataprocessor.tests.NodeTests" runstate="Runnable" seed="345336891" result="Passed" start-time="2018-04-17 21:21:47Z" end-time="2018-04-17 21:21:47Z" duration="0.003929" asserts="2" />
          <test-case id="0-1171" name="GetTypeFor52" fullname="dataprocessor.tests.NodeTests.GetTypeFor52" methodname="GetTypeFor52" classname="dataprocessor.tests.NodeTests" runstate="Runnable" seed="866868890" result="Passed" start-time="2018-04-17 21:21:47Z" end-time="2018-04-17 21:21:47Z" duration="0.003949" asserts="2" />
          <test-case id="0-1175" name="GetTypeFor53" fullname="dataprocessor.tests.NodeTests.GetTypeFor53" methodname="GetTypeFor53" classname="dataprocessor.tests.NodeTests" runstate="Runnable" seed="1835462030" result="Passed" start-time="2018-04-17 21:21:47Z" end-time="2018-04-17 21:21:47Z" duration="0.005508" asserts="2" />
          <test-case id="0-1179" name="GetTypeFor54" fullname="dataprocessor.tests.NodeTests.GetTypeFor54" methodname="GetTypeFor54" classname="dataprocessor.tests.NodeTests" runstate="Runnable" seed="95279907" result="Passed" start-time="2018-04-17 21:21:47Z" end-time="2018-04-17 21:21:47Z" duration="0.005743" asserts="2" />
          <test-case id="0-1183" name="GetTypeFor55" fullname="dataprocessor.tests.NodeTests.GetTypeFor55" methodname="GetTypeFor55" classname="dataprocessor.tests.NodeTests" runstate="Runnable" seed="2120583349" result="Passed" start-time="2018-04-17 21:21:47Z" end-time="2018-04-17 21:21:47Z" duration="0.004934" asserts="2" />
          <test-case id="0-1187" name="GetTypeFor56" fullname="dataprocessor.tests.NodeTests.GetTypeFor56" methodname="GetTypeFor56" classname="dataprocessor.tests.NodeTests" runstate="Runnable" seed="219083615" result="Passed" start-time="2018-04-17 21:21:47Z" end-time="2018-04-17 21:21:47Z" duration="0.004607" asserts="2" />
          <test-case id="0-1191" name="GetTypeFor57" fullname="dataprocessor.tests.NodeTests.GetTypeFor57" methodname="GetTypeFor57" classname="dataprocessor.tests.NodeTests" runstate="Runnable" seed="1190004199" result="Passed" start-time="2018-04-17 21:21:47Z" end-time="2018-04-17 21:21:47Z" duration="0.004769" asserts="2" />
          <test-case id="0-1195" name="GetTypeFor58" fullname="dataprocessor.tests.NodeTests.GetTypeFor58" methodname="GetTypeFor58" classname="dataprocessor.tests.NodeTests" runstate="Runnable" seed="1954138390" result="Passed" start-time="2018-04-17 21:21:47Z" end-time="2018-04-17 21:21:47Z" duration="0.004210" asserts="2" />
          <test-case id="0-1199" name="GetTypeFor59" fullname="dataprocessor.tests.NodeTests.GetTypeFor59" methodname="GetTypeFor59" classname="dataprocessor.tests.NodeTests" runstate="Runnable" seed="213774115" result="Passed" start-time="2018-04-17 21:21:47Z" end-time="2018-04-17 21:21:47Z" duration="0.004477" asserts="2" />
          <test-case id="0-1240" name="GetTypeFor6" fullname="dataprocessor.tests.NodeTests.GetTypeFor6" methodname="GetTypeFor6" classname="dataprocessor.tests.NodeTests" runstate="Runnable" seed="757210138" result="Passed" start-time="2018-04-17 21:21:47Z" end-time="2018-04-17 21:21:47Z" duration="0.000926" asserts="2" />
          <test-case id="0-1203" name="GetTypeFor60" fullname="dataprocessor.tests.NodeTests.GetTypeFor60" methodname="GetTypeFor60" classname="dataprocessor.tests.NodeTests" runstate="Runnable" seed="555916158" result="Passed" start-time="2018-04-17 21:21:47Z" end-time="2018-04-17 21:21:47Z" duration="0.004537" asserts="2" />
          <test-case id="0-1207" name="GetTypeFor61" fullname="dataprocessor.tests.NodeTests.GetTypeFor61" methodname="GetTypeFor61" classname="dataprocessor.tests.NodeTests" runstate="Runnable" seed="1363015379" result="Passed" start-time="2018-04-17 21:21:47Z" end-time="2018-04-17 21:21:47Z" duration="0.004470" asserts="2" />
          <test-case id="0-1211" name="GetTypeFor62" fullname="dataprocessor.tests.NodeTests.GetTypeFor62" methodname="GetTypeFor62" classname="dataprocessor.tests.NodeTests" runstate="Runnable" seed="205198046" result="Passed" start-time="2018-04-17 21:21:47Z" end-time="2018-04-17 21:21:47Z" duration="0.004946" asserts="2" />
          <test-case id="0-1215" name="GetTypeFor63" fullname="dataprocessor.tests.NodeTests.GetTypeFor63" methodname="GetTypeFor63" classname="dataprocessor.tests.NodeTests" runstate="Runnable" seed="470499842" result="Passed" start-time="2018-04-17 21:21:47Z" end-time="2018-04-17 21:21:47Z" duration="0.004484" asserts="2" />
          <test-case id="0-1219" name="GetTypeFor64" fullname="dataprocessor.tests.NodeTests.GetTypeFor64" methodname="GetTypeFor64" classname="dataprocessor.tests.NodeTests" runstate="Runnable" seed="1576472187" result="Passed" start-time="2018-04-17 21:21:47Z" end-time="2018-04-17 21:21:47Z" duration="0.004818" asserts="2" />
          <test-case id="0-1244" name="GetTypeFor7" fullname="dataprocessor.tests.NodeTests.GetTypeFor7" methodname="GetTypeFor7" classname="dataprocessor.tests.NodeTests" runstate="Runnable" seed="255398893" result="Passed" start-time="2018-04-17 21:21:47Z" end-time="2018-04-17 21:21:47Z" duration="0.000828" asserts="2" />
          <test-case id="0-1248" name="GetTypeFor8" fullname="dataprocessor.tests.NodeTests.GetTypeFor8" methodname="GetTypeFor8" classname="dataprocessor.tests.NodeTests" runstate="Runnable" seed="1969827360" result="Passed" start-time="2018-04-17 21:21:47Z" end-time="2018-04-17 21:21:47Z" duration="0.000874" asserts="2" />
          <test-case id="0-1252" name="GetTypeFor9" fullname="dataprocessor.tests.NodeTests.GetTypeFor9" methodname="GetTypeFor9" classname="dataprocessor.tests.NodeTests" runstate="Runnable" seed="241157959" result="Passed" start-time="2018-04-17 21:21:47Z" end-time="2018-04-17 21:21:47Z" duration="0.000871" asserts="2" />
          <test-case id="0-1257" name="SetActionThrows10" fullname="dataprocessor.tests.NodeTests.SetActionThrows10" methodname="SetActionThrows10" classname="dataprocessor.tests.NodeTests" runstate="Runnable" seed="933446581" result="Passed" start-time="2018-04-17 21:21:47Z" end-time="2018-04-17 21:21:47Z" duration="0.003910" asserts="3" />
          <test-case id="0-1261" name="SetActionThrows11" fullname="dataprocessor.tests.NodeTests.SetActionThrows11" methodname="SetActionThrows11" classname="dataprocessor.tests.NodeTests" runstate="Runnable" seed="1917897766" result="Passed" start-time="2018-04-17 21:21:47Z" end-time="2018-04-17 21:21:47Z" duration="0.003077" asserts="3" />
          <test-case id="0-1265" name="SetActionThrows12" fullname="dataprocessor.tests.NodeTests.SetActionThrows12" methodname="SetActionThrows12" classname="dataprocessor.tests.NodeTests" runstate="Runnable" seed="1300125066" result="Passed" start-time="2018-04-17 21:21:47Z" end-time="2018-04-17 21:21:47Z" duration="0.003543" asserts="3" />
          <test-case id="0-1269" name="SetActionThrows13" fullname="dataprocessor.tests.NodeTests.SetActionThrows13" methodname="SetActionThrows13" classname="dataprocessor.tests.NodeTests" runstate="Runnable" seed="1221884910" result="Passed" start-time="2018-04-17 21:21:47Z" end-time="2018-04-17 21:21:47Z" duration="0.009444" asserts="3" />
          <test-case id="0-1273" name="SetActionThrows14" fullname="dataprocessor.tests.NodeTests.SetActionThrows14" methodname="SetActionThrows14" classname="dataprocessor.tests.NodeTests" runstate="Runnable" seed="690536315" result="Passed" start-time="2018-04-17 21:21:47Z" end-time="2018-04-17 21:21:47Z" duration="0.004052" asserts="3" />
          <test-case id="0-1277" name="SetActionThrows15" fullname="dataprocessor.tests.NodeTests.SetActionThrows15" methodname="SetActionThrows15" classname="dataprocessor.tests.NodeTests" runstate="Runnable" seed="1041035668" result="Passed" start-time="2018-04-17 21:21:47Z" end-time="2018-04-17 21:21:47Z" duration="0.003377" asserts="3" />
          <test-case id="0-1281" name="SetActionThrows16" fullname="dataprocessor.tests.NodeTests.SetActionThrows16" methodname="SetActionThrows16" classname="dataprocessor.tests.NodeTests" runstate="Runnable" seed="1402285868" result="Passed" start-time="2018-04-17 21:21:47Z" end-time="2018-04-17 21:21:47Z" duration="0.003392" asserts="3" />
          <test-case id="0-1285" name="SetActionThrows17" fullname="dataprocessor.tests.NodeTests.SetActionThrows17" methodname="SetActionThrows17" classname="dataprocessor.tests.NodeTests" runstate="Runnable" seed="101234347" result="Passed" start-time="2018-04-17 21:21:47Z" end-time="2018-04-17 21:21:47Z" duration="0.003087" asserts="3" />
          <test-case id="0-1289" name="SetActionThrows18" fullname="dataprocessor.tests.NodeTests.SetActionThrows18" methodname="SetActionThrows18" classname="dataprocessor.tests.NodeTests" runstate="Runnable" seed="380603455" result="Passed" start-time="2018-04-17 21:21:47Z" end-time="2018-04-17 21:21:47Z" duration="0.003948" asserts="3" />
          <test-case id="0-1293" name="SetActionThrows19" fullname="dataprocessor.tests.NodeTests.SetActionThrows19" methodname="SetActionThrows19" classname="dataprocessor.tests.NodeTests" runstate="Runnable" seed="1741015177" result="Passed" start-time="2018-04-17 21:21:47Z" end-time="2018-04-17 21:21:47Z" duration="0.003301" asserts="3" />
          <test-case id="0-1225" name="SetActionThrows2" fullname="dataprocessor.tests.NodeTests.SetActionThrows2" methodname="SetActionThrows2" classname="dataprocessor.tests.NodeTests" runstate="Runnable" seed="1323755477" result="Passed" start-time="2018-04-17 21:21:47Z" end-time="2018-04-17 21:21:47Z" duration="0.001434" asserts="3" />
          <test-case id="0-1297" name="SetActionThrows20" fullname="dataprocessor.tests.NodeTests.SetActionThrows20" methodname="SetActionThrows20" classname="dataprocessor.tests.NodeTests" runstate="Runnable" seed="1530653521" result="Passed" start-time="2018-04-17 21:21:47Z" end-time="2018-04-17 21:21:47Z" duration="0.003864" asserts="3" />
          <test-case id="0-1301" name="SetActionThrows21" fullname="dataprocessor.tests.NodeTests.SetActionThrows21" methodname="SetActionThrows21" classname="dataprocessor.tests.NodeTests" runstate="Runnable" seed="755619027" result="Passed" start-time="2018-04-17 21:21:47Z" end-time="2018-04-17 21:21:47Z" duration="0.003139" asserts="3" />
          <test-case id="0-1305" name="SetActionThrows22" fullname="dataprocessor.tests.NodeTests.SetActionThrows22" methodname="SetActionThrows22" classname="dataprocessor.tests.NodeTests" runstate="Runnable" seed="448385836" result="Passed" start-time="2018-04-17 21:21:47Z" end-time="2018-04-17 21:21:47Z" duration="0.004400" asserts="3" />
          <test-case id="0-1309" name="SetActionThrows23" fullname="dataprocessor.tests.NodeTests.SetActionThrows23" methodname="SetActionThrows23" classname="dataprocessor.tests.NodeTests" runstate="Runnable" seed="1419509992" result="Passed" start-time="2018-04-17 21:21:47Z" end-time="2018-04-17 21:21:47Z" duration="0.003264" asserts="3" />
          <test-case id="0-1313" name="SetActionThrows24" fullname="dataprocessor.tests.NodeTests.SetActionThrows24" methodname="SetActionThrows24" classname="dataprocessor.tests.NodeTests" runstate="Runnable" seed="1435133256" result="Passed" start-time="2018-04-17 21:21:47Z" end-time="2018-04-17 21:21:47Z" duration="0.003167" asserts="3" />
          <test-case id="0-1317" name="SetActionThrows25" fullname="dataprocessor.tests.NodeTests.SetActionThrows25" methodname="SetActionThrows25" classname="dataprocessor.tests.NodeTests" runstate="Runnable" seed="1548779110" result="Passed" start-time="2018-04-17 21:21:47Z" end-time="2018-04-17 21:21:47Z" duration="0.003613" asserts="3" />
          <test-case id="0-1321" name="SetActionThrows26" fullname="dataprocessor.tests.NodeTests.SetActionThrows26" methodname="SetActionThrows26" classname="dataprocessor.tests.NodeTests" runstate="Runnable" seed="71821154" result="Passed" start-time="2018-04-17 21:21:47Z" end-time="2018-04-17 21:21:47Z" duration="0.003200" asserts="3" />
          <test-case id="0-1325" name="SetActionThrows27" fullname="dataprocessor.tests.NodeTests.SetActionThrows27" methodname="SetActionThrows27" classname="dataprocessor.tests.NodeTests" runstate="Runnable" seed="457071723" result="Passed" start-time="2018-04-17 21:21:47Z" end-time="2018-04-17 21:21:47Z" duration="0.003901" asserts="3" />
          <test-case id="0-1329" name="SetActionThrows28" fullname="dataprocessor.tests.NodeTests.SetActionThrows28" methodname="SetActionThrows28" classname="dataprocessor.tests.NodeTests" runstate="Runnable" seed="2011112180" result="Passed" start-time="2018-04-17 21:21:47Z" end-time="2018-04-17 21:21:47Z" duration="0.003487" asserts="3" />
          <test-case id="0-1333" name="SetActionThrows29" fullname="dataprocessor.tests.NodeTests.SetActionThrows29" methodname="SetActionThrows29" classname="dataprocessor.tests.NodeTests" runstate="Runnable" seed="883542840" result="Passed" start-time="2018-04-17 21:21:47Z" end-time="2018-04-17 21:21:47Z" duration="0.003239" asserts="3" />
          <test-case id="0-1229" name="SetActionThrows3" fullname="dataprocessor.tests.NodeTests.SetActionThrows3" methodname="SetActionThrows3" classname="dataprocessor.tests.NodeTests" runstate="Runnable" seed="1359360189" result="Passed" start-time="2018-04-17 21:21:47Z" end-time="2018-04-17 21:21:47Z" duration="0.003222" asserts="3" />
          <test-case id="0-1337" name="SetActionThrows30" fullname="dataprocessor.tests.NodeTests.SetActionThrows30" methodname="SetActionThrows30" classname="dataprocessor.tests.NodeTests" runstate="Runnable" seed="1391915024" result="Passed" start-time="2018-04-17 21:21:47Z" end-time="2018-04-17 21:21:47Z" duration="0.003329" asserts="3" />
          <test-case id="0-1341" name="SetActionThrows31" fullname="dataprocessor.tests.NodeTests.SetActionThrows31" methodname="SetActionThrows31" classname="dataprocessor.tests.NodeTests" runstate="Runnable" seed="504484553" result="Passed" start-time="2018-04-17 21:21:47Z" end-time="2018-04-17 21:21:47Z" duration="0.004254" asserts="3" />
          <test-case id="0-1345" name="SetActionThrows32" fullname="dataprocessor.tests.NodeTests.SetActionThrows32" methodname="SetActionThrows32" classname="dataprocessor.tests.NodeTests" runstate="Runnable" seed="430090998" result="Passed" start-time="2018-04-17 21:21:47Z" end-time="2018-04-17 21:21:47Z" duration="0.003443" asserts="3" />
          <test-case id="0-1349" name="SetActionThrows33" fullname="dataprocessor.tests.NodeTests.SetActionThrows33" methodname="SetActionThrows33" classname="dataprocessor.tests.NodeTests" runstate="Runnable" seed="1608697935" result="Passed" start-time="2018-04-17 21:21:47Z" end-time="2018-04-17 21:21:47Z" duration="0.003389" asserts="3" />
          <test-case id="0-1100" name="SetActionThrows34" fullname="dataprocessor.tests.NodeTests.SetActionThrows34" methodname="SetActionThrows34" classname="dataprocessor.tests.NodeTests" runstate="Runnable" seed="1736389415" result="Passed" start-time="2018-04-17 21:21:47Z" end-time="2018-04-17 21:21:47Z" duration="0.003688" asserts="3" />
          <test-case id="0-1104" name="SetActionThrows35" fullname="dataprocessor.tests.NodeTests.SetActionThrows35" methodname="SetActionThrows35" classname="dataprocessor.tests.NodeTests" runstate="Runnable" seed="1332016386" result="Passed" start-time="2018-04-17 21:21:47Z" end-time="2018-04-17 21:21:47Z" duration="0.003397" asserts="3" />
          <test-case id="0-1108" name="SetActionThrows36" fullname="dataprocessor.tests.NodeTests.SetActionThrows36" methodname="SetActionThrows36" classname="dataprocessor.tests.NodeTests" runstate="Runnable" seed="1266013285" result="Passed" start-time="2018-04-17 21:21:47Z" end-time="2018-04-17 21:21:47Z" duration="0.004164" asserts="3" />
          <test-case id="0-1112" name="SetActionThrows37" fullname="dataprocessor.tests.NodeTests.SetActionThrows37" methodname="SetActionThrows37" classname="dataprocessor.tests.NodeTests" runstate="Runnable" seed="748533218" result="Passed" start-time="2018-04-17 21:21:47Z" end-time="2018-04-17 21:21:47Z" duration="0.003695" asserts="3" />
          <test-case id="0-1116" name="SetActionThrows38" fullname="dataprocessor.tests.NodeTests.SetActionThrows38" methodname="SetActionThrows38" classname="dataprocessor.tests.NodeTests" runstate="Runnable" seed="1879842284" result="Passed" start-time="2018-04-17 21:21:47Z" end-time="2018-04-17 21:21:47Z" duration="0.003438" asserts="3" />
          <test-case id="0-1120" name="SetActionThrows39" fullname="dataprocessor.tests.NodeTests.SetActionThrows39" methodname="SetActionThrows39" classname="dataprocessor.tests.NodeTests" runstate="Runnable" seed="7907033" result="Passed" start-time="2018-04-17 21:21:47Z" end-time="2018-04-17 21:21:47Z" duration="0.003497" asserts="3" />
          <test-case id="0-1233" name="SetActionThrows4" fullname="dataprocessor.tests.NodeTests.SetActionThrows4" methodname="SetActionThrows4" classname="dataprocessor.tests.NodeTests" runstate="Runnable" seed="1685337604" result="Passed" start-time="2018-04-17 21:21:47Z" end-time="2018-04-17 21:21:47Z" duration="0.003119" asserts="3" />
          <test-case id="0-1124" name="SetActionThrows40" fullname="dataprocessor.tests.NodeTests.SetActionThrows40" methodname="SetActionThrows40" classname="dataprocessor.tests.NodeTests" runstate="Runnable" seed="164937262" result="Passed" start-time="2018-04-17 21:21:47Z" end-time="2018-04-17 21:21:47Z" duration="0.004321" asserts="3" />
          <test-case id="0-1128" name="SetActionThrows41" fullname="dataprocessor.tests.NodeTests.SetActionThrows41" methodname="SetActionThrows41" classname="dataprocessor.tests.NodeTests" runstate="Runnable" seed="605241318" result="Passed" start-time="2018-04-17 21:21:47Z" end-time="2018-04-17 21:21:47Z" duration="0.003543" asserts="3" />
          <test-case id="0-1132" name="SetActionThrows42" fullname="dataprocessor.tests.NodeTests.SetActionThrows42" methodname="SetActionThrows42" classname="dataprocessor.tests.NodeTests" runstate="Runnable" seed="1570477170" result="Passed" start-time="2018-04-17 21:21:47Z" end-time="2018-04-17 21:21:47Z" duration="0.003819" asserts="3" />
          <test-case id="0-1136" name="SetActionThrows43" fullname="dataprocessor.tests.NodeTests.SetActionThrows43" methodname="SetActionThrows43" classname="dataprocessor.tests.NodeTests" runstate="Runnable" seed="635535045" result="Passed" start-time="2018-04-17 21:21:47Z" end-time="2018-04-17 21:21:47Z" duration="0.003671" asserts="3" />
          <test-case id="0-1140" name="SetActionThrows44" fullname="dataprocessor.tests.NodeTests.SetActionThrows44" methodname="SetActionThrows44" classname="dataprocessor.tests.NodeTests" runstate="Runnable" seed="217028673" result="Passed" start-time="2018-04-17 21:21:47Z" end-time="2018-04-17 21:21:47Z" duration="0.003536" asserts="3" />
          <test-case id="0-1144" name="SetActionThrows45" fullname="dataprocessor.tests.NodeTests.SetActionThrows45" methodname="SetActionThrows45" classname="dataprocessor.tests.NodeTests" runstate="Runnable" seed="1073482380" result="Passed" start-time="2018-04-17 21:21:47Z" end-time="2018-04-17 21:21:47Z" duration="0.005291" asserts="3" />
          <test-case id="0-1148" name="SetActionThrows46" fullname="dataprocessor.tests.NodeTests.SetActionThrows46" methodname="SetActionThrows46" classname="dataprocessor.tests.NodeTests" runstate="Runnable" seed="953654395" result="Passed" start-time="2018-04-17 21:21:47Z" end-time="2018-04-17 21:21:47Z" duration="0.005112" asserts="3" />
          <test-case id="0-1152" name="SetActionThrows47" fullname="dataprocessor.tests.NodeTests.SetActionThrows47" methodname="SetActionThrows47" classname="dataprocessor.tests.NodeTests" runstate="Runnable" seed="430647338" result="Passed" start-time="2018-04-17 21:21:47Z" end-time="2018-04-17 21:21:47Z" duration="0.003892" asserts="3" />
          <test-case id="0-1156" name="SetActionThrows48" fullname="dataprocessor.tests.NodeTests.SetActionThrows48" methodname="SetActionThrows48" classname="dataprocessor.tests.NodeTests" runstate="Runnable" seed="267683186" result="Passed" start-time="2018-04-17 21:21:47Z" end-time="2018-04-17 21:21:47Z" duration="0.003751" asserts="3" />
          <test-case id="0-1160" name="SetActionThrows49" fullname="dataprocessor.tests.NodeTests.SetActionThrows49" methodname="SetActionThrows49" classname="dataprocessor.tests.NodeTests" runstate="Runnable" seed="1996439860" result="Passed" start-time="2018-04-17 21:21:47Z" end-time="2018-04-17 21:21:47Z" duration="0.003651" asserts="3" />
          <test-case id="0-1237" name="SetActionThrows5" fullname="dataprocessor.tests.NodeTests.SetActionThrows5" methodname="SetActionThrows5" classname="dataprocessor.tests.NodeTests" runstate="Runnable" seed="663257020" result="Passed" start-time="2018-04-17 21:21:47Z" end-time="2018-04-17 21:21:47Z" duration="0.003865" asserts="3" />
          <test-case id="0-1164" name="SetActionThrows50" fullname="dataprocessor.tests.NodeTests.SetActionThrows50" methodname="SetActionThrows50" classname="dataprocessor.tests.NodeTests" runstate="Runnable" seed="874158913" result="Passed" start-time="2018-04-17 21:21:47Z" end-time="2018-04-17 21:21:47Z" duration="0.004123" asserts="3" />
          <test-case id="0-1168" name="SetActionThrows51" fullname="dataprocessor.tests.NodeTests.SetActionThrows51" methodname="SetActionThrows51" classname="dataprocessor.tests.NodeTests" runstate="Runnable" seed="848717059" result="Passed" start-time="2018-04-17 21:21:47Z" end-time="2018-04-17 21:21:47Z" duration="0.003688" asserts="3" />
          <test-case id="0-1172" name="SetActionThrows52" fullname="dataprocessor.tests.NodeTests.SetActionThrows52" methodname="SetActionThrows52" classname="dataprocessor.tests.NodeTests" runstate="Runnable" seed="233615456" result="Passed" start-time="2018-04-17 21:21:47Z" end-time="2018-04-17 21:21:47Z" duration="0.003848" asserts="3" />
          <test-case id="0-1176" name="SetActionThrows53" fullname="dataprocessor.tests.NodeTests.SetActionThrows53" methodname="SetActionThrows53" classname="dataprocessor.tests.NodeTests" runstate="Runnable" seed="81471851" result="Passed" start-time="2018-04-17 21:21:47Z" end-time="2018-04-17 21:21:47Z" duration="0.003907" asserts="3" />
          <test-case id="0-1180" name="SetActionThrows54" fullname="dataprocessor.tests.NodeTests.SetActionThrows54" methodname="SetActionThrows54" classname="dataprocessor.tests.NodeTests" runstate="Runnable" seed="1678514197" result="Passed" start-time="2018-04-17 21:21:47Z" end-time="2018-04-17 21:21:47Z" duration="0.013394" asserts="3" />
          <test-case id="0-1184" name="SetActionThrows55" fullname="dataprocessor.tests.NodeTests.SetActionThrows55" methodname="SetActionThrows55" classname="dataprocessor.tests.NodeTests" runstate="Runnable" seed="1269935965" result="Passed" start-time="2018-04-17 21:21:47Z" end-time="2018-04-17 21:21:47Z" duration="0.003837" asserts="3" />
          <test-case id="0-1188" name="SetActionThrows56" fullname="dataprocessor.tests.NodeTests.SetActionThrows56" methodname="SetActionThrows56" classname="dataprocessor.tests.NodeTests" runstate="Runnable" seed="668209080" result="Passed" start-time="2018-04-17 21:21:47Z" end-time="2018-04-17 21:21:47Z" duration="0.004101" asserts="3" />
          <test-case id="0-1192" name="SetActionThrows57" fullname="dataprocessor.tests.NodeTests.SetActionThrows57" methodname="SetActionThrows57" classname="dataprocessor.tests.NodeTests" runstate="Runnable" seed="179554497" result="Passed" start-time="2018-04-17 21:21:47Z" end-time="2018-04-17 21:21:47Z" duration="0.003860" asserts="3" />
          <test-case id="0-1196" name="SetActionThrows58" fullname="dataprocessor.tests.NodeTests.SetActionThrows58" methodname="SetActionThrows58" classname="dataprocessor.tests.NodeTests" runstate="Runnable" seed="1303944141" result="Passed" start-time="2018-04-17 21:21:47Z" end-time="2018-04-17 21:21:47Z" duration="0.006019" asserts="3" />
          <test-case id="0-1200" name="SetActionThrows59" fullname="dataprocessor.tests.NodeTests.SetActionThrows59" methodname="SetActionThrows59" classname="dataprocessor.tests.NodeTests" runstate="Runnable" seed="1026294120" result="Passed" start-time="2018-04-17 21:21:47Z" end-time="2018-04-17 21:21:47Z" duration="0.003946" asserts="3" />
          <test-case id="0-1241" name="SetActionThrows6" fullname="dataprocessor.tests.NodeTests.SetActionThrows6" methodname="SetActionThrows6" classname="dataprocessor.tests.NodeTests" runstate="Runnable" seed="591443604" result="Passed" start-time="2018-04-17 21:21:47Z" end-time="2018-04-17 21:21:47Z" duration="0.003733" asserts="3" />
          <test-case id="0-1204" name="SetActionThrows60" fullname="dataprocessor.tests.NodeTests.SetActionThrows60" methodname="SetActionThrows60" classname="dataprocessor.tests.NodeTests" runstate="Runnable" seed="1388940722" result="Passed" start-time="2018-04-17 21:21:47Z" end-time="2018-04-17 21:21:47Z" duration="0.004097" asserts="3" />
          <test-case id="0-1208" name="SetActionThrows61" fullname="dataprocessor.tests.NodeTests.SetActionThrows61" methodname="SetActionThrows61" classname="dataprocessor.tests.NodeTests" runstate="Runnable" seed="229991295" result="Passed" start-time="2018-04-17 21:21:47Z" end-time="2018-04-17 21:21:47Z" duration="0.003944" asserts="3" />
          <test-case id="0-1212" name="SetActionThrows62" fullname="dataprocessor.tests.NodeTests.SetActionThrows62" methodname="SetActionThrows62" classname="dataprocessor.tests.NodeTests" runstate="Runnable" seed="2088746750" result="Passed" start-time="2018-04-17 21:21:47Z" end-time="2018-04-17 21:21:47Z" duration="0.004175" asserts="3" />
          <test-case id="0-1216" name="SetActionThrows63" fullname="dataprocessor.tests.NodeTests.SetActionThrows63" methodname="SetActionThrows63" classname="dataprocessor.tests.NodeTests" runstate="Runnable" seed="1307034435" result="Passed" start-time="2018-04-17 21:21:47Z" end-time="2018-04-17 21:21:47Z" duration="0.004231" asserts="3" />
          <test-case id="0-1220" name="SetActionThrows64" fullname="dataprocessor.tests.NodeTests.SetActionThrows64" methodname="SetActionThrows64" classname="dataprocessor.tests.NodeTests" runstate="Runnable" seed="1609139492" result="Passed" start-time="2018-04-17 21:21:47Z" end-time="2018-04-17 21:21:47Z" duration="0.004593" asserts="3" />
          <test-case id="0-1245" name="SetActionThrows7" fullname="dataprocessor.tests.NodeTests.SetActionThrows7" methodname="SetActionThrows7" classname="dataprocessor.tests.NodeTests" runstate="Runnable" seed="2042441523" result="Passed" start-time="2018-04-17 21:21:47Z" end-time="2018-04-17 21:21:47Z" duration="0.003030" asserts="3" />
[...]
          <test-case id="0-1314" name="SetValues24" fullname="dataprocessor.tests.NodeTests.SetValues24" methodname="SetValues24" classname="dataprocessor.tests.NodeTests" runstate="Runnable" seed="1165411173" result="Passed" start-time="2018-04-17 21:21:48Z" end-time="2018-04-17 21:21:48Z" duration="0.002173" asserts="25" />
          <test-case id="0-1318" name="SetValues25" fullname="dataprocessor.tests.NodeTests.SetValues25" methodname="SetValues25" classname="dataprocessor.tests.NodeTests" runstate="Runnable" seed="1590376584" result="Passed" start-time="2018-04-17 21:21:48Z" end-time="2018-04-17 21:21:48Z" duration="0.004745" asserts="26" />
          <test-case id="0-1322" name="SetValues26" fullname="dataprocessor.tests.NodeTests.SetValues26" methodname="SetValues26" classname="dataprocessor.tests.NodeTests" runstate="Runnable" seed="1599934304" result="Passed" start-time="2018-04-17 21:21:48Z" end-time="2018-04-17 21:21:48Z" duration="0.002675" asserts="27" />
          <test-case id="0-1326" name="SetValues27" fullname="dataprocessor.tests.NodeTests.SetValues27" methodname="SetValues27" classname="dataprocessor.tests.NodeTests" runstate="Runnable" seed="2069147214" result="Passed" start-time="2018-04-17 21:21:48Z" end-time="2018-04-17 21:21:48Z" duration="0.003772" asserts="28" />
          <test-case id="0-1330" name="SetValues28" fullname="dataprocessor.tests.NodeTests.SetValues28" methodname="SetValues28" classname="dataprocessor.tests.NodeTests" runstate="Runnable" seed="1285401174" result="Passed" start-time="2018-04-17 21:21:48Z" end-time="2018-04-17 21:21:48Z" duration="0.002555" asserts="29" />
          <test-case id="0-1334" name="SetValues29" fullname="dataprocessor.tests.NodeTests.SetValues29" methodname="SetValues29" classname="dataprocessor.tests.NodeTests" runstate="Runnable" seed="647323851" result="Passed" start-time="2018-04-17 21:21:48Z" end-time="2018-04-17 21:21:48Z" duration="0.002839" asserts="30" />
          <test-case id="0-1230" name="SetValues3" fullname="dataprocessor.tests.NodeTests.SetValues3" methodname="SetValues3" classname="dataprocessor.tests.NodeTests" runstate="Runnable" seed="1321716109" result="Passed" start-time="2018-04-17 21:21:48Z" end-time="2018-04-17 21:21:48Z" duration="0.000780" asserts="4" />
          <test-case id="0-1338" name="SetValues30" fullname="dataprocessor.tests.NodeTests.SetValues30" methodname="SetValues30" classname="dataprocessor.tests.NodeTests" runstate="Runnable" seed="2085140822" result="Passed" start-time="2018-04-17 21:21:48Z" end-time="2018-04-17 21:21:48Z" duration="0.002619" asserts="31" />
          <test-case id="0-1342" name="SetValues31" fullname="dataprocessor.tests.NodeTests.SetValues31" methodname="SetValues31" classname="dataprocessor.tests.NodeTests" runstate="Runnable" seed="2048187358" result="Passed" start-time="2018-04-17 21:21:48Z" end-time="2018-04-17 21:21:48Z" duration="0.003764" asserts="32" />
          <test-case id="0-1346" name="SetValues32" fullname="dataprocessor.tests.NodeTests.SetValues32" methodname="SetValues32" classname="dataprocessor.tests.NodeTests" runstate="Runnable" seed="799877010" result="Passed" start-time="2018-04-17 21:21:48Z" end-time="2018-04-17 21:21:48Z" duration="0.002952" asserts="33" />
          <test-case id="0-1350" name="SetValues33" fullname="dataprocessor.tests.NodeTests.SetValues33" methodname="SetValues33" classname="dataprocessor.tests.NodeTests" runstate="Runnable" seed="803137495" result="Passed" start-time="2018-04-17 21:21:48Z" end-time="2018-04-17 21:21:48Z" duration="0.003030" asserts="34" />
          <test-case id="0-1101" name="SetValues34" fullname="dataprocessor.tests.NodeTests.SetValues34" methodname="SetValues34" classname="dataprocessor.tests.NodeTests" runstate="Runnable" seed="10577103" result="Passed" start-time="2018-04-17 21:21:48Z" end-time="2018-04-17 21:21:48Z" duration="0.003178" asserts="35" />
          <test-case id="0-1105" name="SetValues35" fullname="dataprocessor.tests.NodeTests.SetValues35" methodname="SetValues35" classname="dataprocessor.tests.NodeTests" runstate="Runnable" seed="1897674910" result="Passed" start-time="2018-04-17 21:21:48Z" end-time="2018-04-17 21:21:48Z" duration="0.003899" asserts="36" />
          <test-case id="0-1109" name="SetValues36" fullname="dataprocessor.tests.NodeTests.SetValues36" methodname="SetValues36" classname="dataprocessor.tests.NodeTests" runstate="Runnable" seed="1221743071" result="Passed" start-time="2018-04-17 21:21:48Z" end-time="2018-04-17 21:21:48Z" duration="0.003439" asserts="37" />
          <test-case id="0-1113" name="SetValues37" fullname="dataprocessor.tests.NodeTests.SetValues37" methodname="SetValues37" classname="dataprocessor.tests.NodeTests" runstate="Runnable" seed="1266530183" result="Passed" start-time="2018-04-17 21:21:48Z" end-time="2018-04-17 21:21:48Z" duration="0.003289" asserts="38" />
          <test-case id="0-1117" name="SetValues38" fullname="dataprocessor.tests.NodeTests.SetValues38" methodname="SetValues38" classname="dataprocessor.tests.NodeTests" runstate="Runnable" seed="552348321" result="Passed" start-time="2018-04-17 21:21:48Z" end-time="2018-04-17 21:21:48Z" duration="0.005357" asserts="39" />
          <test-case id="0-1121" name="SetValues39" fullname="dataprocessor.tests.NodeTests.SetValues39" methodname="SetValues39" classname="dataprocessor.tests.NodeTests" runstate="Runnable" seed="1926026598" result="Passed" start-time="2018-04-17 21:21:48Z" end-time="2018-04-17 21:21:48Z" duration="0.003502" asserts="40" />
          <test-case id="0-1234" name="SetValues4" fullname="dataprocessor.tests.NodeTests.SetValues4" methodname="SetValues4" classname="dataprocessor.tests.NodeTests" runstate="Runnable" seed="2028731440" result="Passed" start-time="2018-04-17 21:21:48Z" end-time="2018-04-17 21:21:48Z" duration="0.000859" asserts="5" />
          <test-case id="0-1125" name="SetValues40" fullname="dataprocessor.tests.NodeTests.SetValues40" methodname="SetValues40" classname="dataprocessor.tests.NodeTests" runstate="Runnable" seed="1215050740" result="Passed" start-time="2018-04-17 21:21:48Z" end-time="2018-04-17 21:21:48Z" duration="0.003627" asserts="41" />
          <test-case id="0-1129" name="SetValues41" fullname="dataprocessor.tests.NodeTests.SetValues41" methodname="SetValues41" classname="dataprocessor.tests.NodeTests" runstate="Runnable" seed="879678136" result="Passed" start-time="2018-04-17 21:21:48Z" end-time="2018-04-17 21:21:48Z" duration="0.004235" asserts="42" />
          <test-case id="0-1133" name="SetValues42" fullname="dataprocessor.tests.NodeTests.SetValues42" methodname="SetValues42" classname="dataprocessor.tests.NodeTests" runstate="Runnable" seed="1737249748" result="Passed" start-time="2018-04-17 21:21:48Z" end-time="2018-04-17 21:21:48Z" duration="0.004104" asserts="43" />
          <test-case id="0-1137" name="SetValues43" fullname="dataprocessor.tests.NodeTests.SetValues43" methodname="SetValues43" classname="dataprocessor.tests.NodeTests" runstate="Runnable" seed="1698274566" result="Passed" start-time="2018-04-17 21:21:48Z" end-time="2018-04-17 21:21:48Z" duration="0.003893" asserts="44" />
          <test-case id="0-1141" name="SetValues44" fullname="dataprocessor.tests.NodeTests.SetValues44" methodname="SetValues44" classname="dataprocessor.tests.NodeTests" runstate="Runnable" seed="677327675" result="Passed" start-time="2018-04-17 21:21:48Z" end-time="2018-04-17 21:21:48Z" duration="0.004319" asserts="45" />
          <test-case id="0-1145" name="SetValues45" fullname="dataprocessor.tests.NodeTests.SetValues45" methodname="SetValues45" classname="dataprocessor.tests.NodeTests" runstate="Runnable" seed="1165348728" result="Passed" start-time="2018-04-17 21:21:48Z" end-time="2018-04-17 21:21:48Z" duration="0.004899" asserts="46" />
          <test-case id="0-1149" name="SetValues46" fullname="dataprocessor.tests.NodeTests.SetValues46" methodname="SetValues46" classname="dataprocessor.tests.NodeTests" runstate="Runnable" seed="666435362" result="Passed" start-time="2018-04-17 21:21:48Z" end-time="2018-04-17 21:21:48Z" duration="0.003778" asserts="47" />
          <test-case id="0-1153" name="SetValues47" fullname="dataprocessor.tests.NodeTests.SetValues47" methodname="SetValues47" classname="dataprocessor.tests.NodeTests" runstate="Runnable" seed="1567390145" result="Passed" start-time="2018-04-17 21:21:48Z" end-time="2018-04-17 21:21:48Z" duration="0.004581" asserts="48" />
          <test-case id="0-1157" name="SetValues48" fullname="dataprocessor.tests.NodeTests.SetValues48" methodname="SetValues48" classname="dataprocessor.tests.NodeTests" runstate="Runnable" seed="1804008864" result="Passed" start-time="2018-04-17 21:21:48Z" end-time="2018-04-17 21:21:48Z" duration="0.005863" asserts="49" />
          <test-case id="0-1161" name="SetValues49" fullname="dataprocessor.tests.NodeTests.SetValues49" methodname="SetValues49" classname="dataprocessor.tests.NodeTests" runstate="Runnable" seed="1382191776" result="Passed" start-time="2018-04-17 21:21:48Z" end-time="2018-04-17 21:21:48Z" duration="0.004725" asserts="50" />
          <test-case id="0-1238" name="SetValues5" fullname="dataprocessor.tests.NodeTests.SetValues5" methodname="SetValues5" classname="dataprocessor.tests.NodeTests" runstate="Runnable" seed="1375162202" result="Passed" start-time="2018-04-17 21:21:48Z" end-time="2018-04-17 21:21:48Z" duration="0.000794" asserts="6" />
          <test-case id="0-1165" name="SetValues50" fullname="dataprocessor.tests.NodeTests.SetValues50" methodname="SetValues50" classname="dataprocessor.tests.NodeTests" runstate="Runnable" seed="1856817551" result="Passed" start-time="2018-04-17 21:21:48Z" end-time="2018-04-17 21:21:48Z" duration="0.004379" asserts="51" />
          <test-case id="0-1169" name="SetValues51" fullname="dataprocessor.tests.NodeTests.SetValues51" methodname="SetValues51" classname="dataprocessor.tests.NodeTests" runstate="Runnable" seed="1317316323" result="Passed" start-time="2018-04-17 21:21:48Z" end-time="2018-04-17 21:21:48Z" duration="0.004362" asserts="52" />
          <test-case id="0-1173" name="SetValues52" fullname="dataprocessor.tests.NodeTests.SetValues52" methodname="SetValues52" classname="dataprocessor.tests.NodeTests" runstate="Runnable" seed="1148377900" result="Passed" start-time="2018-04-17 21:21:48Z" end-time="2018-04-17 21:21:48Z" duration="0.004357" asserts="53" />
          <test-case id="0-1177" name="SetValues53" fullname="dataprocessor.tests.NodeTests.SetValues53" methodname="SetValues53" classname="dataprocessor.tests.NodeTests" runstate="Runnable" seed="1348575263" result="Passed" start-time="2018-04-17 21:21:48Z" end-time="2018-04-17 21:21:48Z" duration="0.004628" asserts="54" />
          <test-case id="0-1181" name="SetValues54" fullname="dataprocessor.tests.NodeTests.SetValues54" methodname="SetValues54" classname="dataprocessor.tests.NodeTests" runstate="Runnable" seed="865932825" result="Passed" start-time="2018-04-17 21:21:48Z" end-time="2018-04-17 21:21:48Z" duration="0.004577" asserts="55" />
          <test-case id="0-1185" name="SetValues55" fullname="dataprocessor.tests.NodeTests.SetValues55" methodname="SetValues55" classname="dataprocessor.tests.NodeTests" runstate="Runnable" seed="1847597687" result="Passed" start-time="2018-04-17 21:21:48Z" end-time="2018-04-17 21:21:48Z" duration="0.005103" asserts="56" />
          <test-case id="0-1189" name="SetValues56" fullname="dataprocessor.tests.NodeTests.SetValues56" methodname="SetValues56" classname="dataprocessor.tests.NodeTests" runstate="Runnable" seed="906147456" result="Passed" start-time="2018-04-17 21:21:48Z" end-time="2018-04-17 21:21:48Z" duration="0.006587" asserts="57" />
          <test-case id="0-1193" name="SetValues57" fullname="dataprocessor.tests.NodeTests.SetValues57" methodname="SetValues57" classname="dataprocessor.tests.NodeTests" runstate="Runnable" seed="1640515670" result="Passed" start-time="2018-04-17 21:21:48Z" end-time="2018-04-17 21:21:48Z" duration="0.005359" asserts="58" />
          <test-case id="0-1197" name="SetValues58" fullname="dataprocessor.tests.NodeTests.SetValues58" methodname="SetValues58" classname="dataprocessor.tests.NodeTests" runstate="Runnable" seed="1731932744" result="Passed" start-time="2018-04-17 21:21:48Z" end-time="2018-04-17 21:21:48Z" duration="0.006645" asserts="59" />
          <test-case id="0-1201" name="SetValues59" fullname="dataprocessor.tests.NodeTests.SetValues59" methodname="SetValues59" classname="dataprocessor.tests.NodeTests" runstate="Runnable" seed="1823202878" result="Passed" start-time="2018-04-17 21:21:48Z" end-time="2018-04-17 21:21:48Z" duration="0.005042" asserts="60" />
          <test-case id="0-1242" name="SetValues6" fullname="dataprocessor.tests.NodeTests.SetValues6" methodname="SetValues6" classname="dataprocessor.tests.NodeTests" runstate="Runnable" seed="406793884" result="Passed" start-time="2018-04-17 21:21:48Z" end-time="2018-04-17 21:21:48Z" duration="0.000811" asserts="7" />
          <test-case id="0-1205" name="SetValues60" fullname="dataprocessor.tests.NodeTests.SetValues60" methodname="SetValues60" classname="dataprocessor.tests.NodeTests" runstate="Runnable" seed="1043655627" result="Passed" start-time="2018-04-17 21:21:48Z" end-time="2018-04-17 21:21:48Z" duration="0.005490" asserts="61" />
          <test-case id="0-1209" name="SetValues61" fullname="dataprocessor.tests.NodeTests.SetValues61" methodname="SetValues61" classname="dataprocessor.tests.NodeTests" runstate="Runnable" seed="72930442" result="Passed" start-time="2018-04-17 21:21:48Z" end-time="2018-04-17 21:21:48Z" duration="0.005354" asserts="62" />
          <test-case id="0-1213" name="SetValues62" fullname="dataprocessor.tests.NodeTests.SetValues62" methodname="SetValues62" classname="dataprocessor.tests.NodeTests" runstate="Runnable" seed="2004857396" result="Passed" start-time="2018-04-17 21:21:48Z" end-time="2018-04-17 21:21:48Z" duration="0.005186" asserts="63" />
          <test-case id="0-1217" name="SetValues63" fullname="dataprocessor.tests.NodeTests.SetValues63" methodname="SetValues63" classname="dataprocessor.tests.NodeTests" runstate="Runnable" seed="1698998069" result="Passed" start-time="2018-04-17 21:21:48Z" end-time="2018-04-17 21:21:48Z" duration="0.005322" asserts="64" />
          <test-case id="0-1221" name="SetValues64" fullname="dataprocessor.tests.NodeTests.SetValues64" methodname="SetValues64" classname="dataprocessor.tests.NodeTests" runstate="Runnable" seed="1114598717" result="Passed" start-time="2018-04-17 21:21:48Z" end-time="2018-04-17 21:21:48Z" duration="0.005495" asserts="65" />
          <test-case id="0-1246" name="SetValues7" fullname="dataprocessor.tests.NodeTests.SetValues7" methodname="SetValues7" classname="dataprocessor.tests.NodeTests" runstate="Runnable" seed="1967392560" result="Passed" start-time="2018-04-17 21:21:48Z" end-time="2018-04-17 21:21:48Z" duration="0.000886" asserts="8" />
          <test-case id="0-1250" name="SetValues8" fullname="dataprocessor.tests.NodeTests.SetValues8" methodname="SetValues8" classname="dataprocessor.tests.NodeTests" runstate="Runnable" seed="608865911" result="Passed" start-time="2018-04-17 21:21:48Z" end-time="2018-04-17 21:21:48Z" duration="0.001027" asserts="9" />
          <test-case id="0-1254" name="SetValues9" fullname="dataprocessor.tests.NodeTests.SetValues9" methodname="SetValues9" classname="dataprocessor.tests.NodeTests" runstate="Runnable" seed="643452008" result="Passed" start-time="2018-04-17 21:21:48Z" end-time="2018-04-17 21:21:48Z" duration="0.001110" asserts="10" />
        </test-suite>
        <test-suite type="TestFixture" id="0-1057" name="VerifyDynamicMethodCompiler" fullname="dataprocessor.tests.VerifyDynamicMethodCompiler" classname="dataprocessor.tests.VerifyDynamicMethodCompiler" runstate="Runnable" testcasecount="4" result="Passed" start-time="2018-04-17 21:21:48Z" end-time="2018-04-17 21:21:48Z" duration="0.004699" total="4" passed="4" failed="0" warnings="0" inconclusive="0" skipped="0" asserts="5">
          <test-case id="0-1058" name="CheckArgs" fullname="dataprocessor.tests.VerifyDynamicMethodCompiler.CheckArgs" methodname="CheckArgs" classname="dataprocessor.tests.VerifyCompiler" runstate="Runnable" seed="2105264669" result="Passed" start-time="2018-04-17 21:21:48Z" end-time="2018-04-17 21:21:48Z" duration="0.001520" asserts="2" />
          <test-case id="0-1059" name="CompilesAndRuns" fullname="dataprocessor.tests.VerifyDynamicMethodCompiler.CompilesAndRuns" methodname="CompilesAndRuns" classname="dataprocessor.tests.VerifyCompiler" runstate="Runnable" seed="460354001" result="Passed" start-time="2018-04-17 21:21:48Z" end-time="2018-04-17 21:21:48Z" duration="0.000832" asserts="1" />
          <test-case id="0-1061" name="FailEarlyIfPrivateMethodsAreNotSupported" fullname="dataprocessor.tests.VerifyDynamicMethodCompiler.FailEarlyIfPrivateMethodsAreNotSupported" methodname="FailEarlyIfPrivateMethodsAreNotSupported" classname="dataprocessor.tests.VerifyCompiler" runstate="Runnable" seed="1011213462" result="Passed" start-time="2018-04-17 21:21:48Z" end-time="2018-04-17 21:21:48Z" duration="0.001127" asserts="1" />
          <test-case id="0-1060" name="SupportsClosures" fullname="dataprocessor.tests.VerifyDynamicMethodCompiler.SupportsClosures" methodname="SupportsClosures" classname="dataprocessor.tests.VerifyCompiler" runstate="Runnable" seed="1137378529" result="Passed" start-time="2018-04-17 21:21:48Z" end-time="2018-04-17 21:21:48Z" duration="0.000914" asserts="1" />
        </test-suite>
        <test-suite type="TestFixture" id="0-1062" name="VerifyMethodBuilderCompiler" fullname="dataprocessor.tests.VerifyMethodBuilderCompiler" classname="dataprocessor.tests.VerifyMethodBuilderCompiler" runstate="Runnable" testcasecount="4" result="Passed" start-time="2018-04-17 21:21:48Z" end-time="2018-04-17 21:21:49Z" duration="0.042418" total="4" passed="4" failed="0" warnings="0" inconclusive="0" skipped="0" asserts="4">
          <test-case id="0-1063" name="CheckArgs" fullname="dataprocessor.tests.VerifyMethodBuilderCompiler.CheckArgs" methodname="CheckArgs" classname="dataprocessor.tests.VerifyCompiler" runstate="Runnable" seed="1454444070" result="Passed" start-time="2018-04-17 21:21:48Z" end-time="2018-04-17 21:21:48Z" duration="0.001293" asserts="2" />
          <test-case id="0-1064" name="CompilesAndRuns" fullname="dataprocessor.tests.VerifyMethodBuilderCompiler.CompilesAndRuns" methodname="CompilesAndRuns" classname="dataprocessor.tests.VerifyCompiler" runstate="Runnable" seed="1417598320" result="Passed" start-time="2018-04-17 21:21:48Z" end-time="2018-04-17 21:21:48Z" duration="0.001300" asserts="1" />
          <test-case id="0-1066" name="FailEarlyIfPrivateMethodsAreNotSupported" fullname="dataprocessor.tests.VerifyMethodBuilderCompiler.FailEarlyIfPrivateMethodsAreNotSupported" methodname="FailEarlyIfPrivateMethodsAreNotSupported" classname="dataprocessor.tests.VerifyCompiler" runstate="Runnable" seed="1356789078" result="Passed" start-time="2018-04-17 21:21:48Z" end-time="2018-04-17 21:21:49Z" duration="0.037374" asserts="0" />
          <test-case id="0-1065" name="SupportsClosures" fullname="dataprocessor.tests.VerifyMethodBuilderCompiler.SupportsClosures" methodname="SupportsClosures" classname="dataprocessor.tests.VerifyCompiler" runstate="Runnable" seed="210973500" result="Passed" start-time="2018-04-17 21:21:49Z" end-time="2018-04-17 21:21:49Z" duration="0.002100" asserts="1" />
        </test-suite>
      </test-suite>
    </test-suite>
  </test-suite>
</test-run>