<?xml version="1.0" encoding="utf-8" standalone="no"?>
<test-run id="2" testcasecount="342" result="Passed" total="342" passed="342" failed="0" inconclusive="0" skipped="0" asserts="4797" engine-version="3.8.0.0" clr-version="4.0.30319.42000" start-time="2018-04-17 12:37:14Z" end-time="2018-04-17 12:37:23Z" duration="8.392723">
  <command-line><![CDATA["Z:\Projects\dataprocessor_play\packages\NUnit.ConsoleRunner.3.8.0\tools\nunit3-console.exe" dataprocessor.tests\bin\Debug\dataprocessor.tests.dll]]></command-line>
  <test-suite type="Assembly" id="0-1351" name="dataprocessor.tests.dll" fullname="Z:\Projects\dataprocessor_play\dataprocessor.tests\bin\Debug\dataprocessor.tests.dll" runstate="Runnable" testcasecount="342" result="Passed" start-time="2018-04-17 12:37:18Z" end-time="2018-04-17 12:37:23Z" duration="4.565641" total="342" passed="342" failed="0" warnings="0" inconclusive="0" skipped="0" asserts="4797">
    <environment framework-version="3.9.0.0" clr-version="4.0.30319.42000" os-version="Microsoft Windows NT 10.0.16299.0" platform="Win32NT" cwd="Z:\Projects\dataprocessor_play" machine-name="DESKTOP-5CTSLKC" user="Daniel Crowe" user-domain="DESKTOP-5CTSLKC" culture="en-AU" uiculture="en-US" os-architecture="x64" />
    <settings>
      <setting name="DisposeRunners" value="True" />
      <setting name="WorkDirectory" value="Z:\Projects\dataprocessor_play" />
      <setting name="ImageRuntimeVersion" value="4.0.30319" />
      <setting name="ImageTargetFrameworkName" value=".NETFramework,Version=v4.6.1" />
      <setting name="ImageRequiresX86" value="False" />
      <setting name="ImageRequiresDefaultAppDomainAssemblyResolver" value="False" />
      <setting name="NumberOfTestWorkers" value="2" />
    </settings>
    <properties>
      <property name="_PID" value="644" />
      <property name="_APPDOMAIN" value="domain-" />
    </properties>
    <test-suite type="TestSuite" id="0-1352" name="dataprocessor" fullname="dataprocessor" runstate="Runnable" testcasecount="342" result="Passed" start-time="2018-04-17 12:37:18Z" end-time="2018-04-17 12:37:23Z" duration="4.539944" total="342" passed="342" failed="0" warnings="0" inconclusive="0" skipped="0" asserts="4797">
      <test-suite type="TestSuite" id="0-1353" name="tests" fullname="dataprocessor.tests" runstate="Runnable" testcasecount="342" result="Passed" start-time="2018-04-17 12:37:18Z" end-time="2018-04-17 12:37:23Z" duration="4.538135" total="342" passed="342" failed="0" warnings="0" inconclusive="0" skipped="0" asserts="4797">
        <test-suite type="TestFixture" id="0-1017" name="Actual_DynamicMethod" fullname="dataprocessor.tests.Actual_DynamicMethod" classname="dataprocessor.tests.Actual_DynamicMethod" runstate="Runnable" testcasecount="16" result="Passed" start-time="2018-04-17 12:37:18Z" end-time="2018-04-17 12:37:19Z" duration="1.147093" total="16" passed="16" failed="0" warnings="0" inconclusive="0" skipped="0" asserts="48">
          <test-case id="0-1018" name="AddInput_ArgChecks" fullname="dataprocessor.tests.Actual_DynamicMethod.AddInput_ArgChecks" methodname="AddInput_ArgChecks" classname="dataprocessor.tests.VerifyAPI" runstate="Runnable" seed="2121762486" result="Passed" start-time="2018-04-17 12:37:18Z" end-time="2018-04-17 12:37:19Z" duration="0.609983" asserts="5" />
          <test-case id="0-1019" name="AddListener_ArgChecks" fullname="dataprocessor.tests.Actual_DynamicMethod.AddListener_ArgChecks" methodname="AddListener_ArgChecks" classname="dataprocessor.tests.VerifyAPI" runstate="Runnable" seed="1468035549" result="Passed" start-time="2018-04-17 12:37:19Z" end-time="2018-04-17 12:37:19Z" duration="0.039551" asserts="5" />
          <test-case id="0-1033" name="GetAllNames" fullname="dataprocessor.tests.Actual_DynamicMethod.GetAllNames" methodname="GetAllNames" classname="dataprocessor.tests.VerifyAPI" runstate="Runnable" seed="1505841953" result="Passed" start-time="2018-04-17 12:37:19Z" end-time="2018-04-17 12:37:19Z" duration="0.047182" asserts="2" />
          <test-case id="0-1032" name="GetName" fullname="dataprocessor.tests.Actual_DynamicMethod.GetName" methodname="GetName" classname="dataprocessor.tests.VerifyAPI" runstate="Runnable" seed="590851125" result="Passed" start-time="2018-04-17 12:37:19Z" end-time="2018-04-17 12:37:19Z" duration="0.006914" asserts="3" />
          <test-case id="0-1022" name="OneIn_DifferentOut" fullname="dataprocessor.tests.Actual_DynamicMethod.OneIn_DifferentOut" methodname="OneIn_DifferentOut" classname="dataprocessor.tests.VerifyAPI" runstate="Runnable" seed="1743462171" result="Passed" start-time="2018-04-17 12:37:19Z" end-time="2018-04-17 12:37:19Z" duration="0.143817" asserts="2">
            <output><![CDATA[SortDependenciesFirst: dataprocessor.Collation.ProcessorInfo
OptimiseAndLog: bob => .Lambda #Lambda1<System.Action`1[System.Int32]>(System.Int32 $bob) {
    .Block() {
        .Default(System.Void)
    }
}
DynamicMethodCompiler.Compile: 78.72ms
DataProcessorBuilder.Build: 134.13ms
]]></output>
          </test-case>
          <test-case id="0-1020" name="OneIn_OneOut" fullname="dataprocessor.tests.Actual_DynamicMethod.OneIn_OneOut" methodname="OneIn_OneOut" classname="dataprocessor.tests.VerifyAPI" runstate="Runnable" seed="312276184" result="Passed" start-time="2018-04-17 12:37:19Z" end-time="2018-04-17 12:37:19Z" duration="0.066262" asserts="2">
            <output><![CDATA[SortDependenciesFirst: dataprocessor.Collation.ProcessorInfo
OptimiseAndLog: bob => .Lambda #Lambda1<System.Action`1[System.Int32]>(System.Int32 $bob) {
    .Block() {
        .Call .Constant<dataprocessor.tests.Actual_DynamicMethod>(dataprocessor.tests.Actual_DynamicMethod).SetActual($bob)
    }
}
DynamicMethodCompiler.Compile: 27.22ms
DataProcessorBuilder.Build: 64.97ms
]]></output>
          </test-case>
          <test-case id="0-1023" name="OneIn_TwoOut" fullname="dataprocessor.tests.Actual_DynamicMethod.OneIn_TwoOut" methodname="OneIn_TwoOut" classname="dataprocessor.tests.VerifyAPI" runstate="Runnable" seed="1637077434" result="Passed" start-time="2018-04-17 12:37:19Z" end-time="2018-04-17 12:37:19Z" duration="0.006749" asserts="4">
            <output><![CDATA[SortDependenciesFirst: dataprocessor.Collation.ProcessorInfo, dataprocessor.Collation.ProcessorInfo
OptimiseAndLog: bob => .Lambda #Lambda1<System.Action`1[System.Int32]>(System.Int32 $bob) {
    .Block() {
        .Call .Constant<dataprocessor.tests.Actual_DynamicMethod>(dataprocessor.tests.Actual_DynamicMethod).SetActual2($bob);
        .Call .Constant<dataprocessor.tests.Actual_DynamicMethod>(dataprocessor.tests.Actual_DynamicMethod).SetActual($bob)
    }
}
DynamicMethodCompiler.Compile: 2.25ms
DataProcessorBuilder.Build: 5.56ms
]]></output>
          </test-case>
          <test-case id="0-1024" name="OneIn_ZeroOut" fullname="dataprocessor.tests.Actual_DynamicMethod.OneIn_ZeroOut" methodname="OneIn_ZeroOut" classname="dataprocessor.tests.VerifyAPI" runstate="Runnable" seed="1974828734" result="Passed" start-time="2018-04-17 12:37:19Z" end-time="2018-04-17 12:37:19Z" duration="0.001249" asserts="0">
            <output><![CDATA[SortDependenciesFirst: 
OptimiseAndLog: bob => .Lambda #Lambda1<System.Action`1[System.Int32]>(System.Int32 $bob) {
    .Block() {
        .Default(System.Void)
    }
}
DynamicMethodCompiler.Compile: 0.27ms
DataProcessorBuilder.Build: 0.7ms
]]></output>
          </test-case>
          <test-case id="0-1027" name="Processor_Chained" fullname="dataprocessor.tests.Actual_DynamicMethod.Processor_Chained" methodname="Processor_Chained" classname="dataprocessor.tests.VerifyAPI" runstate="Runnable" seed="217455216" result="Passed" start-time="2018-04-17 12:37:19Z" end-time="2018-04-17 12:37:19Z" duration="0.034904" asserts="3">
            <output><![CDATA[SortDependenciesFirst: dataprocessor.Collation.ProcessorInfo, dataprocessor.Collation.ProcessorInfo, dataprocessor.Collation.ProcessorInfo, dataprocessor.Collation.ProcessorInfo
OptimiseAndLog: in => .Lambda #Lambda1<System.Action`1[System.Int32]>(System.Int32 $in) {
    .Block(
        System.Int32 $tmp2,
        System.Int32 $tmp1,
        System.Int32 $out) {
        $tmp2 = .Call .Constant<dataprocessor.tests.Actual_DynamicMethod>(dataprocessor.tests.Actual_DynamicMethod).Plus2($in);
        $tmp1 = .Call .Constant<dataprocessor.tests.Actual_DynamicMethod>(dataprocessor.tests.Actual_DynamicMethod).Plus1($in);
        $out = .Call .Constant<dataprocessor.tests.Actual_DynamicMethod>(dataprocessor.tests.Actual_DynamicMethod).Add(
            $tmp1,
            $tmp2);
        .Call .Constant<dataprocessor.tests.Actual_DynamicMethod>(dataprocessor.tests.Actual_DynamicMethod).SetActual($out)
    }
}
DynamicMethodCompiler.Compile: 8.04ms
DataProcessorBuilder.Build: 16.36ms
]]></output>
          </test-case>
          <test-case id="0-1025" name="Processor_OneIn_OneOut" fullname="dataprocessor.tests.Actual_DynamicMethod.Processor_OneIn_OneOut" methodname="Processor_OneIn_OneOut" classname="dataprocessor.tests.VerifyAPI" runstate="Runnable" seed="784208548" result="Passed" start-time="2018-04-17 12:37:19Z" end-time="2018-04-17 12:37:19Z" duration="0.002115" asserts="2">
            <output><![CDATA[SortDependenciesFirst: dataprocessor.Collation.ProcessorInfo, dataprocessor.Collation.ProcessorInfo
OptimiseAndLog: in => .Lambda #Lambda1<System.Action`1[System.Int32]>(System.Int32 $in) {
    .Block(System.Int32 $out) {
        $out = .Call .Constant<dataprocessor.tests.Actual_DynamicMethod>(dataprocessor.tests.Actual_DynamicMethod).Plus1($in);
        .Call .Constant<dataprocessor.tests.Actual_DynamicMethod>(dataprocessor.tests.Actual_DynamicMethod).SetActual($out)
    }
}
DynamicMethodCompiler.Compile: 0.4ms
DataProcessorBuilder.Build: 1.01ms
]]></output>
          </test-case>
          <test-case id="0-1029" name="Processor_Optional" fullname="dataprocessor.tests.Actual_DynamicMethod.Processor_Optional" methodname="Processor_Optional" classname="dataprocessor.tests.VerifyAPI" runstate="Runnable" seed="324939785" result="Passed" start-time="2018-04-17 12:37:19Z" end-time="2018-04-17 12:37:19Z" duration="0.045636" asserts="4">
            <output><![CDATA[SortDependenciesFirst: dataprocessor.Collation.ProcessorInfo, dataprocessor.Collation.ProcessorInfo
OptimiseAndLog: in => .Lambda #Lambda1<System.Action`1[System.Int32]>(System.Int32 $in) {
    .Block(dataprocessor.Maybe`1[System.Int32] $out) {
        $out = .If ($in == 10) {
            dataprocessor.Maybe`1[System.Int32].Nothing
        } .Else {
            .Call dataprocessor.Maybe`1[System.Int32].Just($in)
        };
        .If (
            $out.IsPresent
        ) {
            .Call .Constant<dataprocessor.tests.Actual_DynamicMethod>(dataprocessor.tests.Actual_DynamicMethod).SetActual($out.Value)
        } .Else {
            .Default(System.Void)
        }
    }
}
DynamicMethodCompiler.Compile: 13.26ms
DataProcessorBuilder.Build: 26.54ms
]]></output>
          </test-case>
          <test-case id="0-1031" name="Processor_Optional_Chained" fullname="dataprocessor.tests.Actual_DynamicMethod.Processor_Optional_Chained" methodname="Processor_Optional_Chained" classname="dataprocessor.tests.VerifyAPI" runstate="Runnable" seed="956250174" result="Passed" start-time="2018-04-17 12:37:19Z" end-time="2018-04-17 12:37:19Z" duration="0.020222" asserts="4">
            <output><![CDATA[SortDependenciesFirst: dataprocessor.Collation.ProcessorInfo, dataprocessor.Collation.ProcessorInfo, dataprocessor.Collation.ProcessorInfo
OptimiseAndLog: in1 => .Lambda #Lambda1<System.Action`1[System.Int32]>(System.Int32 $in1) {
    .Block(
        dataprocessor.Maybe`1[System.Int32] $in2,
        dataprocessor.Maybe`1[System.Int32] $out) {
        $in2 = .If ($in1 == 10) {
            dataprocessor.Maybe`1[System.Int32].Nothing
        } .Else {
            .Call dataprocessor.Maybe`1[System.Int32].Just($in1)
        };
        .If (
            $in2.IsPresent
        ) {
            $out = .Call dataprocessor.Maybe`1[System.Int32].Just($in2.Value + 1)
        } .Else {
            .Default(System.Void)
        };
        .If (
            $out.IsPresent
        ) {
            .Call .Constant<dataprocessor.tests.Actual_DynamicMethod>(dataprocessor.tests.Actual_DynamicMethod).SetActual($out.Value)
        } .Else {
            .Default(System.Void)
        }
    }
}
DynamicMethodCompiler.Compile: 5.47ms
DataProcessorBuilder.Build: 16.24ms
]]></output>
          </test-case>
          <test-case id="0-1030" name="Processor_Optional_Two" fullname="dataprocessor.tests.Actual_DynamicMethod.Processor_Optional_Two" methodname="Processor_Optional_Two" classname="dataprocessor.tests.VerifyAPI" runstate="Runnable" seed="825304109" result="Passed" start-time="2018-04-17 12:37:19Z" end-time="2018-04-17 12:37:19Z" duration="0.062739" asserts="4">
            <output><![CDATA[SortDependenciesFirst: dataprocessor.Collation.ProcessorInfo, dataprocessor.Collation.ProcessorInfo
Splitting: out
OptimiseAndLog: in1 => .Lambda #Lambda1<System.Action`1[System.Int32]>(System.Int32 $in1) {
    .Block() {
        .Call .Constant<dataprocessor.Node`2[System.Int32,System.Int32]>(dataprocessor.Node`2[System.Int32,System.Int32]).Set1($in1)
    }
}
DynamicMethodCompiler.Compile: 0.3ms
OptimiseAndLog: in2 => .Lambda #Lambda1<System.Action`1[System.Int32]>(System.Int32 $in2) {
    .Block() {
        .Call .Constant<dataprocessor.Node`2[System.Int32,System.Int32]>(dataprocessor.Node`2[System.Int32,System.Int32]).Set2($in2)
    }
}
DynamicMethodCompiler.Compile: 0.33ms
OptimiseAndLog: out => .Lambda #Lambda1<dataprocessor.Node`2+Action[System.Int32,System.Int32]>(
    System.Int32 $in1,
    System.Int32 $in2) {
    .Block(dataprocessor.Maybe`1[System.Int32] $out) {
        $out = .If ($in1 == 0) {
            dataprocessor.Maybe`1[System.Int32].Nothing
        } .Else {
            .Call dataprocessor.Maybe`1[System.Int32].Just($in2)
        };
        .If (
            $out.IsPresent
        ) {
            .Call .Constant<dataprocessor.tests.Actual_DynamicMethod>(dataprocessor.tests.Actual_DynamicMethod).SetActual($out.Value)
        } .Else {
            .Default(System.Void)
        }
    }
}
DynamicMethodCompiler.Compile: 1.09ms
DataProcessorBuilder.Build: 49.88ms
]]></output>
          </test-case>
          <test-case id="0-1028" name="Processor_TwoIn_Chained" fullname="dataprocessor.tests.Actual_DynamicMethod.Processor_TwoIn_Chained" methodname="Processor_TwoIn_Chained" classname="dataprocessor.tests.VerifyAPI" runstate="Runnable" seed="1149158049" result="Passed" start-time="2018-04-17 12:37:19Z" end-time="2018-04-17 12:37:19Z" duration="0.007930" asserts="2">
            <output><![CDATA[SortDependenciesFirst: dataprocessor.Collation.ProcessorInfo, dataprocessor.Collation.ProcessorInfo, dataprocessor.Collation.ProcessorInfo, dataprocessor.Collation.ProcessorInfo
Splitting: out
OptimiseAndLog: in1 => .Lambda #Lambda1<System.Action`1[System.Int32]>(System.Int32 $in1) {
    .Block(System.Int32 $tmp1) {
        $tmp1 = .Call .Constant<dataprocessor.tests.Actual_DynamicMethod>(dataprocessor.tests.Actual_DynamicMethod).Plus1($in1);
        .Call .Constant<dataprocessor.Node`2[System.Int32,System.Int32]>(dataprocessor.Node`2[System.Int32,System.Int32]).Set1($tmp1)
    }
}
DynamicMethodCompiler.Compile: 1.24ms
OptimiseAndLog: in2 => .Lambda #Lambda1<System.Action`1[System.Int32]>(System.Int32 $in2) {
    .Block(System.Int32 $tmp2) {
        $tmp2 = .Call .Constant<dataprocessor.tests.Actual_DynamicMethod>(dataprocessor.tests.Actual_DynamicMethod).Plus2($in2);
        .Call .Constant<dataprocessor.Node`2[System.Int32,System.Int32]>(dataprocessor.Node`2[System.Int32,System.Int32]).Set2($tmp2)
    }
}
DynamicMethodCompiler.Compile: 0.63ms
OptimiseAndLog: out => .Lambda #Lambda1<dataprocessor.Node`2+Action[System.Int32,System.Int32]>(
    System.Int32 $tmp1,
    System.Int32 $tmp2) {
    .Block(System.Int32 $out) {
        $out = .Call .Constant<dataprocessor.tests.Actual_DynamicMethod>(dataprocessor.tests.Actual_DynamicMethod).Add(
            $tmp1,
            $tmp2);
        .Call .Constant<dataprocessor.tests.Actual_DynamicMethod>(dataprocessor.tests.Actual_DynamicMethod).SetActual($out)
    }
}
DynamicMethodCompiler.Compile: 0.94ms
DataProcessorBuilder.Build: 5.66ms
]]></output>
          </test-case>
          <test-case id="0-1026" name="Processor_TwoIn_OneOut_SeparatePackets" fullname="dataprocessor.tests.Actual_DynamicMethod.Processor_TwoIn_OneOut_SeparatePackets" methodname="Processor_TwoIn_OneOut_SeparatePackets" classname="dataprocessor.tests.VerifyAPI" runstate="Runnable" seed="584948824" result="Passed" start-time="2018-04-17 12:37:19Z" end-time="2018-04-17 12:37:19Z" duration="0.005377" asserts="4">
            <output><![CDATA[SortDependenciesFirst: dataprocessor.Collation.ProcessorInfo, dataprocessor.Collation.ProcessorInfo
Splitting: out
OptimiseAndLog: in1 => .Lambda #Lambda1<System.Action`1[System.Int32]>(System.Int32 $in1) {
    .Block() {
        .Call .Constant<dataprocessor.Node`2[System.Int32,System.Int32]>(dataprocessor.Node`2[System.Int32,System.Int32]).Set1($in1)
    }
}
DynamicMethodCompiler.Compile: 0.32ms
OptimiseAndLog: in2 => .Lambda #Lambda1<System.Action`1[System.Int32]>(System.Int32 $in2) {
    .Block() {
        .Call .Constant<dataprocessor.Node`2[System.Int32,System.Int32]>(dataprocessor.Node`2[System.Int32,System.Int32]).Set2($in2)
    }
}
DynamicMethodCompiler.Compile: 0.22ms
OptimiseAndLog: out => .Lambda #Lambda1<dataprocessor.Node`2+Action[System.Int32,System.Int32]>(
    System.Int32 $in1,
    System.Int32 $in2) {
    .Block(System.Int32 $out) {
        $out = .Call .Constant<dataprocessor.tests.Actual_DynamicMethod>(dataprocessor.tests.Actual_DynamicMethod).Add(
            $in1,
            $in2);
        .Call .Constant<dataprocessor.tests.Actual_DynamicMethod>(dataprocessor.tests.Actual_DynamicMethod).SetActual($out)
    }
}
DynamicMethodCompiler.Compile: 1.73ms
DataProcessorBuilder.Build: 3.85ms
]]></output>
          </test-case>
          <test-case id="0-1021" name="TwoIn_OneOut" fullname="dataprocessor.tests.Actual_DynamicMethod.TwoIn_OneOut" methodname="TwoIn_OneOut" classname="dataprocessor.tests.VerifyAPI" runstate="Runnable" seed="509431521" result="Passed" start-time="2018-04-17 12:37:19Z" end-time="2018-04-17 12:37:19Z" duration="0.014210" asserts="2">
            <output><![CDATA[SortDependenciesFirst: dataprocessor.Collation.ProcessorInfo
Splitting: a,b
OptimiseAndLog: a => .Lambda #Lambda1<System.Action`1[System.Int32]>(System.Int32 $a) {
    .Block() {
        .Call .Constant<dataprocessor.Node`2[System.Int32,System.Int32]>(dataprocessor.Node`2[System.Int32,System.Int32]).Set1($a)
    }
}
DynamicMethodCompiler.Compile: 0.31ms
OptimiseAndLog: b => .Lambda #Lambda1<System.Action`1[System.Int32]>(System.Int32 $b) {
    .Block() {
        .Call .Constant<dataprocessor.Node`2[System.Int32,System.Int32]>(dataprocessor.Node`2[System.Int32,System.Int32]).Set2($b)
    }
}
DynamicMethodCompiler.Compile: 0.23ms
OptimiseAndLog: a,b => .Lambda #Lambda1<dataprocessor.Node`2+Action[System.Int32,System.Int32]>(
    System.Int32 $a,
    System.Int32 $b) {
    .Block() {
        .Call .Constant<dataprocessor.tests.VerifyAPI>(dataprocessor.tests.Actual_DynamicMethod).SetActual($a + $b)
    }
}
DynamicMethodCompiler.Compile: 0.47ms
DataProcessorBuilder.Build: 6.26ms
]]></output>
          </test-case>
        </test-suite>
        <test-suite type="TestFixture" id="0-1034" name="Actual_MethodBuilder" fullname="dataprocessor.tests.Actual_MethodBuilder" classname="dataprocessor.tests.Actual_MethodBuilder" runstate="Runnable" testcasecount="16" result="Passed" start-time="2018-04-17 12:37:19Z" end-time="2018-04-17 12:37:19Z" duration="0.188014" total="16" passed="16" failed="0" warnings="0" inconclusive="0" skipped="0" asserts="48">
          <test-case id="0-1035" name="AddInput_ArgChecks" fullname="dataprocessor.tests.Actual_MethodBuilder.AddInput_ArgChecks" methodname="AddInput_ArgChecks" classname="dataprocessor.tests.VerifyAPI" runstate="Runnable" seed="1193260033" result="Passed" start-time="2018-04-17 12:37:19Z" end-time="2018-04-17 12:37:19Z" duration="0.012571" asserts="5" />
          <test-case id="0-1036" name="AddListener_ArgChecks" fullname="dataprocessor.tests.Actual_MethodBuilder.AddListener_ArgChecks" methodname="AddListener_ArgChecks" classname="dataprocessor.tests.VerifyAPI" runstate="Runnable" seed="484760554" result="Passed" start-time="2018-04-17 12:37:19Z" end-time="2018-04-17 12:37:19Z" duration="0.001691" asserts="5" />
          <test-case id="0-1050" name="GetAllNames" fullname="dataprocessor.tests.Actual_MethodBuilder.GetAllNames" methodname="GetAllNames" classname="dataprocessor.tests.VerifyAPI" runstate="Runnable" seed="1804637126" result="Passed" start-time="2018-04-17 12:37:19Z" end-time="2018-04-17 12:37:19Z" duration="0.001373" asserts="2" />
          <test-case id="0-1049" name="GetName" fullname="dataprocessor.tests.Actual_MethodBuilder.GetName" methodname="GetName" classname="dataprocessor.tests.VerifyAPI" runstate="Runnable" seed="1204642454" result="Passed" start-time="2018-04-17 12:37:19Z" end-time="2018-04-17 12:37:19Z" duration="0.007543" asserts="3" />
          <test-case id="0-1039" name="OneIn_DifferentOut" fullname="dataprocessor.tests.Actual_MethodBuilder.OneIn_DifferentOut" methodname="OneIn_DifferentOut" classname="dataprocessor.tests.VerifyAPI" runstate="Runnable" seed="274970045" result="Passed" start-time="2018-04-17 12:37:19Z" end-time="2018-04-17 12:37:19Z" duration="0.044946" asserts="2">
            <output><![CDATA[SortDependenciesFirst: dataprocessor.Collation.ProcessorInfo
OptimiseAndLog: bob => .Lambda #Lambda1<System.Action`1[System.Int32]>(System.Int32 $bob) {
    .Block() {
        .Default(System.Void)
    }
}
MethodBuilderCompiler.Compile: 38.99ms
DataProcessorBuilder.Build: 43.12ms
]]></output>
          </test-case>
          <test-case id="0-1037" name="OneIn_OneOut" fullname="dataprocessor.tests.Actual_MethodBuilder.OneIn_OneOut" methodname="OneIn_OneOut" classname="dataprocessor.tests.VerifyAPI" runstate="Runnable" seed="1092990213" result="Passed" start-time="2018-04-17 12:37:19Z" end-time="2018-04-17 12:37:19Z" duration="0.021254" asserts="2">
            <output><![CDATA[SortDependenciesFirst: dataprocessor.Collation.ProcessorInfo
OptimiseAndLog: bob => .Lambda #Lambda1<System.Action`1[System.Int32]>(System.Int32 $bob) {
    .Block() {
        .Call .Constant<dataprocessor.tests.Actual_MethodBuilder>(dataprocessor.tests.Actual_MethodBuilder).SetActual($bob)
    }
}
MethodBuilderCompiler.Compile: 18.12ms
DataProcessorBuilder.Build: 19.97ms
]]></output>
          </test-case>
          <test-case id="0-1040" name="OneIn_TwoOut" fullname="dataprocessor.tests.Actual_MethodBuilder.OneIn_TwoOut" methodname="OneIn_TwoOut" classname="dataprocessor.tests.VerifyAPI" runstate="Runnable" seed="1726609874" result="Passed" start-time="2018-04-17 12:37:19Z" end-time="2018-04-17 12:37:19Z" duration="0.003780" asserts="4">
            <output><![CDATA[SortDependenciesFirst: dataprocessor.Collation.ProcessorInfo, dataprocessor.Collation.ProcessorInfo
OptimiseAndLog: bob => .Lambda #Lambda1<System.Action`1[System.Int32]>(System.Int32 $bob) {
    .Block() {
        .Call .Constant<dataprocessor.tests.Actual_MethodBuilder>(dataprocessor.tests.Actual_MethodBuilder).SetActual2($bob);
        .Call .Constant<dataprocessor.tests.Actual_MethodBuilder>(dataprocessor.tests.Actual_MethodBuilder).SetActual($bob)
    }
}
MethodBuilderCompiler.Compile: 1.56ms
DataProcessorBuilder.Build: 2.32ms
]]></output>
          </test-case>
          <test-case id="0-1041" name="OneIn_ZeroOut" fullname="dataprocessor.tests.Actual_MethodBuilder.OneIn_ZeroOut" methodname="OneIn_ZeroOut" classname="dataprocessor.tests.VerifyAPI" runstate="Runnable" seed="841941229" result="Passed" start-time="2018-04-17 12:37:19Z" end-time="2018-04-17 12:37:19Z" duration="0.007010" asserts="0">
            <output><![CDATA[SortDependenciesFirst: 
OptimiseAndLog: bob => .Lambda #Lambda1<System.Action`1[System.Int32]>(System.Int32 $bob) {
    .Block() {
        .Default(System.Void)
    }
}
MethodBuilderCompiler.Compile: 0.39ms
DataProcessorBuilder.Build: 3.88ms
]]></output>
          </test-case>
          <test-case id="0-1044" name="Processor_Chained" fullname="dataprocessor.tests.Actual_MethodBuilder.Processor_Chained" methodname="Processor_Chained" classname="dataprocessor.tests.VerifyAPI" runstate="Runnable" seed="2009445231" result="Passed" start-time="2018-04-17 12:37:19Z" end-time="2018-04-17 12:37:19Z" duration="0.006401" asserts="3">
            <output><![CDATA[SortDependenciesFirst: dataprocessor.Collation.ProcessorInfo, dataprocessor.Collation.ProcessorInfo, dataprocessor.Collation.ProcessorInfo, dataprocessor.Collation.ProcessorInfo
OptimiseAndLog: in => .Lambda #Lambda1<System.Action`1[System.Int32]>(System.Int32 $in) {
    .Block(
        System.Int32 $tmp2,
        System.Int32 $tmp1,
        System.Int32 $out) {
        $tmp2 = .Call .Constant<dataprocessor.tests.Actual_MethodBuilder>(dataprocessor.tests.Actual_MethodBuilder).Plus2($in);
        $tmp1 = .Call .Constant<dataprocessor.tests.Actual_MethodBuilder>(dataprocessor.tests.Actual_MethodBuilder).Plus1($in);
        $out = .Call .Constant<dataprocessor.tests.Actual_MethodBuilder>(dataprocessor.tests.Actual_MethodBuilder).Add(
            $tmp1,
            $tmp2);
        .Call .Constant<dataprocessor.tests.Actual_MethodBuilder>(dataprocessor.tests.Actual_MethodBuilder).SetActual($out)
    }
}
MethodBuilderCompiler.Compile: 2ms
DataProcessorBuilder.Build: 3.88ms
]]></output>
          </test-case>
          <test-case id="0-1042" name="Processor_OneIn_OneOut" fullname="dataprocessor.tests.Actual_MethodBuilder.Processor_OneIn_OneOut" methodname="Processor_OneIn_OneOut" classname="dataprocessor.tests.VerifyAPI" runstate="Runnable" seed="2124689706" result="Passed" start-time="2018-04-17 12:37:19Z" end-time="2018-04-17 12:37:19Z" duration="0.003029" asserts="2">
            <output><![CDATA[SortDependenciesFirst: dataprocessor.Collation.ProcessorInfo, dataprocessor.Collation.ProcessorInfo
OptimiseAndLog: in => .Lambda #Lambda1<System.Action`1[System.Int32]>(System.Int32 $in) {
    .Block(System.Int32 $out) {
        $out = .Call .Constant<dataprocessor.tests.Actual_MethodBuilder>(dataprocessor.tests.Actual_MethodBuilder).Plus1($in);
        .Call .Constant<dataprocessor.tests.Actual_MethodBuilder>(dataprocessor.tests.Actual_MethodBuilder).SetActual($out)
    }
}
MethodBuilderCompiler.Compile: 0.83ms
DataProcessorBuilder.Build: 1.7ms
]]></output>
          </test-case>
          <test-case id="0-1046" name="Processor_Optional" fullname="dataprocessor.tests.Actual_MethodBuilder.Processor_Optional" methodname="Processor_Optional" classname="dataprocessor.tests.VerifyAPI" runstate="Runnable" seed="1010754711" result="Passed" start-time="2018-04-17 12:37:19Z" end-time="2018-04-17 12:37:19Z" duration="0.022478" asserts="4">
            <output><![CDATA[SortDependenciesFirst: dataprocessor.Collation.ProcessorInfo, dataprocessor.Collation.ProcessorInfo
OptimiseAndLog: in => .Lambda #Lambda1<System.Action`1[System.Int32]>(System.Int32 $in) {
    .Block(dataprocessor.Maybe`1[System.Int32] $out) {
        $out = .If ($in == 10) {
            dataprocessor.Maybe`1[System.Int32].Nothing
        } .Else {
            .Call dataprocessor.Maybe`1[System.Int32].Just($in)
        };
        .If (
            $out.IsPresent
        ) {
            .Call .Constant<dataprocessor.tests.Actual_MethodBuilder>(dataprocessor.tests.Actual_MethodBuilder).SetActual($out.Value)
        } .Else {
            .Default(System.Void)
        }
    }
}
MethodBuilderCompiler.Compile: 14.94ms
DataProcessorBuilder.Build: 20.06ms
]]></output>
          </test-case>
          <test-case id="0-1048" name="Processor_Optional_Chained" fullname="dataprocessor.tests.Actual_MethodBuilder.Processor_Optional_Chained" methodname="Processor_Optional_Chained" classname="dataprocessor.tests.VerifyAPI" runstate="Runnable" seed="396787248" result="Passed" start-time="2018-04-17 12:37:19Z" end-time="2018-04-17 12:37:19Z" duration="0.008072" asserts="4">
            <output><![CDATA[SortDependenciesFirst: dataprocessor.Collation.ProcessorInfo, dataprocessor.Collation.ProcessorInfo, dataprocessor.Collation.ProcessorInfo
OptimiseAndLog: in1 => .Lambda #Lambda1<System.Action`1[System.Int32]>(System.Int32 $in1) {
    .Block(
        dataprocessor.Maybe`1[System.Int32] $in2,
        dataprocessor.Maybe`1[System.Int32] $out) {
        $in2 = .If ($in1 == 10) {
            dataprocessor.Maybe`1[System.Int32].Nothing
        } .Else {
            .Call dataprocessor.Maybe`1[System.Int32].Just($in1)
        };
        .If (
            $in2.IsPresent
        ) {
            $out = .Call dataprocessor.Maybe`1[System.Int32].Just($in2.Value + 1)
        } .Else {
            .Default(System.Void)
        };
        .If (
            $out.IsPresent
        ) {
            .Call .Constant<dataprocessor.tests.Actual_MethodBuilder>(dataprocessor.tests.Actual_MethodBuilder).SetActual($out.Value)
        } .Else {
            .Default(System.Void)
        }
    }
}
MethodBuilderCompiler.Compile: 1.36ms
DataProcessorBuilder.Build: 3.1ms
]]></output>
          </test-case>
          <test-case id="0-1047" name="Processor_Optional_Two" fullname="dataprocessor.tests.Actual_MethodBuilder.Processor_Optional_Two" methodname="Processor_Optional_Two" classname="dataprocessor.tests.VerifyAPI" runstate="Runnable" seed="477889686" result="Passed" start-time="2018-04-17 12:37:19Z" end-time="2018-04-17 12:37:19Z" duration="0.011739" asserts="4">
            <output><![CDATA[SortDependenciesFirst: dataprocessor.Collation.ProcessorInfo, dataprocessor.Collation.ProcessorInfo
Splitting: out
OptimiseAndLog: in1 => .Lambda #Lambda1<System.Action`1[System.Int32]>(System.Int32 $in1) {
    .Block() {
        .Call .Constant<dataprocessor.Node`2[System.Int32,System.Int32]>(dataprocessor.Node`2[System.Int32,System.Int32]).Set1($in1)
    }
}
MethodBuilderCompiler.Compile: 1.12ms
OptimiseAndLog: in2 => .Lambda #Lambda1<System.Action`1[System.Int32]>(System.Int32 $in2) {
    .Block() {
        .Call .Constant<dataprocessor.Node`2[System.Int32,System.Int32]>(dataprocessor.Node`2[System.Int32,System.Int32]).Set2($in2)
    }
}
MethodBuilderCompiler.Compile: 0.64ms
OptimiseAndLog: out => .Lambda #Lambda1<dataprocessor.Node`2+Action[System.Int32,System.Int32]>(
    System.Int32 $in1,
    System.Int32 $in2) {
    .Block(dataprocessor.Maybe`1[System.Int32] $out) {
        $out = .If ($in1 == 0) {
            dataprocessor.Maybe`1[System.Int32].Nothing
        } .Else {
            .Call dataprocessor.Maybe`1[System.Int32].Just($in2)
        };
        .If (
            $out.IsPresent
        ) {
            .Call .Constant<dataprocessor.tests.Actual_MethodBuilder>(dataprocessor.tests.Actual_MethodBuilder).SetActual($out.Value)
        } .Else {
            .Default(System.Void)
        }
    }
}
MethodBuilderCompiler.Compile: 0.83ms
DataProcessorBuilder.Build: 7.27ms
]]></output>
          </test-case>
          <test-case id="0-1045" name="Processor_TwoIn_Chained" fullname="dataprocessor.tests.Actual_MethodBuilder.Processor_TwoIn_Chained" methodname="Processor_TwoIn_Chained" classname="dataprocessor.tests.VerifyAPI" runstate="Runnable" seed="952707847" result="Passed" start-time="2018-04-17 12:37:19Z" end-time="2018-04-17 12:37:19Z" duration="0.009918" asserts="2">
            <output><![CDATA[SortDependenciesFirst: dataprocessor.Collation.ProcessorInfo, dataprocessor.Collation.ProcessorInfo, dataprocessor.Collation.ProcessorInfo, dataprocessor.Collation.ProcessorInfo
Splitting: out
OptimiseAndLog: in1 => .Lambda #Lambda1<System.Action`1[System.Int32]>(System.Int32 $in1) {
    .Block(System.Int32 $tmp1) {
        $tmp1 = .Call .Constant<dataprocessor.tests.Actual_MethodBuilder>(dataprocessor.tests.Actual_MethodBuilder).Plus1($in1);
        .Call .Constant<dataprocessor.Node`2[System.Int32,System.Int32]>(dataprocessor.Node`2[System.Int32,System.Int32]).Set1($tmp1)
    }
}
MethodBuilderCompiler.Compile: 0.58ms
OptimiseAndLog: in2 => .Lambda #Lambda1<System.Action`1[System.Int32]>(System.Int32 $in2) {
    .Block(System.Int32 $tmp2) {
        $tmp2 = .Call .Constant<dataprocessor.tests.Actual_MethodBuilder>(dataprocessor.tests.Actual_MethodBuilder).Plus2($in2);
        .Call .Constant<dataprocessor.Node`2[System.Int32,System.Int32]>(dataprocessor.Node`2[System.Int32,System.Int32]).Set2($tmp2)
    }
}
MethodBuilderCompiler.Compile: 0.5ms
OptimiseAndLog: out => .Lambda #Lambda1<dataprocessor.Node`2+Action[System.Int32,System.Int32]>(
    System.Int32 $tmp1,
    System.Int32 $tmp2) {
    .Block(System.Int32 $out) {
        $out = .Call .Constant<dataprocessor.tests.Actual_MethodBuilder>(dataprocessor.tests.Actual_MethodBuilder).Add(
            $tmp1,
            $tmp2);
        .Call .Constant<dataprocessor.tests.Actual_MethodBuilder>(dataprocessor.tests.Actual_MethodBuilder).SetActual($out)
    }
}
MethodBuilderCompiler.Compile: 2.25ms
DataProcessorBuilder.Build: 6.82ms
]]></output>
          </test-case>
          <test-case id="0-1043" name="Processor_TwoIn_OneOut_SeparatePackets" fullname="dataprocessor.tests.Actual_MethodBuilder.Processor_TwoIn_OneOut_SeparatePackets" methodname="Processor_TwoIn_OneOut_SeparatePackets" classname="dataprocessor.tests.VerifyAPI" runstate="Runnable" seed="626097939" result="Passed" start-time="2018-04-17 12:37:19Z" end-time="2018-04-17 12:37:19Z" duration="0.007769" asserts="4">
            <output><![CDATA[SortDependenciesFirst: dataprocessor.Collation.ProcessorInfo, dataprocessor.Collation.ProcessorInfo
Splitting: out
OptimiseAndLog: in1 => .Lambda #Lambda1<System.Action`1[System.Int32]>(System.Int32 $in1) {
    .Block() {
        .Call .Constant<dataprocessor.Node`2[System.Int32,System.Int32]>(dataprocessor.Node`2[System.Int32,System.Int32]).Set1($in1)
    }
}
MethodBuilderCompiler.Compile: 0.67ms
OptimiseAndLog: in2 => .Lambda #Lambda1<System.Action`1[System.Int32]>(System.Int32 $in2) {
    .Block() {
        .Call .Constant<dataprocessor.Node`2[System.Int32,System.Int32]>(dataprocessor.Node`2[System.Int32,System.Int32]).Set2($in2)
    }
}
MethodBuilderCompiler.Compile: 1.97ms
OptimiseAndLog: out => .Lambda #Lambda1<dataprocessor.Node`2+Action[System.Int32,System.Int32]>(
    System.Int32 $in1,
    System.Int32 $in2) {
    .Block(System.Int32 $out) {
        $out = .Call .Constant<dataprocessor.tests.Actual_MethodBuilder>(dataprocessor.tests.Actual_MethodBuilder).Add(
            $in1,
            $in2);
        .Call .Constant<dataprocessor.tests.Actual_MethodBuilder>(dataprocessor.tests.Actual_MethodBuilder).SetActual($out)
    }
}
MethodBuilderCompiler.Compile: 0.89ms
DataProcessorBuilder.Build: 5.59ms
]]></output>
          </test-case>
          <test-case id="0-1038" name="TwoIn_OneOut" fullname="dataprocessor.tests.Actual_MethodBuilder.TwoIn_OneOut" methodname="TwoIn_OneOut" classname="dataprocessor.tests.VerifyAPI" runstate="Runnable" seed="352409222" result="Passed" start-time="2018-04-17 12:37:19Z" end-time="2018-04-17 12:37:19Z" duration="0.016440" asserts="2">
            <output><![CDATA[SortDependenciesFirst: dataprocessor.Collation.ProcessorInfo
Splitting: a,b
OptimiseAndLog: a => .Lambda #Lambda1<System.Action`1[System.Int32]>(System.Int32 $a) {
    .Block() {
        .Call .Constant<dataprocessor.Node`2[System.Int32,System.Int32]>(dataprocessor.Node`2[System.Int32,System.Int32]).Set1($a)
    }
}
MethodBuilderCompiler.Compile: 1.17ms
OptimiseAndLog: b => .Lambda #Lambda1<System.Action`1[System.Int32]>(System.Int32 $b) {
    .Block() {
        .Call .Constant<dataprocessor.Node`2[System.Int32,System.Int32]>(dataprocessor.Node`2[System.Int32,System.Int32]).Set2($b)
    }
}
MethodBuilderCompiler.Compile: 1.54ms
OptimiseAndLog: a,b => .Lambda #Lambda1<dataprocessor.Node`2+Action[System.Int32,System.Int32]>(
    System.Int32 $a,
    System.Int32 $b) {
    .Block() {
        .Call .Constant<dataprocessor.tests.VerifyAPI>(dataprocessor.tests.Actual_MethodBuilder).SetActual($a + $b)
    }
}
MethodBuilderCompiler.Compile: 0.53ms
DataProcessorBuilder.Build: 14.13ms
]]></output>
          </test-case>
        </test-suite>
        <test-suite type="TestFixture" id="0-1067" name="AddListenerOverloadTests" fullname="dataprocessor.tests.AddListenerOverloadTests" classname="dataprocessor.tests.AddListenerOverloadTests" runstate="Runnable" testcasecount="14" result="Passed" start-time="2018-04-17 12:37:19Z" end-time="2018-04-17 12:37:20Z" duration="0.168951" total="14" passed="14" failed="0" warnings="0" inconclusive="0" skipped="0" asserts="14">
          <test-case id="0-1068" name="AddListener1" fullname="dataprocessor.tests.AddListenerOverloadTests.AddListener1" methodname="AddListener1" classname="dataprocessor.tests.AddListenerOverloadTests" runstate="Runnable" seed="1548921621" result="Passed" start-time="2018-04-17 12:37:19Z" end-time="2018-04-17 12:37:19Z" duration="0.022737" asserts="1">
            <output><![CDATA[SortDependenciesFirst: dataprocessor.Collation.ProcessorInfo
OptimiseAndLog: i => .Lambda #Lambda1<System.Action`1[System.Int32]>(System.Int32 $i) {
    .Block() {
        .Call .Constant<dataprocessor.tests.AddListenerOverloadTests>(dataprocessor.tests.AddListenerOverloadTests).<AddListener1>b__5_0($i)
    }
}
DynamicMethodCompiler.Compile: 17.06ms
DataProcessorBuilder.Build: 17.7ms
]]></output>
          </test-case>
          <test-case id="0-1070" name="AddListener2" fullname="dataprocessor.tests.AddListenerOverloadTests.AddListener2" methodname="AddListener2" classname="dataprocessor.tests.AddListenerOverloadTests" runstate="Runnable" seed="1553373998" result="Passed" start-time="2018-04-17 12:37:19Z" end-time="2018-04-17 12:37:19Z" duration="0.005553" asserts="1">
            <output><![CDATA[SortDependenciesFirst: dataprocessor.Collation.ProcessorInfo
OptimiseAndLog: i => .Lambda #Lambda1<System.Action`1[System.Int32]>(System.Int32 $i) {
    .Block() {
        .Call .Constant<dataprocessor.tests.AddListenerOverloadTests>(dataprocessor.tests.AddListenerOverloadTests).<AddListener2>b__7_0(
            $i,
            $i)
    }
}
DynamicMethodCompiler.Compile: 0.74ms
DataProcessorBuilder.Build: 1.4ms
]]></output>
          </test-case>
          <test-case id="0-1072" name="AddListener3" fullname="dataprocessor.tests.AddListenerOverloadTests.AddListener3" methodname="AddListener3" classname="dataprocessor.tests.AddListenerOverloadTests" runstate="Runnable" seed="1264539194" result="Passed" start-time="2018-04-17 12:37:19Z" end-time="2018-04-17 12:37:20Z" duration="0.011152" asserts="1">
            <output><![CDATA[SortDependenciesFirst: dataprocessor.Collation.ProcessorInfo
OptimiseAndLog: i => .Lambda #Lambda1<System.Action`1[System.Int32]>(System.Int32 $i) {
    .Block() {
        .Call .Constant<dataprocessor.tests.AddListenerOverloadTests>(dataprocessor.tests.AddListenerOverloadTests).<AddListener3>b__9_0(
            $i,
            $i,
            $i)
    }
}
DynamicMethodCompiler.Compile: 0.47ms
DataProcessorBuilder.Build: 1.34ms
]]></output>
          </test-case>
          <test-case id="0-1074" name="AddListener4" fullname="dataprocessor.tests.AddListenerOverloadTests.AddListener4" methodname="AddListener4" classname="dataprocessor.tests.AddListenerOverloadTests" runstate="Runnable" seed="1605617355" result="Passed" start-time="2018-04-17 12:37:20Z" end-time="2018-04-17 12:37:20Z" duration="0.009073" asserts="1">
            <output><![CDATA[SortDependenciesFirst: dataprocessor.Collation.ProcessorInfo
OptimiseAndLog: i => .Lambda #Lambda1<System.Action`1[System.Int32]>(System.Int32 $i) {
    .Block() {
        .Call .Constant<dataprocessor.tests.AddListenerOverloadTests>(dataprocessor.tests.AddListenerOverloadTests).<AddListener4>b__11_0(
            $i,
            $i,
            $i,
            $i)
    }
}
DynamicMethodCompiler.Compile: 1.06ms
DataProcessorBuilder.Build: 2.77ms
]]></output>
          </test-case>
          <test-case id="0-1076" name="AddListener5" fullname="dataprocessor.tests.AddListenerOverloadTests.AddListener5" methodname="AddListener5" classname="dataprocessor.tests.AddListenerOverloadTests" runstate="Runnable" seed="2204224" result="Passed" start-time="2018-04-17 12:37:20Z" end-time="2018-04-17 12:37:20Z" duration="0.012470" asserts="1">
            <output><![CDATA[SortDependenciesFirst: dataprocessor.Collation.ProcessorInfo
OptimiseAndLog: i => .Lambda #Lambda1<System.Action`1[System.Int32]>(System.Int32 $i) {
    .Block() {
        .Call .Constant<dataprocessor.tests.AddListenerOverloadTests>(dataprocessor.tests.AddListenerOverloadTests).<AddListener5>b__13_0(
            $i,
            $i,
            $i,
            $i,
            $i)
    }
}
DynamicMethodCompiler.Compile: 1.1ms
DataProcessorBuilder.Build: 2.67ms
]]></output>
          </test-case>
          <test-case id="0-1078" name="AddListener6" fullname="dataprocessor.tests.AddListenerOverloadTests.AddListener6" methodname="AddListener6" classname="dataprocessor.tests.AddListenerOverloadTests" runstate="Runnable" seed="1603478914" result="Passed" start-time="2018-04-17 12:37:20Z" end-time="2018-04-17 12:37:20Z" duration="0.012281" asserts="1">
            <output><![CDATA[SortDependenciesFirst: dataprocessor.Collation.ProcessorInfo
OptimiseAndLog: i => .Lambda #Lambda1<System.Action`1[System.Int32]>(System.Int32 $i) {
    .Block() {
        .Call .Constant<dataprocessor.tests.AddListenerOverloadTests>(dataprocessor.tests.AddListenerOverloadTests).<AddListener6>b__15_0(
            $i,
            $i,
            $i,
            $i,
            $i,
            $i)
    }
}
DynamicMethodCompiler.Compile: 0.74ms
DataProcessorBuilder.Build: 1.75ms
]]></output>
          </test-case>
          <test-case id="0-1080" name="AddListener7" fullname="dataprocessor.tests.AddListenerOverloadTests.AddListener7" methodname="AddListener7" classname="dataprocessor.tests.AddListenerOverloadTests" runstate="Runnable" seed="17124722" result="Passed" start-time="2018-04-17 12:37:20Z" end-time="2018-04-17 12:37:20Z" duration="0.017875" asserts="1">
            <output><![CDATA[SortDependenciesFirst: dataprocessor.Collation.ProcessorInfo
OptimiseAndLog: i => .Lambda #Lambda1<System.Action`1[System.Int32]>(System.Int32 $i) {
    .Block() {
        .Call .Constant<dataprocessor.tests.AddListenerOverloadTests>(dataprocessor.tests.AddListenerOverloadTests).<AddListener7>b__17_0(
            $i,
            $i,
            $i,
            $i,
            $i,
            $i,
            $i)
    }
}
DynamicMethodCompiler.Compile: 0.64ms
DataProcessorBuilder.Build: 2.21ms
]]></output>
          </test-case>
          <test-case id="0-1069" name="AddListenerExpression1" fullname="dataprocessor.tests.AddListenerOverloadTests.AddListenerExpression1" methodname="AddListenerExpression1" classname="dataprocessor.tests.AddListenerOverloadTests" runstate="Runnable" seed="2061180907" result="Passed" start-time="2018-04-17 12:37:20Z" end-time="2018-04-17 12:37:20Z" duration="0.016513" asserts="1">
            <output><![CDATA[SortDependenciesFirst: dataprocessor.Collation.ProcessorInfo
OptimiseAndLog: i => .Lambda #Lambda1<System.Action`1[System.Int32]>(System.Int32 $i) {
    .Block<System.Void>() {
        .Call .Constant<dataprocessor.tests.AddListenerOverloadTests>(dataprocessor.tests.AddListenerOverloadTests).Sum(.NewArray System.Int32[] {
                $i
            })
    }
}
DynamicMethodCompiler.Compile: 8.56ms
DataProcessorBuilder.Build: 12.24ms
]]></output>
          </test-case>
          <test-case id="0-1071" name="AddListenerExpression2" fullname="dataprocessor.tests.AddListenerOverloadTests.AddListenerExpression2" methodname="AddListenerExpression2" classname="dataprocessor.tests.AddListenerOverloadTests" runstate="Runnable" seed="1241149688" result="Passed" start-time="2018-04-17 12:37:20Z" end-time="2018-04-17 12:37:20Z" duration="0.002883" asserts="1">
            <output><![CDATA[SortDependenciesFirst: dataprocessor.Collation.ProcessorInfo
OptimiseAndLog: i => .Lambda #Lambda1<System.Action`1[System.Int32]>(System.Int32 $i) {
    .Block<System.Void>() {
        .Call .Constant<dataprocessor.tests.AddListenerOverloadTests>(dataprocessor.tests.AddListenerOverloadTests).Sum(.NewArray System.Int32[] {
                $i,
                $i
            })
    }
}
DynamicMethodCompiler.Compile: 0.94ms
DataProcessorBuilder.Build: 1.63ms
]]></output>
          </test-case>
          <test-case id="0-1073" name="AddListenerExpression3" fullname="dataprocessor.tests.AddListenerOverloadTests.AddListenerExpression3" methodname="AddListenerExpression3" classname="dataprocessor.tests.AddListenerOverloadTests" runstate="Runnable" seed="212936958" result="Passed" start-time="2018-04-17 12:37:20Z" end-time="2018-04-17 12:37:20Z" duration="0.003802" asserts="1">
            <output><![CDATA[SortDependenciesFirst: dataprocessor.Collation.ProcessorInfo
OptimiseAndLog: i => .Lambda #Lambda1<System.Action`1[System.Int32]>(System.Int32 $i) {
    .Block<System.Void>() {
        .Call .Constant<dataprocessor.tests.AddListenerOverloadTests>(dataprocessor.tests.AddListenerOverloadTests).Sum(.NewArray System.Int32[] {
                $i,
                $i,
                $i
            })
    }
}
DynamicMethodCompiler.Compile: 0.86ms
DataProcessorBuilder.Build: 1.48ms
]]></output>
          </test-case>
          <test-case id="0-1075" name="AddListenerExpression4" fullname="dataprocessor.tests.AddListenerOverloadTests.AddListenerExpression4" methodname="AddListenerExpression4" classname="dataprocessor.tests.AddListenerOverloadTests" runstate="Runnable" seed="224056160" result="Passed" start-time="2018-04-17 12:37:20Z" end-time="2018-04-17 12:37:20Z" duration="0.008386" asserts="1">
            <output><![CDATA[SortDependenciesFirst: dataprocessor.Collation.ProcessorInfo
OptimiseAndLog: i => .Lambda #Lambda1<System.Action`1[System.Int32]>(System.Int32 $i) {
    .Block<System.Void>() {
        .Call .Constant<dataprocessor.tests.AddListenerOverloadTests>(dataprocessor.tests.AddListenerOverloadTests).Sum(.NewArray System.Int32[] {
                $i,
                $i,
                $i,
                $i
            })
    }
}
DynamicMethodCompiler.Compile: 1.11ms
DataProcessorBuilder.Build: 6.67ms
]]></output>
          </test-case>
          <test-case id="0-1077" name="AddListenerExpression5" fullname="dataprocessor.tests.AddListenerOverloadTests.AddListenerExpression5" methodname="AddListenerExpression5" classname="dataprocessor.tests.AddListenerOverloadTests" runstate="Runnable" seed="1773483687" result="Passed" start-time="2018-04-17 12:37:20Z" end-time="2018-04-17 12:37:20Z" duration="0.004636" asserts="1">
            <output><![CDATA[SortDependenciesFirst: dataprocessor.Collation.ProcessorInfo
OptimiseAndLog: i => .Lambda #Lambda1<System.Action`1[System.Int32]>(System.Int32 $i) {
    .Block<System.Void>() {
        .Call .Constant<dataprocessor.tests.AddListenerOverloadTests>(dataprocessor.tests.AddListenerOverloadTests).Sum(.NewArray System.Int32[] {
                $i,
                $i,
                $i,
                $i,
                $i
            })
    }
}
DynamicMethodCompiler.Compile: 0.96ms
DataProcessorBuilder.Build: 2.34ms
]]></output>
          </test-case>
          <test-case id="0-1079" name="AddListenerExpression6" fullname="dataprocessor.tests.AddListenerOverloadTests.AddListenerExpression6" methodname="AddListenerExpression6" classname="dataprocessor.tests.AddListenerOverloadTests" runstate="Runnable" seed="1970553057" result="Passed" start-time="2018-04-17 12:37:20Z" end-time="2018-04-17 12:37:20Z" duration="0.013997" asserts="1">
            <output><![CDATA[SortDependenciesFirst: dataprocessor.Collation.ProcessorInfo
OptimiseAndLog: i => .Lambda #Lambda1<System.Action`1[System.Int32]>(System.Int32 $i) {
    .Block<System.Void>() {
        .Call .Constant<dataprocessor.tests.AddListenerOverloadTests>(dataprocessor.tests.AddListenerOverloadTests).Sum(.NewArray System.Int32[] {
                $i,
                $i,
                $i,
                $i,
                $i,
                $i
            })
    }
}
DynamicMethodCompiler.Compile: 0.89ms
DataProcessorBuilder.Build: 1.71ms
]]></output>
          </test-case>
          <test-case id="0-1081" name="AddListenerExpression7" fullname="dataprocessor.tests.AddListenerOverloadTests.AddListenerExpression7" methodname="AddListenerExpression7" classname="dataprocessor.tests.AddListenerOverloadTests" runstate="Runnable" seed="34006206" result="Passed" start-time="2018-04-17 12:37:20Z" end-time="2018-04-17 12:37:20Z" duration="0.011914" asserts="1">
            <output><![CDATA[SortDependenciesFirst: dataprocessor.Collation.ProcessorInfo
OptimiseAndLog: i => .Lambda #Lambda1<System.Action`1[System.Int32]>(System.Int32 $i) {
    .Block<System.Void>() {
        .Call .Constant<dataprocessor.tests.AddListenerOverloadTests>(dataprocessor.tests.AddListenerOverloadTests).Sum(.NewArray System.Int32[] {
                $i,
                $i,
                $i,
                $i,
                $i,
                $i,
                $i
            })
    }
}
DynamicMethodCompiler.Compile: 5.48ms
DataProcessorBuilder.Build: 7.52ms
]]></output>
          </test-case>
        </test-suite>
        <test-suite type="TestFixture" id="0-1082" name="AddProcessorOverloadTests" fullname="dataprocessor.tests.AddProcessorOverloadTests" classname="dataprocessor.tests.AddProcessorOverloadTests" runstate="Runnable" testcasecount="14" result="Passed" start-time="2018-04-17 12:37:20Z" end-time="2018-04-17 12:37:20Z" duration="0.144759" total="14" passed="14" failed="0" warnings="0" inconclusive="0" skipped="0" asserts="14">
          <test-case id="0-1083" name="AddProcessor1" fullname="dataprocessor.tests.AddProcessorOverloadTests.AddProcessor1" methodname="AddProcessor1" classname="dataprocessor.tests.AddProcessorOverloadTests" runstate="Runnable" seed="2027303804" result="Passed" start-time="2018-04-17 12:37:20Z" end-time="2018-04-17 12:37:20Z" duration="0.003217" asserts="1">
            <output><![CDATA[SortDependenciesFirst: dataprocessor.Collation.ProcessorInfo, dataprocessor.Collation.ProcessorInfo
OptimiseAndLog: i => .Lambda #Lambda1<System.Action`1[System.Int32]>(System.Int32 $i) {
    .Block(System.Int32 $o) {
        $o = .Call .Constant<dataprocessor.tests.AddProcessorOverloadTests>(dataprocessor.tests.AddProcessorOverloadTests).<AddProcessor1>b__5_0($i)
        ;
        .Call .Constant<dataprocessor.tests.AddProcessorOverloadTests>(dataprocessor.tests.AddProcessorOverloadTests).<Setup>b__4_0($o)
    }
}
DynamicMethodCompiler.Compile: 0.97ms
DataProcessorBuilder.Build: 1.96ms
]]></output>
          </test-case>
          <test-case id="0-1085" name="AddProcessor2" fullname="dataprocessor.tests.AddProcessorOverloadTests.AddProcessor2" methodname="AddProcessor2" classname="dataprocessor.tests.AddProcessorOverloadTests" runstate="Runnable" seed="591171853" result="Passed" start-time="2018-04-17 12:37:20Z" end-time="2018-04-17 12:37:20Z" duration="0.004544" asserts="1">
            <output><![CDATA[SortDependenciesFirst: dataprocessor.Collation.ProcessorInfo, dataprocessor.Collation.ProcessorInfo
OptimiseAndLog: i => .Lambda #Lambda1<System.Action`1[System.Int32]>(System.Int32 $i) {
    .Block(System.Int32 $o) {
        $o = .Call .Constant<dataprocessor.tests.AddProcessorOverloadTests>(dataprocessor.tests.AddProcessorOverloadTests).<AddProcessor2>b__7_0(
            $i,
            $i);
        .Call .Constant<dataprocessor.tests.AddProcessorOverloadTests>(dataprocessor.tests.AddProcessorOverloadTests).<Setup>b__4_0($o)
    }
}
DynamicMethodCompiler.Compile: 2.54ms
DataProcessorBuilder.Build: 3.27ms
]]></output>
          </test-case>
          <test-case id="0-1087" name="AddProcessor3" fullname="dataprocessor.tests.AddProcessorOverloadTests.AddProcessor3" methodname="AddProcessor3" classname="dataprocessor.tests.AddProcessorOverloadTests" runstate="Runnable" seed="1925280993" result="Passed" start-time="2018-04-17 12:37:20Z" end-time="2018-04-17 12:37:20Z" duration="0.011047" asserts="1">
            <output><![CDATA[SortDependenciesFirst: dataprocessor.Collation.ProcessorInfo, dataprocessor.Collation.ProcessorInfo
OptimiseAndLog: i => .Lambda #Lambda1<System.Action`1[System.Int32]>(System.Int32 $i) {
    .Block(System.Int32 $o) {
        $o = .Call .Constant<dataprocessor.tests.AddProcessorOverloadTests>(dataprocessor.tests.AddProcessorOverloadTests).<AddProcessor3>b__9_0(
            $i,
            $i,
            $i);
        .Call .Constant<dataprocessor.tests.AddProcessorOverloadTests>(dataprocessor.tests.AddProcessorOverloadTests).<Setup>b__4_0($o)
    }
}
DynamicMethodCompiler.Compile: 1.32ms
DataProcessorBuilder.Build: 2.39ms
]]></output>
          </test-case>
          <test-case id="0-1089" name="AddProcessor4" fullname="dataprocessor.tests.AddProcessorOverloadTests.AddProcessor4" methodname="AddProcessor4" classname="dataprocessor.tests.AddProcessorOverloadTests" runstate="Runnable" seed="1562146251" result="Passed" start-time="2018-04-17 12:37:20Z" end-time="2018-04-17 12:37:20Z" duration="0.018666" asserts="1">
            <output><![CDATA[SortDependenciesFirst: dataprocessor.Collation.ProcessorInfo, dataprocessor.Collation.ProcessorInfo
OptimiseAndLog: i => .Lambda #Lambda1<System.Action`1[System.Int32]>(System.Int32 $i) {
    .Block(System.Int32 $o) {
        $o = .Call .Constant<dataprocessor.tests.AddProcessorOverloadTests>(dataprocessor.tests.AddProcessorOverloadTests).<AddProcessor4>b__11_0(
            $i,
            $i,
            $i,
            $i);
        .Call .Constant<dataprocessor.tests.AddProcessorOverloadTests>(dataprocessor.tests.AddProcessorOverloadTests).<Setup>b__4_0($o)
    }
}
DynamicMethodCompiler.Compile: 1.97ms
DataProcessorBuilder.Build: 3.32ms
]]></output>
          </test-case>
          <test-case id="0-1091" name="AddProcessor5" fullname="dataprocessor.tests.AddProcessorOverloadTests.AddProcessor5" methodname="AddProcessor5" classname="dataprocessor.tests.AddProcessorOverloadTests" runstate="Runnable" seed="1155086778" result="Passed" start-time="2018-04-17 12:37:20Z" end-time="2018-04-17 12:37:20Z" duration="0.013063" asserts="1">
            <output><![CDATA[SortDependenciesFirst: dataprocessor.Collation.ProcessorInfo, dataprocessor.Collation.ProcessorInfo
OptimiseAndLog: i => .Lambda #Lambda1<System.Action`1[System.Int32]>(System.Int32 $i) {
    .Block(System.Int32 $o) {
        $o = .Call .Constant<dataprocessor.tests.AddProcessorOverloadTests>(dataprocessor.tests.AddProcessorOverloadTests).<AddProcessor5>b__13_0(
            $i,
            $i,
            $i,
            $i,
            $i);
        .Call .Constant<dataprocessor.tests.AddProcessorOverloadTests>(dataprocessor.tests.AddProcessorOverloadTests).<Setup>b__4_0($o)
    }
}
DynamicMethodCompiler.Compile: 1.49ms
DataProcessorBuilder.Build: 2.7ms
]]></output>
          </test-case>
          <test-case id="0-1093" name="AddProcessor6" fullname="dataprocessor.tests.AddProcessorOverloadTests.AddProcessor6" methodname="AddProcessor6" classname="dataprocessor.tests.AddProcessorOverloadTests" runstate="Runnable" seed="387280308" result="Passed" start-time="2018-04-17 12:37:20Z" end-time="2018-04-17 12:37:20Z" duration="0.019808" asserts="1">
            <output><![CDATA[SortDependenciesFirst: dataprocessor.Collation.ProcessorInfo, dataprocessor.Collation.ProcessorInfo
OptimiseAndLog: i => .Lambda #Lambda1<System.Action`1[System.Int32]>(System.Int32 $i) {
    .Block(System.Int32 $o) {
        $o = .Call .Constant<dataprocessor.tests.AddProcessorOverloadTests>(dataprocessor.tests.AddProcessorOverloadTests).<AddProcessor6>b__15_0(
            $i,
            $i,
            $i,
            $i,
            $i,
            $i);
        .Call .Constant<dataprocessor.tests.AddProcessorOverloadTests>(dataprocessor.tests.AddProcessorOverloadTests).<Setup>b__4_0($o)
    }
}
DynamicMethodCompiler.Compile: 2.39ms
DataProcessorBuilder.Build: 4.34ms
]]></output>
          </test-case>
          <test-case id="0-1095" name="AddProcessor7" fullname="dataprocessor.tests.AddProcessorOverloadTests.AddProcessor7" methodname="AddProcessor7" classname="dataprocessor.tests.AddProcessorOverloadTests" runstate="Runnable" seed="1723541550" result="Passed" start-time="2018-04-17 12:37:20Z" end-time="2018-04-17 12:37:20Z" duration="0.018409" asserts="1">
            <output><![CDATA[SortDependenciesFirst: dataprocessor.Collation.ProcessorInfo, dataprocessor.Collation.ProcessorInfo
OptimiseAndLog: i => .Lambda #Lambda1<System.Action`1[System.Int32]>(System.Int32 $i) {
    .Block(System.Int32 $o) {
        $o = .Call .Constant<dataprocessor.tests.AddProcessorOverloadTests>(dataprocessor.tests.AddProcessorOverloadTests).<AddProcessor7>b__17_0(
            $i,
            $i,
            $i,
            $i,
            $i,
            $i,
            $i);
        .Call .Constant<dataprocessor.tests.AddProcessorOverloadTests>(dataprocessor.tests.AddProcessorOverloadTests).<Setup>b__4_0($o)
    }
}
DynamicMethodCompiler.Compile: 1.21ms
DataProcessorBuilder.Build: 3.09ms
]]></output>
          </test-case>
          <test-case id="0-1084" name="AddProcessorExpression1" fullname="dataprocessor.tests.AddProcessorOverloadTests.AddProcessorExpression1" methodname="AddProcessorExpression1" classname="dataprocessor.tests.AddProcessorOverloadTests" runstate="Runnable" seed="1008125109" result="Passed" start-time="2018-04-17 12:37:20Z" end-time="2018-04-17 12:37:20Z" duration="0.010650" asserts="1">
            <output><![CDATA[SortDependenciesFirst: dataprocessor.Collation.ProcessorInfo, dataprocessor.Collation.ProcessorInfo
OptimiseAndLog: i => .Lambda #Lambda1<System.Action`1[System.Int32]>(System.Int32 $i) {
    .Block(System.Int32 $o) {
        $o = .Call .Constant<dataprocessor.tests.AddProcessorOverloadTests>(dataprocessor.tests.AddProcessorOverloadTests).Sum(.NewArray System.Int32[] {
                $i
            });
        .Call .Constant<dataprocessor.tests.AddProcessorOverloadTests>(dataprocessor.tests.AddProcessorOverloadTests).<Setup>b__4_0($o)
    }
}
DynamicMethodCompiler.Compile: 6.02ms
DataProcessorBuilder.Build: 7.06ms
]]></output>
          </test-case>
          <test-case id="0-1086" name="AddProcessorExpression2" fullname="dataprocessor.tests.AddProcessorOverloadTests.AddProcessorExpression2" methodname="AddProcessorExpression2" classname="dataprocessor.tests.AddProcessorOverloadTests" runstate="Runnable" seed="1744370156" result="Passed" start-time="2018-04-17 12:37:20Z" end-time="2018-04-17 12:37:20Z" duration="0.004770" asserts="1">
            <output><![CDATA[SortDependenciesFirst: dataprocessor.Collation.ProcessorInfo, dataprocessor.Collation.ProcessorInfo
OptimiseAndLog: i => .Lambda #Lambda1<System.Action`1[System.Int32]>(System.Int32 $i) {
    .Block(System.Int32 $o) {
        $o = .Call .Constant<dataprocessor.tests.AddProcessorOverloadTests>(dataprocessor.tests.AddProcessorOverloadTests).Sum(.NewArray System.Int32[] {
                $i,
                $i
            });
        .Call .Constant<dataprocessor.tests.AddProcessorOverloadTests>(dataprocessor.tests.AddProcessorOverloadTests).<Setup>b__4_0($o)
    }
}
DynamicMethodCompiler.Compile: 1.18ms
DataProcessorBuilder.Build: 2.23ms
]]></output>
          </test-case>
          <test-case id="0-1088" name="AddProcessorExpression3" fullname="dataprocessor.tests.AddProcessorOverloadTests.AddProcessorExpression3" methodname="AddProcessorExpression3" classname="dataprocessor.tests.AddProcessorOverloadTests" runstate="Runnable" seed="1207613359" result="Passed" start-time="2018-04-17 12:37:20Z" end-time="2018-04-17 12:37:20Z" duration="0.004875" asserts="1">
            <output><![CDATA[SortDependenciesFirst: dataprocessor.Collation.ProcessorInfo, dataprocessor.Collation.ProcessorInfo
OptimiseAndLog: i => .Lambda #Lambda1<System.Action`1[System.Int32]>(System.Int32 $i) {
    .Block(System.Int32 $o) {
        $o = .Call .Constant<dataprocessor.tests.AddProcessorOverloadTests>(dataprocessor.tests.AddProcessorOverloadTests).Sum(.NewArray System.Int32[] {
                $i,
                $i,
                $i
            });
        .Call .Constant<dataprocessor.tests.AddProcessorOverloadTests>(dataprocessor.tests.AddProcessorOverloadTests).<Setup>b__4_0($o)
    }
}
DynamicMethodCompiler.Compile: 1.79ms
DataProcessorBuilder.Build: 2.95ms
]]></output>
          </test-case>
          <test-case id="0-1090" name="AddProcessorExpression4" fullname="dataprocessor.tests.AddProcessorOverloadTests.AddProcessorExpression4" methodname="AddProcessorExpression4" classname="dataprocessor.tests.AddProcessorOverloadTests" runstate="Runnable" seed="1453684577" result="Passed" start-time="2018-04-17 12:37:20Z" end-time="2018-04-17 12:37:20Z" duration="0.011783" asserts="1">
            <output><![CDATA[SortDependenciesFirst: dataprocessor.Collation.ProcessorInfo, dataprocessor.Collation.ProcessorInfo
OptimiseAndLog: i => .Lambda #Lambda1<System.Action`1[System.Int32]>(System.Int32 $i) {
    .Block(System.Int32 $o) {
        $o = .Call .Constant<dataprocessor.tests.AddProcessorOverloadTests>(dataprocessor.tests.AddProcessorOverloadTests).Sum(.NewArray System.Int32[] {
                $i,
                $i,
                $i,
                $i
            });
        .Call .Constant<dataprocessor.tests.AddProcessorOverloadTests>(dataprocessor.tests.AddProcessorOverloadTests).<Setup>b__4_0($o)
    }
}
DynamicMethodCompiler.Compile: 1.62ms
DataProcessorBuilder.Build: 2.92ms
]]></output>
          </test-case>
          <test-case id="0-1092" name="AddProcessorExpression5" fullname="dataprocessor.tests.AddProcessorOverloadTests.AddProcessorExpression5" methodname="AddProcessorExpression5" classname="dataprocessor.tests.AddProcessorOverloadTests" runstate="Runnable" seed="96047073" result="Passed" start-time="2018-04-17 12:37:20Z" end-time="2018-04-17 12:37:20Z" duration="0.005196" asserts="1">
            <output><![CDATA[SortDependenciesFirst: dataprocessor.Collation.ProcessorInfo, dataprocessor.Collation.ProcessorInfo
OptimiseAndLog: i => .Lambda #Lambda1<System.Action`1[System.Int32]>(System.Int32 $i) {
    .Block(System.Int32 $o) {
        $o = .Call .Constant<dataprocessor.tests.AddProcessorOverloadTests>(dataprocessor.tests.AddProcessorOverloadTests).Sum(.NewArray System.Int32[] {
                $i,
                $i,
                $i,
                $i,
                $i
            });
        .Call .Constant<dataprocessor.tests.AddProcessorOverloadTests>(dataprocessor.tests.AddProcessorOverloadTests).<Setup>b__4_0($o)
    }
}
DynamicMethodCompiler.Compile: 1.12ms
DataProcessorBuilder.Build: 3.23ms
]]></output>
          </test-case>
          <test-case id="0-1094" name="AddProcessorExpression6" fullname="dataprocessor.tests.AddProcessorOverloadTests.AddProcessorExpression6" methodname="AddProcessorExpression6" classname="dataprocessor.tests.AddProcessorOverloadTests" runstate="Runnable" seed="653938831" result="Passed" start-time="2018-04-17 12:37:20Z" end-time="2018-04-17 12:37:20Z" duration="0.007696" asserts="1">
            <output><![CDATA[SortDependenciesFirst: dataprocessor.Collation.ProcessorInfo, dataprocessor.Collation.ProcessorInfo
OptimiseAndLog: i => .Lambda #Lambda1<System.Action`1[System.Int32]>(System.Int32 $i) {
    .Block(System.Int32 $o) {
        $o = .Call .Constant<dataprocessor.tests.AddProcessorOverloadTests>(dataprocessor.tests.AddProcessorOverloadTests).Sum(.NewArray System.Int32[] {
                $i,
                $i,
                $i,
                $i,
                $i,
                $i
            });
        .Call .Constant<dataprocessor.tests.AddProcessorOverloadTests>(dataprocessor.tests.AddProcessorOverloadTests).<Setup>b__4_0($o)
    }
}
DynamicMethodCompiler.Compile: 1.37ms
DataProcessorBuilder.Build: 2.61ms
]]></output>
          </test-case>
          <test-case id="0-1096" name="AddProcessorExpression7" fullname="dataprocessor.tests.AddProcessorOverloadTests.AddProcessorExpression7" methodname="AddProcessorExpression7" classname="dataprocessor.tests.AddProcessorOverloadTests" runstate="Runnable" seed="1834940313" result="Passed" start-time="2018-04-17 12:37:20Z" end-time="2018-04-17 12:37:20Z" duration="0.006990" asserts="1">
            <output><![CDATA[SortDependenciesFirst: dataprocessor.Collation.ProcessorInfo, dataprocessor.Collation.ProcessorInfo
OptimiseAndLog: i => .Lambda #Lambda1<System.Action`1[System.Int32]>(System.Int32 $i) {
    .Block(System.Int32 $o) {
        $o = .Call .Constant<dataprocessor.tests.AddProcessorOverloadTests>(dataprocessor.tests.AddProcessorOverloadTests).Sum(.NewArray System.Int32[] {
                $i,
                $i,
                $i,
                $i,
                $i,
                $i,
                $i
            });
        .Call .Constant<dataprocessor.tests.AddProcessorOverloadTests>(dataprocessor.tests.AddProcessorOverloadTests).<Setup>b__4_0($o)
    }
}
DynamicMethodCompiler.Compile: 3.8ms
DataProcessorBuilder.Build: 4.95ms
]]></output>
          </test-case>
        </test-suite>
        <test-suite type="TestFixture" id="0-1051" name="Expressions" fullname="dataprocessor.tests.Expressions" classname="dataprocessor.tests.Expressions" runstate="Runnable" testcasecount="5" result="Passed" start-time="2018-04-17 12:37:20Z" end-time="2018-04-17 12:37:20Z" duration="0.032245" total="5" passed="5" failed="0" warnings="0" inconclusive="0" skipped="0" asserts="5">
          <test-case id="0-1056" name="ImproveDelegateInvocation_Mixed_Double" fullname="dataprocessor.tests.Expressions.ImproveDelegateInvocation_Mixed_Double" methodname="ImproveDelegateInvocation_Mixed_Double" classname="dataprocessor.tests.Expressions" runstate="Runnable" seed="51432657" result="Passed" start-time="2018-04-17 12:37:20Z" end-time="2018-04-17 12:37:20Z" duration="0.009914" asserts="1">
            <output><![CDATA[.Lambda #Lambda1<System.Func`1[System.Int32]>() {
    .Block(System.Int32 $var1) {
        $var1 = 1;
        .Call dataprocessor.tests.Expressions.StaticDelegate($var1);
        .Call .Constant<dataprocessor.tests.Expressions>(dataprocessor.tests.Expressions).InstanceDelegate($var1)
    }
}
]]></output>
          </test-case>
          <test-case id="0-1055" name="ImproveDelegateInvocation_Static_Single" fullname="dataprocessor.tests.Expressions.ImproveDelegateInvocation_Static_Single" methodname="ImproveDelegateInvocation_Static_Single" classname="dataprocessor.tests.Expressions" runstate="Runnable" seed="1250792184" result="Passed" start-time="2018-04-17 12:37:20Z" end-time="2018-04-17 12:37:20Z" duration="0.000847" asserts="1">
            <output><![CDATA[.Lambda #Lambda1<System.Func`1[System.Int32]>() {
    .Call dataprocessor.tests.Expressions.StaticDelegate(1)
}
]]></output>
          </test-case>
          <test-case id="0-1053" name="InlineLambdas_Double" fullname="dataprocessor.tests.Expressions.InlineLambdas_Double" methodname="InlineLambdas_Double" classname="dataprocessor.tests.Expressions" runstate="Runnable" seed="1209093423" result="Passed" start-time="2018-04-17 12:37:20Z" end-time="2018-04-17 12:37:20Z" duration="0.017443" asserts="1">
            <output><![CDATA[In: .Lambda #Lambda1<System.Func`2[System.Int32,System.Int32]>(System.Int32 $p) {
    .Invoke (.Lambda #Lambda2<System.Func`2[System.Int32,System.Int32]>)($p)
}

.Lambda #Lambda2<System.Func`2[System.Int32,System.Int32]>(System.Int32 $a) {
    .Invoke (.Lambda #Lambda3<System.Func`2[System.Int32,System.Int32]>)($a)
}

.Lambda #Lambda3<System.Func`2[System.Int32,System.Int32]>(System.Int32 $b) {
    $b + $b
}
Actual: .Lambda #Lambda1<System.Func`2[System.Int32,System.Int32]>(System.Int32 $p) {
    $p + $p
}
]]></output>
          </test-case>
          <test-case id="0-1054" name="InlineLambdas_Five" fullname="dataprocessor.tests.Expressions.InlineLambdas_Five" methodname="InlineLambdas_Five" classname="dataprocessor.tests.Expressions" runstate="Runnable" seed="873681256" result="Passed" start-time="2018-04-17 12:37:20Z" end-time="2018-04-17 12:37:20Z" duration="0.001998" asserts="1">
            <output><![CDATA[In: .Lambda #Lambda1<System.Func`2[System.Int32,System.Int32]>(System.Int32 $p) {
    .Invoke (.Lambda #Lambda2<System.Func`2[System.Int32,System.Int32]>)($p)
}

.Lambda #Lambda2<System.Func`2[System.Int32,System.Int32]>(System.Int32 $a) {
    .Invoke (.Lambda #Lambda3<System.Func`2[System.Int32,System.Int32]>)($a)
}

.Lambda #Lambda3<System.Func`2[System.Int32,System.Int32]>(System.Int32 $b) {
    .Invoke (.Lambda #Lambda4<System.Func`2[System.Int32,System.Int32]>)($b)
}

.Lambda #Lambda4<System.Func`2[System.Int32,System.Int32]>(System.Int32 $c) {
    .Invoke (.Lambda #Lambda5<System.Func`2[System.Int32,System.Int32]>)($c)
}

.Lambda #Lambda5<System.Func`2[System.Int32,System.Int32]>(System.Int32 $d) {
    .Invoke (.Lambda #Lambda6<System.Func`2[System.Int32,System.Int32]>)($d)
}

.Lambda #Lambda6<System.Func`2[System.Int32,System.Int32]>(System.Int32 $e) {
    $e + $e
}
Actual: .Lambda #Lambda1<System.Func`2[System.Int32,System.Int32]>(System.Int32 $p) {
    $p + $p
}
]]></output>
          </test-case>
          <test-case id="0-1052" name="InlineLambdas_Single" fullname="dataprocessor.tests.Expressions.InlineLambdas_Single" methodname="InlineLambdas_Single" classname="dataprocessor.tests.Expressions" runstate="Runnable" seed="1400931522" result="Passed" start-time="2018-04-17 12:37:20Z" end-time="2018-04-17 12:37:20Z" duration="0.001507" asserts="1">
            <output><![CDATA[In: .Lambda #Lambda1<System.Func`2[System.Int32,System.Int32]>(System.Int32 $p) {
    .Invoke (.Lambda #Lambda2<System.Func`2[System.Int32,System.Int32]>)($p)
}

.Lambda #Lambda2<System.Func`2[System.Int32,System.Int32]>(System.Int32 $a) {
    $a + $a
}
Actual: .Lambda #Lambda1<System.Func`2[System.Int32,System.Int32]>(System.Int32 $p) {
    $p + $p
}
]]></output>
          </test-case>
        </test-suite>
        <test-suite type="TestFixture" id="0-1000" name="Naive" fullname="dataprocessor.tests.Naive" classname="dataprocessor.tests.Naive" runstate="Runnable" testcasecount="16" result="Passed" start-time="2018-04-17 12:37:20Z" end-time="2018-04-17 12:37:20Z" duration="0.131699" total="16" passed="16" failed="0" warnings="0" inconclusive="0" skipped="0" asserts="48">
          <test-case id="0-1001" name="AddInput_ArgChecks" fullname="dataprocessor.tests.Naive.AddInput_ArgChecks" methodname="AddInput_ArgChecks" classname="dataprocessor.tests.VerifyAPI" runstate="Runnable" seed="968982321" result="Passed" start-time="2018-04-17 12:37:20Z" end-time="2018-04-17 12:37:20Z" duration="0.017457" asserts="5" />
          <test-case id="0-1002" name="AddListener_ArgChecks" fullname="dataprocessor.tests.Naive.AddListener_ArgChecks" methodname="AddListener_ArgChecks" classname="dataprocessor.tests.VerifyAPI" runstate="Runnable" seed="310987143" result="Passed" start-time="2018-04-17 12:37:20Z" end-time="2018-04-17 12:37:20Z" duration="0.020702" asserts="5" />
          <test-case id="0-1016" name="GetAllNames" fullname="dataprocessor.tests.Naive.GetAllNames" methodname="GetAllNames" classname="dataprocessor.tests.VerifyAPI" runstate="Runnable" seed="2046789426" result="Passed" start-time="2018-04-17 12:37:20Z" end-time="2018-04-17 12:37:20Z" duration="0.016768" asserts="2" />
          <test-case id="0-1015" name="GetName" fullname="dataprocessor.tests.Naive.GetName" methodname="GetName" classname="dataprocessor.tests.VerifyAPI" runstate="Runnable" seed="1757290447" result="Passed" start-time="2018-04-17 12:37:20Z" end-time="2018-04-17 12:37:20Z" duration="0.004409" asserts="3" />
          <test-case id="0-1005" name="OneIn_DifferentOut" fullname="dataprocessor.tests.Naive.OneIn_DifferentOut" methodname="OneIn_DifferentOut" classname="dataprocessor.tests.VerifyAPI" runstate="Runnable" seed="1899919834" result="Passed" start-time="2018-04-17 12:37:20Z" end-time="2018-04-17 12:37:20Z" duration="0.006310" asserts="2" />
          <test-case id="0-1003" name="OneIn_OneOut" fullname="dataprocessor.tests.Naive.OneIn_OneOut" methodname="OneIn_OneOut" classname="dataprocessor.tests.VerifyAPI" runstate="Runnable" seed="1571916778" result="Passed" start-time="2018-04-17 12:37:20Z" end-time="2018-04-17 12:37:20Z" duration="0.004486" asserts="2" />
          <test-case id="0-1006" name="OneIn_TwoOut" fullname="dataprocessor.tests.Naive.OneIn_TwoOut" methodname="OneIn_TwoOut" classname="dataprocessor.tests.VerifyAPI" runstate="Runnable" seed="335358310" result="Passed" start-time="2018-04-17 12:37:20Z" end-time="2018-04-17 12:37:20Z" duration="0.003441" asserts="4" />
          <test-case id="0-1007" name="OneIn_ZeroOut" fullname="dataprocessor.tests.Naive.OneIn_ZeroOut" methodname="OneIn_ZeroOut" classname="dataprocessor.tests.VerifyAPI" runstate="Runnable" seed="1176857897" result="Passed" start-time="2018-04-17 12:37:20Z" end-time="2018-04-17 12:37:20Z" duration="0.000288" asserts="0" />
          <test-case id="0-1010" name="Processor_Chained" fullname="dataprocessor.tests.Naive.Processor_Chained" methodname="Processor_Chained" classname="dataprocessor.tests.VerifyAPI" runstate="Runnable" seed="1032643467" result="Passed" start-time="2018-04-17 12:37:20Z" end-time="2018-04-17 12:37:20Z" duration="0.022436" asserts="3" />
          <test-case id="0-1008" name="Processor_OneIn_OneOut" fullname="dataprocessor.tests.Naive.Processor_OneIn_OneOut" methodname="Processor_OneIn_OneOut" classname="dataprocessor.tests.VerifyAPI" runstate="Runnable" seed="1851216873" result="Passed" start-time="2018-04-17 12:37:20Z" end-time="2018-04-17 12:37:20Z" duration="0.003368" asserts="2" />
          <test-case id="0-1012" name="Processor_Optional" fullname="dataprocessor.tests.Naive.Processor_Optional" methodname="Processor_Optional" classname="dataprocessor.tests.VerifyAPI" runstate="Runnable" seed="560003630" result="Passed" start-time="2018-04-17 12:37:20Z" end-time="2018-04-17 12:37:20Z" duration="0.004425" asserts="4" />
          <test-case id="0-1014" name="Processor_Optional_Chained" fullname="dataprocessor.tests.Naive.Processor_Optional_Chained" methodname="Processor_Optional_Chained" classname="dataprocessor.tests.VerifyAPI" runstate="Runnable" seed="1434593411" result="Passed" start-time="2018-04-17 12:37:20Z" end-time="2018-04-17 12:37:20Z" duration="0.003427" asserts="4" />
          <test-case id="0-1013" name="Processor_Optional_Two" fullname="dataprocessor.tests.Naive.Processor_Optional_Two" methodname="Processor_Optional_Two" classname="dataprocessor.tests.VerifyAPI" runstate="Runnable" seed="1257189882" result="Passed" start-time="2018-04-17 12:37:20Z" end-time="2018-04-17 12:37:20Z" duration="0.005088" asserts="4" />
          <test-case id="0-1011" name="Processor_TwoIn_Chained" fullname="dataprocessor.tests.Naive.Processor_TwoIn_Chained" methodname="Processor_TwoIn_Chained" classname="dataprocessor.tests.VerifyAPI" runstate="Runnable" seed="1072538015" result="Passed" start-time="2018-04-17 12:37:20Z" end-time="2018-04-17 12:37:20Z" duration="0.006961" asserts="2" />
          <test-case id="0-1009" name="Processor_TwoIn_OneOut_SeparatePackets" fullname="dataprocessor.tests.Naive.Processor_TwoIn_OneOut_SeparatePackets" methodname="Processor_TwoIn_OneOut_SeparatePackets" classname="dataprocessor.tests.VerifyAPI" runstate="Runnable" seed="1506429826" result="Passed" start-time="2018-04-17 12:37:20Z" end-time="2018-04-17 12:37:20Z" duration="0.002611" asserts="4" />
          <test-case id="0-1004" name="TwoIn_OneOut" fullname="dataprocessor.tests.Naive.TwoIn_OneOut" methodname="TwoIn_OneOut" classname="dataprocessor.tests.VerifyAPI" runstate="Runnable" seed="233161856" result="Passed" start-time="2018-04-17 12:37:20Z" end-time="2018-04-17 12:37:20Z" duration="0.001109" asserts="2" />
        </test-suite>
        <test-suite type="TestFixture" id="0-1097" name="NodeTests" fullname="dataprocessor.tests.NodeTests" classname="dataprocessor.tests.NodeTests" runstate="Runnable" testcasecount="253" result="Passed" start-time="2018-04-17 12:37:20Z" end-time="2018-04-17 12:37:23Z" duration="2.646426" total="253" passed="253" failed="0" warnings="0" inconclusive="0" skipped="0" asserts="4611">
          <test-case id="0-1223" name="GetTypeFor_Throws" fullname="dataprocessor.tests.NodeTests.GetTypeFor_Throws" methodname="GetTypeFor_Throws" classname="dataprocessor.tests.NodeTests" runstate="Runnable" seed="1299505054" result="Passed" start-time="2018-04-17 12:37:20Z" end-time="2018-04-17 12:37:20Z" duration="0.027809" asserts="12" />
          <test-case id="0-1256" name="GetTypeFor10" fullname="dataprocessor.tests.NodeTests.GetTypeFor10" methodname="GetTypeFor10" classname="dataprocessor.tests.NodeTests" runstate="Runnable" seed="143654585" result="Passed" start-time="2018-04-17 12:37:20Z" end-time="2018-04-17 12:37:20Z" duration="0.002195" asserts="2" />
          <test-case id="0-1260" name="GetTypeFor11" fullname="dataprocessor.tests.NodeTests.GetTypeFor11" methodname="GetTypeFor11" classname="dataprocessor.tests.NodeTests" runstate="Runnable" seed="1681294570" result="Passed" start-time="2018-04-17 12:37:20Z" end-time="2018-04-17 12:37:20Z" duration="0.002261" asserts="2" />
          <test-case id="0-1264" name="GetTypeFor12" fullname="dataprocessor.tests.NodeTests.GetTypeFor12" methodname="GetTypeFor12" classname="dataprocessor.tests.NodeTests" runstate="Runnable" seed="439389707" result="Passed" start-time="2018-04-17 12:37:20Z" end-time="2018-04-17 12:37:20Z" duration="0.001817" asserts="2" />
          <test-case id="0-1268" name="GetTypeFor13" fullname="dataprocessor.tests.NodeTests.GetTypeFor13" methodname="GetTypeFor13" classname="dataprocessor.tests.NodeTests" runstate="Runnable" seed="440103104" result="Passed" start-time="2018-04-17 12:37:20Z" end-time="2018-04-17 12:37:20Z" duration="0.002131" asserts="2" />
          <test-case id="0-1272" name="GetTypeFor14" fullname="dataprocessor.tests.NodeTests.GetTypeFor14" methodname="GetTypeFor14" classname="dataprocessor.tests.NodeTests" runstate="Runnable" seed="163290308" result="Passed" start-time="2018-04-17 12:37:20Z" end-time="2018-04-17 12:37:20Z" duration="0.006135" asserts="2" />
[...]
          <test-case id="0-1322" name="SetValues26" fullname="dataprocessor.tests.NodeTests.SetValues26" methodname="SetValues26" classname="dataprocessor.tests.NodeTests" runstate="Runnable" seed="1374308971" result="Passed" start-time="2018-04-17 12:37:22Z" end-time="2018-04-17 12:37:22Z" duration="0.002826" asserts="27" />
          <test-case id="0-1326" name="SetValues27" fullname="dataprocessor.tests.NodeTests.SetValues27" methodname="SetValues27" classname="dataprocessor.tests.NodeTests" runstate="Runnable" seed="1370032370" result="Passed" start-time="2018-04-17 12:37:22Z" end-time="2018-04-17 12:37:22Z" duration="0.005697" asserts="28" />
          <test-case id="0-1330" name="SetValues28" fullname="dataprocessor.tests.NodeTests.SetValues28" methodname="SetValues28" classname="dataprocessor.tests.NodeTests" runstate="Runnable" seed="579923113" result="Passed" start-time="2018-04-17 12:37:22Z" end-time="2018-04-17 12:37:22Z" duration="0.003818" asserts="29" />
          <test-case id="0-1334" name="SetValues29" fullname="dataprocessor.tests.NodeTests.SetValues29" methodname="SetValues29" classname="dataprocessor.tests.NodeTests" runstate="Runnable" seed="2111648469" result="Passed" start-time="2018-04-17 12:37:22Z" end-time="2018-04-17 12:37:22Z" duration="0.004395" asserts="30" />
          <test-case id="0-1230" name="SetValues3" fullname="dataprocessor.tests.NodeTests.SetValues3" methodname="SetValues3" classname="dataprocessor.tests.NodeTests" runstate="Runnable" seed="99104487" result="Passed" start-time="2018-04-17 12:37:22Z" end-time="2018-04-17 12:37:22Z" duration="0.001531" asserts="4" />
          <test-case id="0-1338" name="SetValues30" fullname="dataprocessor.tests.NodeTests.SetValues30" methodname="SetValues30" classname="dataprocessor.tests.NodeTests" runstate="Runnable" seed="2108384110" result="Passed" start-time="2018-04-17 12:37:22Z" end-time="2018-04-17 12:37:22Z" duration="0.006988" asserts="31" />
          <test-case id="0-1342" name="SetValues31" fullname="dataprocessor.tests.NodeTests.SetValues31" methodname="SetValues31" classname="dataprocessor.tests.NodeTests" runstate="Runnable" seed="495184340" result="Passed" start-time="2018-04-17 12:37:22Z" end-time="2018-04-17 12:37:22Z" duration="0.004988" asserts="32" />
          <test-case id="0-1346" name="SetValues32" fullname="dataprocessor.tests.NodeTests.SetValues32" methodname="SetValues32" classname="dataprocessor.tests.NodeTests" runstate="Runnable" seed="1802010967" result="Passed" start-time="2018-04-17 12:37:22Z" end-time="2018-04-17 12:37:22Z" duration="0.004607" asserts="33" />
          <test-case id="0-1350" name="SetValues33" fullname="dataprocessor.tests.NodeTests.SetValues33" methodname="SetValues33" classname="dataprocessor.tests.NodeTests" runstate="Runnable" seed="1945322537" result="Passed" start-time="2018-04-17 12:37:22Z" end-time="2018-04-17 12:37:22Z" duration="0.004395" asserts="34" />
          <test-case id="0-1101" name="SetValues34" fullname="dataprocessor.tests.NodeTests.SetValues34" methodname="SetValues34" classname="dataprocessor.tests.NodeTests" runstate="Runnable" seed="1177806408" result="Passed" start-time="2018-04-17 12:37:22Z" end-time="2018-04-17 12:37:22Z" duration="0.005522" asserts="35" />
          <test-case id="0-1105" name="SetValues35" fullname="dataprocessor.tests.NodeTests.SetValues35" methodname="SetValues35" classname="dataprocessor.tests.NodeTests" runstate="Runnable" seed="896238353" result="Passed" start-time="2018-04-17 12:37:22Z" end-time="2018-04-17 12:37:22Z" duration="0.006891" asserts="36" />
          <test-case id="0-1109" name="SetValues36" fullname="dataprocessor.tests.NodeTests.SetValues36" methodname="SetValues36" classname="dataprocessor.tests.NodeTests" runstate="Runnable" seed="60728085" result="Passed" start-time="2018-04-17 12:37:22Z" end-time="2018-04-17 12:37:22Z" duration="0.004704" asserts="37" />
          <test-case id="0-1113" name="SetValues37" fullname="dataprocessor.tests.NodeTests.SetValues37" methodname="SetValues37" classname="dataprocessor.tests.NodeTests" runstate="Runnable" seed="222803893" result="Passed" start-time="2018-04-17 12:37:22Z" end-time="2018-04-17 12:37:22Z" duration="0.004750" asserts="38" />
          <test-case id="0-1117" name="SetValues38" fullname="dataprocessor.tests.NodeTests.SetValues38" methodname="SetValues38" classname="dataprocessor.tests.NodeTests" runstate="Runnable" seed="633598355" result="Passed" start-time="2018-04-17 12:37:22Z" end-time="2018-04-17 12:37:22Z" duration="0.005788" asserts="39" />
          <test-case id="0-1121" name="SetValues39" fullname="dataprocessor.tests.NodeTests.SetValues39" methodname="SetValues39" classname="dataprocessor.tests.NodeTests" runstate="Runnable" seed="1700803165" result="Passed" start-time="2018-04-17 12:37:22Z" end-time="2018-04-17 12:37:22Z" duration="0.005855" asserts="40" />
          <test-case id="0-1234" name="SetValues4" fullname="dataprocessor.tests.NodeTests.SetValues4" methodname="SetValues4" classname="dataprocessor.tests.NodeTests" runstate="Runnable" seed="1652715913" result="Passed" start-time="2018-04-17 12:37:22Z" end-time="2018-04-17 12:37:22Z" duration="0.001101" asserts="5" />
          <test-case id="0-1125" name="SetValues40" fullname="dataprocessor.tests.NodeTests.SetValues40" methodname="SetValues40" classname="dataprocessor.tests.NodeTests" runstate="Runnable" seed="1115590830" result="Passed" start-time="2018-04-17 12:37:22Z" end-time="2018-04-17 12:37:22Z" duration="0.005463" asserts="41" />
          <test-case id="0-1129" name="SetValues41" fullname="dataprocessor.tests.NodeTests.SetValues41" methodname="SetValues41" classname="dataprocessor.tests.NodeTests" runstate="Runnable" seed="388592124" result="Passed" start-time="2018-04-17 12:37:22Z" end-time="2018-04-17 12:37:22Z" duration="0.005595" asserts="42" />
          <test-case id="0-1133" name="SetValues42" fullname="dataprocessor.tests.NodeTests.SetValues42" methodname="SetValues42" classname="dataprocessor.tests.NodeTests" runstate="Runnable" seed="1001057819" result="Passed" start-time="2018-04-17 12:37:22Z" end-time="2018-04-17 12:37:22Z" duration="0.007113" asserts="43" />
          <test-case id="0-1137" name="SetValues43" fullname="dataprocessor.tests.NodeTests.SetValues43" methodname="SetValues43" classname="dataprocessor.tests.NodeTests" runstate="Runnable" seed="1991216240" result="Passed" start-time="2018-04-17 12:37:22Z" end-time="2018-04-17 12:37:22Z" duration="0.006680" asserts="44" />
          <test-case id="0-1141" name="SetValues44" fullname="dataprocessor.tests.NodeTests.SetValues44" methodname="SetValues44" classname="dataprocessor.tests.NodeTests" runstate="Runnable" seed="1806799576" result="Passed" start-time="2018-04-17 12:37:22Z" end-time="2018-04-17 12:37:22Z" duration="0.006824" asserts="45" />
          <test-case id="0-1145" name="SetValues45" fullname="dataprocessor.tests.NodeTests.SetValues45" methodname="SetValues45" classname="dataprocessor.tests.NodeTests" runstate="Runnable" seed="599375761" result="Passed" start-time="2018-04-17 12:37:22Z" end-time="2018-04-17 12:37:22Z" duration="0.005006" asserts="46" />
          <test-case id="0-1149" name="SetValues46" fullname="dataprocessor.tests.NodeTests.SetValues46" methodname="SetValues46" classname="dataprocessor.tests.NodeTests" runstate="Runnable" seed="671181157" result="Passed" start-time="2018-04-17 12:37:22Z" end-time="2018-04-17 12:37:22Z" duration="0.005530" asserts="47" />
          <test-case id="0-1153" name="SetValues47" fullname="dataprocessor.tests.NodeTests.SetValues47" methodname="SetValues47" classname="dataprocessor.tests.NodeTests" runstate="Runnable" seed="25615317" result="Passed" start-time="2018-04-17 12:37:22Z" end-time="2018-04-17 12:37:22Z" duration="0.012571" asserts="48" />
          <test-case id="0-1157" name="SetValues48" fullname="dataprocessor.tests.NodeTests.SetValues48" methodname="SetValues48" classname="dataprocessor.tests.NodeTests" runstate="Runnable" seed="1673053567" result="Passed" start-time="2018-04-17 12:37:22Z" end-time="2018-04-17 12:37:22Z" duration="0.006520" asserts="49" />
          <test-case id="0-1161" name="SetValues49" fullname="dataprocessor.tests.NodeTests.SetValues49" methodname="SetValues49" classname="dataprocessor.tests.NodeTests" runstate="Runnable" seed="1914956596" result="Passed" start-time="2018-04-17 12:37:22Z" end-time="2018-04-17 12:37:22Z" duration="0.011552" asserts="50" />
          <test-case id="0-1238" name="SetValues5" fullname="dataprocessor.tests.NodeTests.SetValues5" methodname="SetValues5" classname="dataprocessor.tests.NodeTests" runstate="Runnable" seed="23767838" result="Passed" start-time="2018-04-17 12:37:22Z" end-time="2018-04-17 12:37:22Z" duration="0.001464" asserts="6" />
          <test-case id="0-1165" name="SetValues50" fullname="dataprocessor.tests.NodeTests.SetValues50" methodname="SetValues50" classname="dataprocessor.tests.NodeTests" runstate="Runnable" seed="1669087509" result="Passed" start-time="2018-04-17 12:37:22Z" end-time="2018-04-17 12:37:22Z" duration="0.007985" asserts="51" />
          <test-case id="0-1169" name="SetValues51" fullname="dataprocessor.tests.NodeTests.SetValues51" methodname="SetValues51" classname="dataprocessor.tests.NodeTests" runstate="Runnable" seed="49731425" result="Passed" start-time="2018-04-17 12:37:22Z" end-time="2018-04-17 12:37:22Z" duration="0.006124" asserts="52" />
          <test-case id="0-1173" name="SetValues52" fullname="dataprocessor.tests.NodeTests.SetValues52" methodname="SetValues52" classname="dataprocessor.tests.NodeTests" runstate="Runnable" seed="2103806932" result="Passed" start-time="2018-04-17 12:37:22Z" end-time="2018-04-17 12:37:22Z" duration="0.006768" asserts="53" />
          <test-case id="0-1177" name="SetValues53" fullname="dataprocessor.tests.NodeTests.SetValues53" methodname="SetValues53" classname="dataprocessor.tests.NodeTests" runstate="Runnable" seed="67687380" result="Passed" start-time="2018-04-17 12:37:22Z" end-time="2018-04-17 12:37:22Z" duration="0.005108" asserts="54" />
          <test-case id="0-1181" name="SetValues54" fullname="dataprocessor.tests.NodeTests.SetValues54" methodname="SetValues54" classname="dataprocessor.tests.NodeTests" runstate="Runnable" seed="1939313826" result="Passed" start-time="2018-04-17 12:37:22Z" end-time="2018-04-17 12:37:22Z" duration="0.005715" asserts="55" />
          <test-case id="0-1185" name="SetValues55" fullname="dataprocessor.tests.NodeTests.SetValues55" methodname="SetValues55" classname="dataprocessor.tests.NodeTests" runstate="Runnable" seed="962331397" result="Passed" start-time="2018-04-17 12:37:22Z" end-time="2018-04-17 12:37:22Z" duration="0.009792" asserts="56" />
          <test-case id="0-1189" name="SetValues56" fullname="dataprocessor.tests.NodeTests.SetValues56" methodname="SetValues56" classname="dataprocessor.tests.NodeTests" runstate="Runnable" seed="1687350052" result="Passed" start-time="2018-04-17 12:37:22Z" end-time="2018-04-17 12:37:22Z" duration="0.010087" asserts="57" />
          <test-case id="0-1193" name="SetValues57" fullname="dataprocessor.tests.NodeTests.SetValues57" methodname="SetValues57" classname="dataprocessor.tests.NodeTests" runstate="Runnable" seed="1502452671" result="Passed" start-time="2018-04-17 12:37:22Z" end-time="2018-04-17 12:37:23Z" duration="0.012891" asserts="58" />
          <test-case id="0-1197" name="SetValues58" fullname="dataprocessor.tests.NodeTests.SetValues58" methodname="SetValues58" classname="dataprocessor.tests.NodeTests" runstate="Runnable" seed="524536231" result="Passed" start-time="2018-04-17 12:37:23Z" end-time="2018-04-17 12:37:23Z" duration="0.011543" asserts="59" />
          <test-case id="0-1201" name="SetValues59" fullname="dataprocessor.tests.NodeTests.SetValues59" methodname="SetValues59" classname="dataprocessor.tests.NodeTests" runstate="Runnable" seed="1546439536" result="Passed" start-time="2018-04-17 12:37:23Z" end-time="2018-04-17 12:37:23Z" duration="0.013648" asserts="60" />
          <test-case id="0-1242" name="SetValues6" fullname="dataprocessor.tests.NodeTests.SetValues6" methodname="SetValues6" classname="dataprocessor.tests.NodeTests" runstate="Runnable" seed="849417385" result="Passed" start-time="2018-04-17 12:37:23Z" end-time="2018-04-17 12:37:23Z" duration="0.001691" asserts="7" />
          <test-case id="0-1205" name="SetValues60" fullname="dataprocessor.tests.NodeTests.SetValues60" methodname="SetValues60" classname="dataprocessor.tests.NodeTests" runstate="Runnable" seed="61904113" result="Passed" start-time="2018-04-17 12:37:23Z" end-time="2018-04-17 12:37:23Z" duration="0.006476" asserts="61" />
          <test-case id="0-1209" name="SetValues61" fullname="dataprocessor.tests.NodeTests.SetValues61" methodname="SetValues61" classname="dataprocessor.tests.NodeTests" runstate="Runnable" seed="1929199887" result="Passed" start-time="2018-04-17 12:37:23Z" end-time="2018-04-17 12:37:23Z" duration="0.013006" asserts="62" />
          <test-case id="0-1213" name="SetValues62" fullname="dataprocessor.tests.NodeTests.SetValues62" methodname="SetValues62" classname="dataprocessor.tests.NodeTests" runstate="Runnable" seed="1116446983" result="Passed" start-time="2018-04-17 12:37:23Z" end-time="2018-04-17 12:37:23Z" duration="0.007154" asserts="63" />
          <test-case id="0-1217" name="SetValues63" fullname="dataprocessor.tests.NodeTests.SetValues63" methodname="SetValues63" classname="dataprocessor.tests.NodeTests" runstate="Runnable" seed="227372779" result="Passed" start-time="2018-04-17 12:37:23Z" end-time="2018-04-17 12:37:23Z" duration="0.007021" asserts="64" />
          <test-case id="0-1221" name="SetValues64" fullname="dataprocessor.tests.NodeTests.SetValues64" methodname="SetValues64" classname="dataprocessor.tests.NodeTests" runstate="Runnable" seed="1482333375" result="Passed" start-time="2018-04-17 12:37:23Z" end-time="2018-04-17 12:37:23Z" duration="0.007094" asserts="65" />
          <test-case id="0-1246" name="SetValues7" fullname="dataprocessor.tests.NodeTests.SetValues7" methodname="SetValues7" classname="dataprocessor.tests.NodeTests" runstate="Runnable" seed="1471086430" result="Passed" start-time="2018-04-17 12:37:23Z" end-time="2018-04-17 12:37:23Z" duration="0.001341" asserts="8" />
          <test-case id="0-1250" name="SetValues8" fullname="dataprocessor.tests.NodeTests.SetValues8" methodname="SetValues8" classname="dataprocessor.tests.NodeTests" runstate="Runnable" seed="1651337154" result="Passed" start-time="2018-04-17 12:37:23Z" end-time="2018-04-17 12:37:23Z" duration="0.001486" asserts="9" />
          <test-case id="0-1254" name="SetValues9" fullname="dataprocessor.tests.NodeTests.SetValues9" methodname="SetValues9" classname="dataprocessor.tests.NodeTests" runstate="Runnable" seed="1415616537" result="Passed" start-time="2018-04-17 12:37:23Z" end-time="2018-04-17 12:37:23Z" duration="0.001453" asserts="10" />
        </test-suite>
        <test-suite type="TestFixture" id="0-1057" name="VerifyDynamicMethodCompiler" fullname="dataprocessor.tests.VerifyDynamicMethodCompiler" classname="dataprocessor.tests.VerifyDynamicMethodCompiler" runstate="Runnable" testcasecount="4" result="Passed" start-time="2018-04-17 12:37:23Z" end-time="2018-04-17 12:37:23Z" duration="0.007262" total="4" passed="4" failed="0" warnings="0" inconclusive="0" skipped="0" asserts="5">
          <test-case id="0-1058" name="CheckArgs" fullname="dataprocessor.tests.VerifyDynamicMethodCompiler.CheckArgs" methodname="CheckArgs" classname="dataprocessor.tests.VerifyCompiler" runstate="Runnable" seed="544820112" result="Passed" start-time="2018-04-17 12:37:23Z" end-time="2018-04-17 12:37:23Z" duration="0.002175" asserts="2" />
          <test-case id="0-1059" name="CompilesAndRuns" fullname="dataprocessor.tests.VerifyDynamicMethodCompiler.CompilesAndRuns" methodname="CompilesAndRuns" classname="dataprocessor.tests.VerifyCompiler" runstate="Runnable" seed="2034866785" result="Passed" start-time="2018-04-17 12:37:23Z" end-time="2018-04-17 12:37:23Z" duration="0.001514" asserts="1">
            <output><![CDATA[DynamicMethodCompiler.Compile: 0.42ms
]]></output>
          </test-case>
          <test-case id="0-1061" name="FailEarlyIfPrivateMethodsAreNotSupported" fullname="dataprocessor.tests.VerifyDynamicMethodCompiler.FailEarlyIfPrivateMethodsAreNotSupported" methodname="FailEarlyIfPrivateMethodsAreNotSupported" classname="dataprocessor.tests.VerifyCompiler" runstate="Runnable" seed="1730433529" result="Passed" start-time="2018-04-17 12:37:23Z" end-time="2018-04-17 12:37:23Z" duration="0.001836" asserts="1">
            <output><![CDATA[DynamicMethodCompiler.Compile: 0.65ms
]]></output>
          </test-case>
          <test-case id="0-1060" name="SupportsClosures" fullname="dataprocessor.tests.VerifyDynamicMethodCompiler.SupportsClosures" methodname="SupportsClosures" classname="dataprocessor.tests.VerifyCompiler" runstate="Runnable" seed="767709339" result="Passed" start-time="2018-04-17 12:37:23Z" end-time="2018-04-17 12:37:23Z" duration="0.001373" asserts="1">
            <output><![CDATA[DynamicMethodCompiler.Compile: 0.37ms
]]></output>
          </test-case>
        </test-suite>
        <test-suite type="TestFixture" id="0-1062" name="VerifyMethodBuilderCompiler" fullname="dataprocessor.tests.VerifyMethodBuilderCompiler" classname="dataprocessor.tests.VerifyMethodBuilderCompiler" runstate="Runnable" testcasecount="4" result="Passed" start-time="2018-04-17 12:37:23Z" end-time="2018-04-17 12:37:23Z" duration="0.063113" total="4" passed="4" failed="0" warnings="0" inconclusive="0" skipped="0" asserts="4">
          <test-case id="0-1063" name="CheckArgs" fullname="dataprocessor.tests.VerifyMethodBuilderCompiler.CheckArgs" methodname="CheckArgs" classname="dataprocessor.tests.VerifyCompiler" runstate="Runnable" seed="1361568543" result="Passed" start-time="2018-04-17 12:37:23Z" end-time="2018-04-17 12:37:23Z" duration="0.001226" asserts="2" />
          <test-case id="0-1064" name="CompilesAndRuns" fullname="dataprocessor.tests.VerifyMethodBuilderCompiler.CompilesAndRuns" methodname="CompilesAndRuns" classname="dataprocessor.tests.VerifyCompiler" runstate="Runnable" seed="212979949" result="Passed" start-time="2018-04-17 12:37:23Z" end-time="2018-04-17 12:37:23Z" duration="0.001719" asserts="1">
            <output><![CDATA[MethodBuilderCompiler.Compile: 0.65ms
]]></output>
          </test-case>
          <test-case id="0-1066" name="FailEarlyIfPrivateMethodsAreNotSupported" fullname="dataprocessor.tests.VerifyMethodBuilderCompiler.FailEarlyIfPrivateMethodsAreNotSupported" methodname="FailEarlyIfPrivateMethodsAreNotSupported" classname="dataprocessor.tests.VerifyCompiler" runstate="Runnable" seed="1358472737" result="Passed" start-time="2018-04-17 12:37:23Z" end-time="2018-04-17 12:37:23Z" duration="0.054345" asserts="0">
            <output><![CDATA[MethodBuilderCompiler.Compile: 2.26ms
]]></output>
          </test-case>
          <test-case id="0-1065" name="SupportsClosures" fullname="dataprocessor.tests.VerifyMethodBuilderCompiler.SupportsClosures" methodname="SupportsClosures" classname="dataprocessor.tests.VerifyCompiler" runstate="Runnable" seed="1631510995" result="Passed" start-time="2018-04-17 12:37:23Z" end-time="2018-04-17 12:37:23Z" duration="0.004949" asserts="1">
            <output><![CDATA[MethodBuilderCompiler.Compile: 0.72ms
]]></output>
          </test-case>
        </test-suite>
      </test-suite>
    </test-suite>
  </test-suite>
</test-run>